Log directory: /ocean/projects/mth250011p/troemer/skin-lesions/logs/train_ham10000_lesion_white_cnn-40679934
Job started on Fri May  8 14:45:06 EDT 2026
Running on node: gl001.ib.bridges2.psc.edu
Working directory: /ocean/projects/mth250011p/troemer/skin-lesions
Python location: /jet/home/troemer/.conda/envs/stat214/bin/python
Python version: Python 3.14.3
train examples found: 6830
train missing images: 0
val examples found: 1464
val missing images: 0
test examples found: 1464
test missing images: 0
Train counts:
dx
akiec     229
bcc       360
bkl       769
mel       779
nv       4693
Name: count, dtype: int64
Class weights:
akiec: 2.1962
bcc: 1.3970
bkl: 0.6540
mel: 0.6456
nv: 0.1072
CUDA available: True
GPU: NVIDIA L40S
Epoch 1/60 | Train Loss: 1.4407 | Train Acc: 0.3833 | Train Macro F1: 0.2777 | Train Malig Recall: 0.6835 | Val Loss: 1.2108 | Val Acc: 0.5178 | Val Macro F1: 0.4261 | Val Malig Recall: 0.6553
Saved new best model: val_macro_f1=0.4261
Epoch 2/60 | Train Loss: 1.3277 | Train Acc: 0.4962 | Train Macro F1: 0.3528 | Train Malig Recall: 0.6711 | Val Loss: 1.1715 | Val Acc: 0.4980 | Val Macro F1: 0.3789 | Val Malig Recall: 0.8362
Epoch 3/60 | Train Loss: 1.2822 | Train Acc: 0.5139 | Train Macro F1: 0.3665 | Train Malig Recall: 0.7281 | Val Loss: 1.1504 | Val Acc: 0.5150 | Val Macro F1: 0.3947 | Val Malig Recall: 0.7679
Epoch 4/60 | Train Loss: 1.2763 | Train Acc: 0.5139 | Train Macro F1: 0.3719 | Train Malig Recall: 0.7405 | Val Loss: 1.2182 | Val Acc: 0.4863 | Val Macro F1: 0.3729 | Val Malig Recall: 0.7406
Epoch 5/60 | Train Loss: 1.2598 | Train Acc: 0.5190 | Train Macro F1: 0.3752 | Train Malig Recall: 0.7171 | Val Loss: 1.2067 | Val Acc: 0.4932 | Val Macro F1: 0.3968 | Val Malig Recall: 0.5700
Epoch 6/60 | Train Loss: 1.2575 | Train Acc: 0.5182 | Train Macro F1: 0.3785 | Train Malig Recall: 0.7295 | Val Loss: 1.1416 | Val Acc: 0.5663 | Val Macro F1: 0.4168 | Val Malig Recall: 0.8498
Epoch 7/60 | Train Loss: 1.2493 | Train Acc: 0.5340 | Train Macro F1: 0.3824 | Train Malig Recall: 0.7442 | Val Loss: 1.1682 | Val Acc: 0.5471 | Val Macro F1: 0.4160 | Val Malig Recall: 0.7031
Epoch 8/60 | Train Loss: 1.2522 | Train Acc: 0.5252 | Train Macro F1: 0.3869 | Train Malig Recall: 0.7500 | Val Loss: 1.1326 | Val Acc: 0.5239 | Val Macro F1: 0.4156 | Val Malig Recall: 0.7577
Epoch 9/60 | Train Loss: 1.2406 | Train Acc: 0.5228 | Train Macro F1: 0.3858 | Train Malig Recall: 0.7281 | Val Loss: 1.1485 | Val Acc: 0.5294 | Val Macro F1: 0.3888 | Val Malig Recall: 0.8908
Epoch 10/60 | Train Loss: 1.2198 | Train Acc: 0.5300 | Train Macro F1: 0.3955 | Train Malig Recall: 0.7719 | Val Loss: 1.1362 | Val Acc: 0.5225 | Val Macro F1: 0.4147 | Val Malig Recall: 0.8191
Epoch 11/60 | Train Loss: 1.2265 | Train Acc: 0.5387 | Train Macro F1: 0.3950 | Train Malig Recall: 0.7493 | Val Loss: 1.1413 | Val Acc: 0.5342 | Val Macro F1: 0.4091 | Val Malig Recall: 0.7577
Early stopping triggered after 11 epochs.
Test Loss: 1.2475
Test Accuracy: 0.5287
Test Macro F1: 0.3946
Test Balanced Acc: 0.4760
Test Malignant Recall: 0.5939
Test Malignant Specificity: 0.7720
Saved predictions to /ocean/projects/mth250011p/troemer/skin-lesions/preds/basic_cnn_lesion_white_test_predictions.csv
Saved metrics to /ocean/projects/mth250011p/troemer/skin-lesions/preds/basic_cnn_lesion_white_test_metrics.csv
Job finished on Fri May  8 14:48:43 EDT 2026
