Log directory: /ocean/projects/mth250011p/troemer/skin-lesions/logs/train_ham10000_full_image_cnn-40738558
Job started on Mon May 11 01:52:05 EDT 2026
Running on node: w005.ib.bridges2.psc.edu
Working directory: /ocean/projects/mth250011p/troemer/skin-lesions
Python location: /jet/home/troemer/.conda/envs/stat214/bin/python
Python version: Python 3.14.3
train examples found: 6830
train missing images: 0
val examples found: 1464
val missing images: 0
test examples found: 1464
test missing images: 0
Train counts:
dx
akiec     229
bcc       360
bkl       769
mel       779
nv       4693
Name: count, dtype: int64
Binary train counts:
binary_class
benign       5462
malignant    1368
Name: count, dtype: int64
BCE pos_weight (negatives / positives): 3.9927
CUDA available: True
GPU: NVIDIA H100 80GB HBM3
Trainable parameters: 1239777
Epoch 1/60 | Train Loss: 1.0500 | Val Loss: 0.9575 | Val Threshold: 0.2854 | Val Sens: 0.9010 | Val Spec: 0.5064
Saved new best model: val_specificity=0.5064
Epoch 2/60 | Train Loss: 0.9850 | Val Loss: 0.8663 | Val Threshold: 0.4007 | Val Sens: 0.9010 | Val Spec: 0.5226
Saved new best model: val_specificity=0.5226
Epoch 3/60 | Train Loss: 0.9343 | Val Loss: 0.7790 | Val Threshold: 0.5491 | Val Sens: 0.9010 | Val Spec: 0.5884
Saved new best model: val_specificity=0.5884
Epoch 4/60 | Train Loss: 0.8915 | Val Loss: 0.7682 | Val Threshold: 0.4882 | Val Sens: 0.9010 | Val Spec: 0.5909
Saved new best model: val_specificity=0.5909
Epoch 5/60 | Train Loss: 0.8806 | Val Loss: 0.7540 | Val Threshold: 0.4916 | Val Sens: 0.9010 | Val Spec: 0.6354
Saved new best model: val_specificity=0.6354
Epoch 6/60 | Train Loss: 0.8496 | Val Loss: 0.7661 | Val Threshold: 0.5524 | Val Sens: 0.9010 | Val Spec: 0.6046
Epoch 7/60 | Train Loss: 0.8638 | Val Loss: 0.7805 | Val Threshold: 0.5130 | Val Sens: 0.9010 | Val Spec: 0.6003
Epoch 8/60 | Train Loss: 0.8408 | Val Loss: 0.7436 | Val Threshold: 0.5671 | Val Sens: 0.9010 | Val Spec: 0.6234
Epoch 9/60 | Train Loss: 0.8288 | Val Loss: 0.7391 | Val Threshold: 0.4079 | Val Sens: 0.9010 | Val Spec: 0.6336
Epoch 10/60 | Train Loss: 0.8317 | Val Loss: 0.7418 | Val Threshold: 0.5049 | Val Sens: 0.9010 | Val Spec: 0.6260
Epoch 11/60 | Train Loss: 0.8196 | Val Loss: 0.7563 | Val Threshold: 0.4668 | Val Sens: 0.9010 | Val Spec: 0.5884
Epoch 12/60 | Train Loss: 0.8193 | Val Loss: 0.7352 | Val Threshold: 0.4668 | Val Sens: 0.9010 | Val Spec: 0.6191
Epoch 13/60 | Train Loss: 0.8127 | Val Loss: 0.7330 | Val Threshold: 0.5054 | Val Sens: 0.9010 | Val Spec: 0.6516
Saved new best model: val_specificity=0.6516
Epoch 14/60 | Train Loss: 0.7978 | Val Loss: 0.7370 | Val Threshold: 0.5519 | Val Sens: 0.9010 | Val Spec: 0.6601
Saved new best model: val_specificity=0.6601
Epoch 15/60 | Train Loss: 0.7989 | Val Loss: 0.7314 | Val Threshold: 0.5108 | Val Sens: 0.9010 | Val Spec: 0.6507
Epoch 16/60 | Train Loss: 0.7984 | Val Loss: 0.7354 | Val Threshold: 0.5521 | Val Sens: 0.9010 | Val Spec: 0.6422
Epoch 17/60 | Train Loss: 0.7992 | Val Loss: 0.7309 | Val Threshold: 0.5885 | Val Sens: 0.9010 | Val Spec: 0.6712
Saved new best model: val_specificity=0.6712
Epoch 18/60 | Train Loss: 0.7913 | Val Loss: 0.7454 | Val Threshold: 0.4343 | Val Sens: 0.9010 | Val Spec: 0.6260
Epoch 19/60 | Train Loss: 0.7808 | Val Loss: 0.7380 | Val Threshold: 0.5936 | Val Sens: 0.9010 | Val Spec: 0.6627
Epoch 20/60 | Train Loss: 0.8015 | Val Loss: 0.7296 | Val Threshold: 0.4495 | Val Sens: 0.9010 | Val Spec: 0.6533
Epoch 21/60 | Train Loss: 0.7813 | Val Loss: 0.7269 | Val Threshold: 0.4949 | Val Sens: 0.9010 | Val Spec: 0.6473
Epoch 22/60 | Train Loss: 0.7704 | Val Loss: 0.7071 | Val Threshold: 0.4566 | Val Sens: 0.9010 | Val Spec: 0.6652
Epoch 23/60 | Train Loss: 0.7780 | Val Loss: 0.7137 | Val Threshold: 0.4854 | Val Sens: 0.9010 | Val Spec: 0.6482
Epoch 24/60 | Train Loss: 0.7824 | Val Loss: 0.7104 | Val Threshold: 0.5118 | Val Sens: 0.9010 | Val Spec: 0.6721
Saved new best model: val_specificity=0.6721
Epoch 25/60 | Train Loss: 0.7687 | Val Loss: 0.7183 | Val Threshold: 0.4529 | Val Sens: 0.9010 | Val Spec: 0.6516
Epoch 26/60 | Train Loss: 0.7760 | Val Loss: 0.6996 | Val Threshold: 0.4758 | Val Sens: 0.9010 | Val Spec: 0.6789
Saved new best model: val_specificity=0.6789
Epoch 27/60 | Train Loss: 0.7666 | Val Loss: 0.7078 | Val Threshold: 0.4768 | Val Sens: 0.9010 | Val Spec: 0.6499
Epoch 28/60 | Train Loss: 0.7687 | Val Loss: 0.7193 | Val Threshold: 0.4526 | Val Sens: 0.9010 | Val Spec: 0.6490
Epoch 29/60 | Train Loss: 0.7733 | Val Loss: 0.7019 | Val Threshold: 0.5165 | Val Sens: 0.9010 | Val Spec: 0.6695
Epoch 30/60 | Train Loss: 0.7568 | Val Loss: 0.6988 | Val Threshold: 0.5202 | Val Sens: 0.9010 | Val Spec: 0.6670
Epoch 31/60 | Train Loss: 0.7737 | Val Loss: 0.6895 | Val Threshold: 0.5083 | Val Sens: 0.9010 | Val Spec: 0.6652
Epoch 32/60 | Train Loss: 0.7545 | Val Loss: 0.7181 | Val Threshold: 0.4413 | Val Sens: 0.9010 | Val Spec: 0.6362
Epoch 33/60 | Train Loss: 0.7521 | Val Loss: 0.6949 | Val Threshold: 0.4730 | Val Sens: 0.9010 | Val Spec: 0.6729
Epoch 34/60 | Train Loss: 0.7527 | Val Loss: 0.7013 | Val Threshold: 0.5166 | Val Sens: 0.9010 | Val Spec: 0.6670
Epoch 35/60 | Train Loss: 0.7636 | Val Loss: 0.6953 | Val Threshold: 0.4635 | Val Sens: 0.9010 | Val Spec: 0.6738
Epoch 36/60 | Train Loss: 0.7388 | Val Loss: 0.6902 | Val Threshold: 0.5085 | Val Sens: 0.9010 | Val Spec: 0.6892
Saved new best model: val_specificity=0.6892
Epoch 37/60 | Train Loss: 0.7464 | Val Loss: 0.6894 | Val Threshold: 0.4878 | Val Sens: 0.9010 | Val Spec: 0.6738
Epoch 38/60 | Train Loss: 0.7418 | Val Loss: 0.6993 | Val Threshold: 0.5212 | Val Sens: 0.9010 | Val Spec: 0.6704
Epoch 39/60 | Train Loss: 0.7472 | Val Loss: 0.6951 | Val Threshold: 0.4351 | Val Sens: 0.9010 | Val Spec: 0.6798
Epoch 40/60 | Train Loss: 0.7350 | Val Loss: 0.6831 | Val Threshold: 0.4696 | Val Sens: 0.9010 | Val Spec: 0.6755
Epoch 41/60 | Train Loss: 0.7318 | Val Loss: 0.6829 | Val Threshold: 0.4168 | Val Sens: 0.9010 | Val Spec: 0.6729
Epoch 42/60 | Train Loss: 0.7382 | Val Loss: 0.6828 | Val Threshold: 0.4003 | Val Sens: 0.9010 | Val Spec: 0.6695
Epoch 43/60 | Train Loss: 0.7298 | Val Loss: 0.6817 | Val Threshold: 0.5289 | Val Sens: 0.9010 | Val Spec: 0.6763
Epoch 44/60 | Train Loss: 0.7356 | Val Loss: 0.6746 | Val Threshold: 0.4557 | Val Sens: 0.9010 | Val Spec: 0.6909
Saved new best model: val_specificity=0.6909
Epoch 45/60 | Train Loss: 0.7287 | Val Loss: 0.6818 | Val Threshold: 0.5025 | Val Sens: 0.9010 | Val Spec: 0.6866
Epoch 46/60 | Train Loss: 0.7304 | Val Loss: 0.6776 | Val Threshold: 0.4231 | Val Sens: 0.9010 | Val Spec: 0.6763
Epoch 47/60 | Train Loss: 0.7161 | Val Loss: 0.6792 | Val Threshold: 0.4102 | Val Sens: 0.9010 | Val Spec: 0.6755
Epoch 48/60 | Train Loss: 0.7339 | Val Loss: 0.6759 | Val Threshold: 0.4923 | Val Sens: 0.9010 | Val Spec: 0.6977
Saved new best model: val_specificity=0.6977
Epoch 49/60 | Train Loss: 0.7259 | Val Loss: 0.6745 | Val Threshold: 0.4432 | Val Sens: 0.9010 | Val Spec: 0.6781
Epoch 50/60 | Train Loss: 0.7367 | Val Loss: 0.6759 | Val Threshold: 0.4618 | Val Sens: 0.9010 | Val Spec: 0.7003
Saved new best model: val_specificity=0.7003
Epoch 51/60 | Train Loss: 0.7304 | Val Loss: 0.6740 | Val Threshold: 0.4904 | Val Sens: 0.9010 | Val Spec: 0.6985
Epoch 52/60 | Train Loss: 0.7180 | Val Loss: 0.6780 | Val Threshold: 0.4640 | Val Sens: 0.9010 | Val Spec: 0.6951
Epoch 53/60 | Train Loss: 0.7286 | Val Loss: 0.6722 | Val Threshold: 0.4697 | Val Sens: 0.9010 | Val Spec: 0.6883
Epoch 54/60 | Train Loss: 0.7048 | Val Loss: 0.6710 | Val Threshold: 0.5028 | Val Sens: 0.9010 | Val Spec: 0.7054
Saved new best model: val_specificity=0.7054
Epoch 55/60 | Train Loss: 0.7359 | Val Loss: 0.6715 | Val Threshold: 0.4623 | Val Sens: 0.9010 | Val Spec: 0.6960
Epoch 56/60 | Train Loss: 0.7104 | Val Loss: 0.6735 | Val Threshold: 0.4584 | Val Sens: 0.9010 | Val Spec: 0.6883
Epoch 57/60 | Train Loss: 0.7174 | Val Loss: 0.6726 | Val Threshold: 0.4855 | Val Sens: 0.9010 | Val Spec: 0.6960
Epoch 58/60 | Train Loss: 0.7178 | Val Loss: 0.6725 | Val Threshold: 0.4672 | Val Sens: 0.9010 | Val Spec: 0.6900
Epoch 59/60 | Train Loss: 0.7276 | Val Loss: 0.6721 | Val Threshold: 0.4975 | Val Sens: 0.9010 | Val Spec: 0.6951
Epoch 60/60 | Train Loss: 0.7155 | Val Loss: 0.6722 | Val Threshold: 0.4750 | Val Sens: 0.9010 | Val Spec: 0.6926
Validation threshold: 0.5028
Validation sensitivity: 0.9010
Validation specificity: 0.7054
Test Loss: 0.6573
Test Accuracy: 0.7486
Test Precision: 0.4336
Test Sensitivity: 0.8362
Test Specificity: 0.7267
Test F1: 0.5711
Test Balanced Acc: 0.7815
Threshold: 0.5028
Saved predictions to /ocean/projects/mth250011p/troemer/skin-lesions/preds/basic_cnn_test_predictions.csv
Saved metrics to /ocean/projects/mth250011p/troemer/skin-lesions/metrics/basic_cnn_test_metrics.csv
Job finished on Mon May 11 02:41:25 EDT 2026
