Log directory: /ocean/projects/mth250011p/troemer/skin-lesions/logs/train_ham10000_full_image_vit-40732284
Job started on Sun May 10 23:20:00 EDT 2026
Running on node: v008.ib.bridges2.psc.edu
Working directory: /ocean/projects/mth250011p/troemer/skin-lesions
Python location: /jet/home/troemer/.conda/envs/stat214/bin/python
Python version: Python 3.14.3
train examples found: 6830
train missing images: 0
val examples found: 1464
val missing images: 0
test examples found: 1464
test missing images: 0
Train counts:
dx
akiec     229
bcc       360
bkl       769
mel       779
nv       4693
Name: count, dtype: int64
Binary train counts:
binary_class
benign       5462
malignant    1368
Name: count, dtype: int64
BCE pos_weight (negatives / positives): 3.9927
CUDA available: True
GPU: Tesla V100-SXM2-32GB
Trainable parameters: 2043073
Epoch 1/60 | Train Loss: 1.0343 | Val Loss: 1.0757 | Val Threshold: 0.4711 | Val Sens: 0.9010 | Val Spec: 0.2630
Saved new best model: val_specificity=0.2630
Epoch 2/60 | Train Loss: 0.9905 | Val Loss: 0.9007 | Val Threshold: 0.5123 | Val Sens: 0.9010 | Val Spec: 0.5192
Saved new best model: val_specificity=0.5192
Epoch 3/60 | Train Loss: 0.9528 | Val Loss: 0.8521 | Val Threshold: 0.5228 | Val Sens: 0.9010 | Val Spec: 0.5517
Saved new best model: val_specificity=0.5517
Epoch 4/60 | Train Loss: 0.9422 | Val Loss: 0.8531 | Val Threshold: 0.5174 | Val Sens: 0.9010 | Val Spec: 0.5260
Epoch 5/60 | Train Loss: 0.9134 | Val Loss: 0.9887 | Val Threshold: 0.1679 | Val Sens: 0.9010 | Val Spec: 0.5158
Epoch 6/60 | Train Loss: 0.9026 | Val Loss: 0.8135 | Val Threshold: 0.5203 | Val Sens: 0.9010 | Val Spec: 0.5568
Saved new best model: val_specificity=0.5568
Epoch 7/60 | Train Loss: 0.9082 | Val Loss: 0.8193 | Val Threshold: 0.5490 | Val Sens: 0.9010 | Val Spec: 0.5337
Epoch 8/60 | Train Loss: 0.9027 | Val Loss: 0.9179 | Val Threshold: 0.5216 | Val Sens: 0.9010 | Val Spec: 0.4586
Epoch 9/60 | Train Loss: 0.8874 | Val Loss: 0.7991 | Val Threshold: 0.4705 | Val Sens: 0.9010 | Val Spec: 0.5969
Saved new best model: val_specificity=0.5969
Epoch 10/60 | Train Loss: 0.8791 | Val Loss: 0.7909 | Val Threshold: 0.5661 | Val Sens: 0.9010 | Val Spec: 0.5892
Epoch 11/60 | Train Loss: 0.8753 | Val Loss: 0.8503 | Val Threshold: 0.2743 | Val Sens: 0.9010 | Val Spec: 0.5653
Epoch 12/60 | Train Loss: 0.8668 | Val Loss: 0.7909 | Val Threshold: 0.4512 | Val Sens: 0.9010 | Val Spec: 0.5747
Epoch 13/60 | Train Loss: 0.8517 | Val Loss: 0.7939 | Val Threshold: 0.5018 | Val Sens: 0.9010 | Val Spec: 0.6277
Saved new best model: val_specificity=0.6277
Epoch 14/60 | Train Loss: 0.8467 | Val Loss: 0.7801 | Val Threshold: 0.3851 | Val Sens: 0.9010 | Val Spec: 0.5892
Epoch 15/60 | Train Loss: 0.8342 | Val Loss: 0.8166 | Val Threshold: 0.3547 | Val Sens: 0.9010 | Val Spec: 0.5645
Epoch 16/60 | Train Loss: 0.8643 | Val Loss: 0.7787 | Val Threshold: 0.4367 | Val Sens: 0.9010 | Val Spec: 0.6430
Saved new best model: val_specificity=0.6430
Epoch 17/60 | Train Loss: 0.8395 | Val Loss: 0.8393 | Val Threshold: 0.3369 | Val Sens: 0.9010 | Val Spec: 0.5491
Epoch 18/60 | Train Loss: 0.8336 | Val Loss: 0.7494 | Val Threshold: 0.5784 | Val Sens: 0.9010 | Val Spec: 0.6550
Saved new best model: val_specificity=0.6550
Epoch 19/60 | Train Loss: 0.8185 | Val Loss: 0.7514 | Val Threshold: 0.4745 | Val Sens: 0.9010 | Val Spec: 0.6328
Epoch 20/60 | Train Loss: 0.8260 | Val Loss: 0.7269 | Val Threshold: 0.5607 | Val Sens: 0.9010 | Val Spec: 0.6618
Saved new best model: val_specificity=0.6618
Epoch 21/60 | Train Loss: 0.8228 | Val Loss: 0.7314 | Val Threshold: 0.4723 | Val Sens: 0.9010 | Val Spec: 0.6533
Epoch 22/60 | Train Loss: 0.8104 | Val Loss: 0.7289 | Val Threshold: 0.4920 | Val Sens: 0.9010 | Val Spec: 0.6516
Epoch 23/60 | Train Loss: 0.8157 | Val Loss: 0.7299 | Val Threshold: 0.4423 | Val Sens: 0.9010 | Val Spec: 0.6985
Saved new best model: val_specificity=0.6985
Epoch 24/60 | Train Loss: 0.8010 | Val Loss: 0.7426 | Val Threshold: 0.6263 | Val Sens: 0.9010 | Val Spec: 0.6729
Epoch 25/60 | Train Loss: 0.8000 | Val Loss: 0.7314 | Val Threshold: 0.5035 | Val Sens: 0.9010 | Val Spec: 0.6319
Epoch 26/60 | Train Loss: 0.8107 | Val Loss: 0.7006 | Val Threshold: 0.4196 | Val Sens: 0.9010 | Val Spec: 0.6909
Epoch 27/60 | Train Loss: 0.7964 | Val Loss: 0.7939 | Val Threshold: 0.3670 | Val Sens: 0.9010 | Val Spec: 0.6132
Epoch 28/60 | Train Loss: 0.7962 | Val Loss: 0.7183 | Val Threshold: 0.5862 | Val Sens: 0.9010 | Val Spec: 0.6721
Epoch 29/60 | Train Loss: 0.7917 | Val Loss: 0.7048 | Val Threshold: 0.4830 | Val Sens: 0.9010 | Val Spec: 0.6832
Epoch 30/60 | Train Loss: 0.7829 | Val Loss: 0.7058 | Val Threshold: 0.4519 | Val Sens: 0.9010 | Val Spec: 0.6977
Epoch 31/60 | Train Loss: 0.7954 | Val Loss: 0.7234 | Val Threshold: 0.5085 | Val Sens: 0.9010 | Val Spec: 0.6687
Epoch 32/60 | Train Loss: 0.7864 | Val Loss: 0.7144 | Val Threshold: 0.4883 | Val Sens: 0.9010 | Val Spec: 0.6746
Epoch 33/60 | Train Loss: 0.7695 | Val Loss: 0.7270 | Val Threshold: 0.5542 | Val Sens: 0.9010 | Val Spec: 0.6567
Epoch 34/60 | Train Loss: 0.7671 | Val Loss: 0.7703 | Val Threshold: 0.3075 | Val Sens: 0.9010 | Val Spec: 0.6149
Epoch 35/60 | Train Loss: 0.7789 | Val Loss: 0.6956 | Val Threshold: 0.5693 | Val Sens: 0.9010 | Val Spec: 0.7003
Saved new best model: val_specificity=0.7003
Epoch 36/60 | Train Loss: 0.7712 | Val Loss: 0.7023 | Val Threshold: 0.4662 | Val Sens: 0.9010 | Val Spec: 0.6695
Epoch 37/60 | Train Loss: 0.7722 | Val Loss: 0.7191 | Val Threshold: 0.5946 | Val Sens: 0.9010 | Val Spec: 0.6781
Epoch 38/60 | Train Loss: 0.7475 | Val Loss: 0.6900 | Val Threshold: 0.5431 | Val Sens: 0.9010 | Val Spec: 0.6960
Epoch 39/60 | Train Loss: 0.7527 | Val Loss: 0.7060 | Val Threshold: 0.5558 | Val Sens: 0.9010 | Val Spec: 0.6755
Epoch 40/60 | Train Loss: 0.7585 | Val Loss: 0.6976 | Val Threshold: 0.4824 | Val Sens: 0.9010 | Val Spec: 0.6729
Epoch 41/60 | Train Loss: 0.7685 | Val Loss: 0.7061 | Val Threshold: 0.5356 | Val Sens: 0.9010 | Val Spec: 0.6772
Epoch 42/60 | Train Loss: 0.7460 | Val Loss: 0.7298 | Val Threshold: 0.4806 | Val Sens: 0.9010 | Val Spec: 0.6652
Epoch 43/60 | Train Loss: 0.7634 | Val Loss: 0.6797 | Val Threshold: 0.5008 | Val Sens: 0.9010 | Val Spec: 0.6951
Epoch 44/60 | Train Loss: 0.7525 | Val Loss: 0.6819 | Val Threshold: 0.5465 | Val Sens: 0.9010 | Val Spec: 0.7054
Saved new best model: val_specificity=0.7054
Epoch 45/60 | Train Loss: 0.7471 | Val Loss: 0.6765 | Val Threshold: 0.5289 | Val Sens: 0.9010 | Val Spec: 0.7020
Epoch 46/60 | Train Loss: 0.7404 | Val Loss: 0.6815 | Val Threshold: 0.5894 | Val Sens: 0.9010 | Val Spec: 0.7028
Epoch 47/60 | Train Loss: 0.7373 | Val Loss: 0.6891 | Val Threshold: 0.5321 | Val Sens: 0.9010 | Val Spec: 0.6951
Epoch 48/60 | Train Loss: 0.7351 | Val Loss: 0.6928 | Val Threshold: 0.5501 | Val Sens: 0.9010 | Val Spec: 0.6977
Epoch 49/60 | Train Loss: 0.7265 | Val Loss: 0.7027 | Val Threshold: 0.5763 | Val Sens: 0.9010 | Val Spec: 0.6951
Epoch 50/60 | Train Loss: 0.7193 | Val Loss: 0.6913 | Val Threshold: 0.5578 | Val Sens: 0.9010 | Val Spec: 0.6977
Epoch 51/60 | Train Loss: 0.7344 | Val Loss: 0.6906 | Val Threshold: 0.5505 | Val Sens: 0.9010 | Val Spec: 0.6934
Epoch 52/60 | Train Loss: 0.7263 | Val Loss: 0.6875 | Val Threshold: 0.5605 | Val Sens: 0.9010 | Val Spec: 0.7096
Saved new best model: val_specificity=0.7096
Epoch 53/60 | Train Loss: 0.7329 | Val Loss: 0.6818 | Val Threshold: 0.5441 | Val Sens: 0.9010 | Val Spec: 0.7079
Epoch 54/60 | Train Loss: 0.7264 | Val Loss: 0.6845 | Val Threshold: 0.5716 | Val Sens: 0.9010 | Val Spec: 0.7131
Saved new best model: val_specificity=0.7131
Epoch 55/60 | Train Loss: 0.7199 | Val Loss: 0.6797 | Val Threshold: 0.5550 | Val Sens: 0.9010 | Val Spec: 0.7062
Epoch 56/60 | Train Loss: 0.7251 | Val Loss: 0.6819 | Val Threshold: 0.5511 | Val Sens: 0.9010 | Val Spec: 0.7088
Epoch 57/60 | Train Loss: 0.7233 | Val Loss: 0.6832 | Val Threshold: 0.5450 | Val Sens: 0.9010 | Val Spec: 0.7088
Epoch 58/60 | Train Loss: 0.7258 | Val Loss: 0.6824 | Val Threshold: 0.5474 | Val Sens: 0.9010 | Val Spec: 0.7079
Epoch 59/60 | Train Loss: 0.7239 | Val Loss: 0.6825 | Val Threshold: 0.5484 | Val Sens: 0.9010 | Val Spec: 0.7079
Epoch 60/60 | Train Loss: 0.7281 | Val Loss: 0.6826 | Val Threshold: 0.5492 | Val Sens: 0.9010 | Val Spec: 0.7079
Validation threshold: 0.5716
Validation sensitivity: 0.9010
Validation specificity: 0.7131
Test Loss: 0.7011
Test Accuracy: 0.7561
Test Precision: 0.4429
Test Sensitivity: 0.8464
Test Specificity: 0.7336
Test F1: 0.5815
Test Balanced Acc: 0.7900
Threshold: 0.5716
Saved predictions to /ocean/projects/mth250011p/troemer/skin-lesions/preds/vit_test_predictions.csv
Saved metrics to /ocean/projects/mth250011p/troemer/skin-lesions/metrics/vit_test_metrics.csv
Job finished on Mon May 11 00:27:28 EDT 2026
