Log directory: /ocean/projects/mth250011p/troemer/skin-lesions/logs/train_pad_ufes20_full_image_resnet-40738566
Job started on Mon May 11 02:32:04 EDT 2026
Running on node: v005.ib.bridges2.psc.edu
Working directory: /ocean/projects/mth250011p/troemer/skin-lesions
Python location: /jet/home/troemer/.conda/envs/stat214/bin/python
Python version: Python 3.14.3
train examples found: 1472
train missing images: 0
val examples found: 317
val missing images: 0
test examples found: 317
test missing images: 0
PAD-UFES-20 train counts:
dx
akiec    510
bcc      591
bkl      165
mel       36
nv       170
Name: count, dtype: int64
PAD-UFES-20 binary train counts:
binary_class
benign        335
malignant    1137
Name: count, dtype: int64
BCE pos_weight (negatives / positives): 0.2946
CUDA available: True
GPU: Tesla V100-SXM2-32GB
Trainable parameters: 2795297
Epoch 1/60 | Train Loss: 0.3216 | Val Loss: 0.3522 | Val Threshold: 0.3794 | Val Sens: 0.9020 | Val Spec: 0.1250
Saved new best model: val_specificity=0.1250
Epoch 2/60 | Train Loss: 0.3140 | Val Loss: 0.2816 | Val Threshold: 0.3027 | Val Sens: 0.9020 | Val Spec: 0.3472
Saved new best model: val_specificity=0.3472
Epoch 3/60 | Train Loss: 0.2915 | Val Loss: 0.2660 | Val Threshold: 0.3657 | Val Sens: 0.9020 | Val Spec: 0.4444
Saved new best model: val_specificity=0.4444
Epoch 4/60 | Train Loss: 0.2991 | Val Loss: 0.2765 | Val Threshold: 0.3343 | Val Sens: 0.9020 | Val Spec: 0.4583
Saved new best model: val_specificity=0.4583
Epoch 5/60 | Train Loss: 0.2881 | Val Loss: 0.2795 | Val Threshold: 0.3124 | Val Sens: 0.9020 | Val Spec: 0.3333
Epoch 6/60 | Train Loss: 0.3049 | Val Loss: 0.2981 | Val Threshold: 0.3017 | Val Sens: 0.9020 | Val Spec: 0.2917
Epoch 7/60 | Train Loss: 0.2943 | Val Loss: 0.2711 | Val Threshold: 0.2705 | Val Sens: 0.9020 | Val Spec: 0.4444
Epoch 8/60 | Train Loss: 0.2872 | Val Loss: 0.2736 | Val Threshold: 0.3978 | Val Sens: 0.9020 | Val Spec: 0.4167
Epoch 9/60 | Train Loss: 0.2896 | Val Loss: 0.2872 | Val Threshold: 0.3398 | Val Sens: 0.9020 | Val Spec: 0.3056
Epoch 10/60 | Train Loss: 0.2887 | Val Loss: 0.2769 | Val Threshold: 0.3389 | Val Sens: 0.9020 | Val Spec: 0.3194
Epoch 11/60 | Train Loss: 0.2854 | Val Loss: 0.2734 | Val Threshold: 0.3917 | Val Sens: 0.9020 | Val Spec: 0.4028
Epoch 12/60 | Train Loss: 0.2836 | Val Loss: 0.2670 | Val Threshold: 0.3453 | Val Sens: 0.9020 | Val Spec: 0.4306
Epoch 13/60 | Train Loss: 0.2856 | Val Loss: 0.2723 | Val Threshold: 0.3011 | Val Sens: 0.9020 | Val Spec: 0.3611
Epoch 14/60 | Train Loss: 0.2843 | Val Loss: 0.2724 | Val Threshold: 0.3847 | Val Sens: 0.9020 | Val Spec: 0.5000
Saved new best model: val_specificity=0.5000
Epoch 15/60 | Train Loss: 0.2868 | Val Loss: 0.2762 | Val Threshold: 0.2875 | Val Sens: 0.9020 | Val Spec: 0.4028
Epoch 16/60 | Train Loss: 0.2930 | Val Loss: 0.2811 | Val Threshold: 0.3984 | Val Sens: 0.9020 | Val Spec: 0.3889
Epoch 17/60 | Train Loss: 0.2901 | Val Loss: 0.2741 | Val Threshold: 0.3728 | Val Sens: 0.9020 | Val Spec: 0.4167
Epoch 18/60 | Train Loss: 0.2870 | Val Loss: 0.2739 | Val Threshold: 0.3355 | Val Sens: 0.9020 | Val Spec: 0.3611
Epoch 19/60 | Train Loss: 0.2796 | Val Loss: 0.2608 | Val Threshold: 0.3281 | Val Sens: 0.9020 | Val Spec: 0.4167
Epoch 20/60 | Train Loss: 0.2798 | Val Loss: 0.2750 | Val Threshold: 0.2707 | Val Sens: 0.9020 | Val Spec: 0.3472
Epoch 21/60 | Train Loss: 0.2879 | Val Loss: 0.2710 | Val Threshold: 0.2745 | Val Sens: 0.9020 | Val Spec: 0.4167
Epoch 22/60 | Train Loss: 0.2799 | Val Loss: 0.2708 | Val Threshold: 0.2535 | Val Sens: 0.9020 | Val Spec: 0.4861
Epoch 23/60 | Train Loss: 0.2779 | Val Loss: 0.2612 | Val Threshold: 0.2973 | Val Sens: 0.9020 | Val Spec: 0.4583
Epoch 24/60 | Train Loss: 0.2787 | Val Loss: 0.2669 | Val Threshold: 0.3573 | Val Sens: 0.9020 | Val Spec: 0.4444
Epoch 25/60 | Train Loss: 0.2741 | Val Loss: 0.2737 | Val Threshold: 0.2990 | Val Sens: 0.9020 | Val Spec: 0.4306
Epoch 26/60 | Train Loss: 0.2825 | Val Loss: 0.2722 | Val Threshold: 0.3640 | Val Sens: 0.9020 | Val Spec: 0.4028
Epoch 27/60 | Train Loss: 0.2813 | Val Loss: 0.2770 | Val Threshold: 0.4042 | Val Sens: 0.9020 | Val Spec: 0.4028
Epoch 28/60 | Train Loss: 0.2780 | Val Loss: 0.2665 | Val Threshold: 0.3744 | Val Sens: 0.9020 | Val Spec: 0.4444
Epoch 29/60 | Train Loss: 0.2727 | Val Loss: 0.2603 | Val Threshold: 0.2532 | Val Sens: 0.9020 | Val Spec: 0.4861
Epoch 30/60 | Train Loss: 0.2735 | Val Loss: 0.2838 | Val Threshold: 0.2595 | Val Sens: 0.9020 | Val Spec: 0.4028
Epoch 31/60 | Train Loss: 0.2852 | Val Loss: 0.2600 | Val Threshold: 0.3811 | Val Sens: 0.9020 | Val Spec: 0.5000
Epoch 32/60 | Train Loss: 0.2776 | Val Loss: 0.2595 | Val Threshold: 0.2748 | Val Sens: 0.9020 | Val Spec: 0.4583
Epoch 33/60 | Train Loss: 0.2699 | Val Loss: 0.2485 | Val Threshold: 0.2448 | Val Sens: 0.9020 | Val Spec: 0.5417
Saved new best model: val_specificity=0.5417
Epoch 34/60 | Train Loss: 0.2728 | Val Loss: 0.2419 | Val Threshold: 0.3078 | Val Sens: 0.9020 | Val Spec: 0.5000
Epoch 35/60 | Train Loss: 0.2617 | Val Loss: 0.2363 | Val Threshold: 0.3159 | Val Sens: 0.9020 | Val Spec: 0.5694
Saved new best model: val_specificity=0.5694
Epoch 36/60 | Train Loss: 0.2595 | Val Loss: 0.2439 | Val Threshold: 0.3213 | Val Sens: 0.9020 | Val Spec: 0.5139
Epoch 37/60 | Train Loss: 0.2567 | Val Loss: 0.2436 | Val Threshold: 0.2356 | Val Sens: 0.9020 | Val Spec: 0.5278
Epoch 38/60 | Train Loss: 0.2613 | Val Loss: 0.2541 | Val Threshold: 0.5419 | Val Sens: 0.9020 | Val Spec: 0.5417
Epoch 39/60 | Train Loss: 0.2551 | Val Loss: 0.2269 | Val Threshold: 0.2163 | Val Sens: 0.9020 | Val Spec: 0.5833
Saved new best model: val_specificity=0.5833
Epoch 40/60 | Train Loss: 0.2653 | Val Loss: 0.2378 | Val Threshold: 0.2389 | Val Sens: 0.9020 | Val Spec: 0.5972
Saved new best model: val_specificity=0.5972
Epoch 41/60 | Train Loss: 0.2491 | Val Loss: 0.2195 | Val Threshold: 0.3020 | Val Sens: 0.9020 | Val Spec: 0.5972
Epoch 42/60 | Train Loss: 0.2506 | Val Loss: 0.2271 | Val Threshold: 0.2534 | Val Sens: 0.9020 | Val Spec: 0.5833
Epoch 43/60 | Train Loss: 0.2390 | Val Loss: 0.2238 | Val Threshold: 0.2786 | Val Sens: 0.9020 | Val Spec: 0.5972
Epoch 44/60 | Train Loss: 0.2452 | Val Loss: 0.2372 | Val Threshold: 0.1855 | Val Sens: 0.9020 | Val Spec: 0.5278
Epoch 45/60 | Train Loss: 0.2303 | Val Loss: 0.2180 | Val Threshold: 0.2331 | Val Sens: 0.9020 | Val Spec: 0.5556
Epoch 46/60 | Train Loss: 0.2332 | Val Loss: 0.2164 | Val Threshold: 0.2655 | Val Sens: 0.9020 | Val Spec: 0.5833
Epoch 47/60 | Train Loss: 0.2296 | Val Loss: 0.2353 | Val Threshold: 0.1595 | Val Sens: 0.9020 | Val Spec: 0.5694
Epoch 48/60 | Train Loss: 0.2310 | Val Loss: 0.2157 | Val Threshold: 0.2268 | Val Sens: 0.9020 | Val Spec: 0.4722
Epoch 49/60 | Train Loss: 0.2229 | Val Loss: 0.2159 | Val Threshold: 0.2138 | Val Sens: 0.9020 | Val Spec: 0.5833
Epoch 50/60 | Train Loss: 0.2234 | Val Loss: 0.2167 | Val Threshold: 0.2279 | Val Sens: 0.9020 | Val Spec: 0.5972
Epoch 51/60 | Train Loss: 0.2208 | Val Loss: 0.2196 | Val Threshold: 0.1724 | Val Sens: 0.9020 | Val Spec: 0.5833
Epoch 52/60 | Train Loss: 0.2163 | Val Loss: 0.2131 | Val Threshold: 0.1882 | Val Sens: 0.9020 | Val Spec: 0.5833
Epoch 53/60 | Train Loss: 0.2233 | Val Loss: 0.2237 | Val Threshold: 0.1317 | Val Sens: 0.9020 | Val Spec: 0.5556
Epoch 54/60 | Train Loss: 0.2229 | Val Loss: 0.2241 | Val Threshold: 0.1550 | Val Sens: 0.9020 | Val Spec: 0.5833
Epoch 55/60 | Train Loss: 0.2125 | Val Loss: 0.2099 | Val Threshold: 0.2059 | Val Sens: 0.9020 | Val Spec: 0.6389
Saved new best model: val_specificity=0.6389
Epoch 56/60 | Train Loss: 0.2096 | Val Loss: 0.2108 | Val Threshold: 0.1985 | Val Sens: 0.9020 | Val Spec: 0.5972
Epoch 57/60 | Train Loss: 0.2176 | Val Loss: 0.2141 | Val Threshold: 0.1699 | Val Sens: 0.9020 | Val Spec: 0.5833
Epoch 58/60 | Train Loss: 0.2041 | Val Loss: 0.2125 | Val Threshold: 0.1779 | Val Sens: 0.9020 | Val Spec: 0.5556
Epoch 59/60 | Train Loss: 0.2024 | Val Loss: 0.2176 | Val Threshold: 0.1679 | Val Sens: 0.9020 | Val Spec: 0.5833
Epoch 60/60 | Train Loss: 0.2144 | Val Loss: 0.2114 | Val Threshold: 0.1890 | Val Sens: 0.9020 | Val Spec: 0.5833
Validation threshold: 0.2059
Validation sensitivity: 0.9020
Validation specificity: 0.6389
Test Loss: 0.2289
Test Accuracy: 0.8328
Test Precision: 0.8871
Test Sensitivity: 0.8980
Test Specificity: 0.6111
Test F1: 0.8925
Test Balanced Acc: 0.7545
Threshold: 0.2059
Saved predictions to /ocean/projects/mth250011p/troemer/skin-lesions/preds/pad_ufes20_resnet_test_predictions.csv
Saved metrics to /ocean/projects/mth250011p/troemer/skin-lesions/metrics/pad_ufes20_resnet_test_metrics.csv
Job finished on Mon May 11 03:04:41 EDT 2026
