Casting the dataset:   0%|          | 0/10015 [00:00<?, ? examples/s]Casting the dataset: 100%|‚Ėą‚Ėą‚Ėą‚Ėą‚Ėą‚Ėą‚Ėą‚Ėą‚Ėą‚Ėą| 10015/10015 [00:00<00:00, 2594722.01 examples/s]
wandb: [wandb.login()] Using explicit session credentials for https://api.wandb.ai.
wandb: Appending key for api.wandb.ai to your netrc file: /jet/home/troemer/.netrc
wandb: Currently logged in as: tnroemer (tnroemer-berk) to https://api.wandb.ai. Use `wandb login --relogin` to force relogin
wandb: Tracking run with wandb version 0.26.1
wandb: Run data is saved locally in /ocean/projects/mth250011p/troemer/wandb/wandb/run-20260507_205502-whfemt90
wandb: Run `wandb offline` to turn off syncing.
wandb: Syncing run vit-lesion-white-binary
wandb: ‚≠źÔłŹ View project at https://wandb.ai/tnroemer-berk/skin-cancer-cnn
wandb: ūüöÄ View run at https://wandb.ai/tnroemer-berk/skin-cancer-cnn/runs/whfemt90
/ocean/projects/mth250011p/troemer/skin-lesions/src/train_ham10000_lesion_white_vit.py:178: UserWarning: enable_nested_tensor is True, but self.use_nested_tensor is False because encoder_layer.norm_first was True
  self.transformer = nn.TransformerEncoder(
wandb: WARNING Saving files without folders. If you want to preserve subdirectories pass base_path to wandb.save, i.e. wandb.save("/mnt/folder/file.h5", base_path="/mnt")
wandb: WARNING Symlinked 1 file into the W&B run directory; call wandb.save again to sync new files.
wandb: updating run metadata
wandb: 
wandb: Run history:
wandb:           epoch ‚ĖĀ‚ĖĀ‚ĖĀ‚Ėā‚Ėā‚Ėā‚Ėā‚Ėā‚ĖÉ‚ĖÉ‚ĖÉ‚ĖÉ‚ĖÉ‚ĖĄ‚ĖĄ‚ĖĄ‚ĖĄ‚ĖĄ‚ĖÖ‚ĖÖ‚ĖÖ‚ĖÖ‚ĖÖ‚ĖÜ‚ĖÜ‚ĖÜ‚ĖÜ‚ĖÜ‚Ėá‚Ėá‚Ėá‚Ėá‚Ėá‚Ėą‚Ėą‚Ėą
wandb:   test/accuracy ‚ĖĀ
wandb:         test/f1 ‚ĖĀ
wandb:       test/loss ‚ĖĀ
wandb:  test/precision ‚ĖĀ
wandb:     test/recall ‚ĖĀ
wandb:  train/accuracy ‚ĖĀ‚Ėā‚ĖÉ‚ĖĄ‚ĖÖ‚ĖÖ‚ĖÖ‚ĖÖ‚ĖÖ‚ĖÜ‚ĖÜ‚Ėá‚Ėá‚Ėá‚Ėá‚Ėá‚Ėá‚Ėá‚Ėá‚Ėá‚Ėą‚Ėą‚Ėą‚Ėá‚Ėą‚Ėą‚Ėá‚Ėą‚Ėą‚Ėá‚Ėą‚Ėą‚Ėą‚Ėą‚Ėą‚Ėą
wandb:        train/f1 ‚ĖĀ‚ĖÉ‚ĖĄ‚ĖÖ‚ĖÖ‚ĖÖ‚ĖÖ‚ĖÜ‚ĖÜ‚ĖÜ‚ĖÜ‚Ėá‚Ėá‚Ėá‚Ėá‚Ėá‚Ėá‚Ėá‚Ėá‚Ėá‚Ėá‚Ėá‚Ėá‚Ėá‚Ėą‚Ėą‚Ėá‚Ėą‚Ėą‚Ėá‚Ėą‚Ėá‚Ėą‚Ėą‚Ėą‚Ėą
wandb:      train/loss ‚Ėą‚ĖÜ‚ĖÖ‚ĖĄ‚ĖÉ‚ĖÉ‚ĖÉ‚ĖÉ‚ĖÉ‚ĖÉ‚ĖÉ‚Ėā‚Ėā‚Ėā‚Ėā‚Ėā‚Ėā‚Ėā‚Ėā‚Ėā‚Ėā‚Ėā‚ĖĀ‚Ėā‚ĖĀ‚ĖĀ‚ĖĀ‚ĖĀ‚ĖĀ‚ĖĀ‚ĖĀ‚ĖĀ‚ĖĀ‚ĖĀ‚ĖĀ‚ĖĀ
wandb: train/precision ‚ĖĀ‚ĖÉ‚ĖÉ‚ĖĄ‚ĖÖ‚ĖÖ‚ĖÖ‚ĖÖ‚ĖÖ‚ĖÜ‚ĖÜ‚ĖÜ‚ĖÜ‚Ėá‚Ėá‚Ėá‚Ėá‚Ėá‚Ėá‚Ėá‚Ėá‚Ėą‚Ėá‚Ėá‚Ėą‚Ėą‚Ėá‚Ėą‚Ėą‚Ėá‚Ėą‚Ėá‚Ėą‚Ėą‚Ėą‚Ėą
wandb:              +6 ...
wandb: 
wandb: Run summary:
wandb:         best_epoch 28
wandb:  best_val_accuracy 0.75786
wandb:        best_val_f1 0.54545
wandb: best_val_precision 0.43047
wandb:    best_val_recall 0.74425
wandb:              epoch 36
wandb:      test/accuracy 0.75786
wandb:            test/f1 0.54545
wandb:          test/loss 0.81457
wandb:     test/precision 0.43047
wandb:                +16 ...
wandb: 
wandb: ūüöÄ View run vit-lesion-white-binary at: https://wandb.ai/tnroemer-berk/skin-cancer-cnn/runs/whfemt90
wandb: ‚≠źÔłŹ View project at: https://wandb.ai/tnroemer-berk/skin-cancer-cnn
wandb: Synced 5 W&B file(s), 0 media file(s), 0 artifact file(s) and 1 other file(s)
wandb: Find logs at: /ocean/projects/mth250011p/troemer/wandb/wandb/run-20260507_205502-whfemt90/logs
