Log directory: /ocean/projects/mth250011p/troemer/skin-lesions/logs/train_ham10000_full_image_cnn-40666407
Job started on Thu May  7 19:06:59 EDT 2026
Running on node: v027.ib.bridges2.psc.edu
Working directory: /ocean/projects/mth250011p/troemer/skin-lesions
Python location: /jet/home/troemer/.conda/envs/stat214/bin/python
Python version: Python 3.14.3
CUDA available: True
GPU: Tesla V100-SXM2-16GB
Epoch 1/50 | Train Loss: 1.0839 | Train Acc: 0.6654 | Val Loss: 0.9699 | Val Acc: 0.6695
Saved new best model: val_acc=0.6695
Epoch 2/50 | Train Loss: 0.9470 | Train Acc: 0.6684 | Val Loss: 0.8811 | Val Acc: 0.6695
Epoch 3/50 | Train Loss: 0.9041 | Train Acc: 0.6735 | Val Loss: 0.8809 | Val Acc: 0.6765
Saved new best model: val_acc=0.6765
Epoch 4/50 | Train Loss: 0.8749 | Train Acc: 0.6792 | Val Loss: 0.8379 | Val Acc: 0.6770
Saved new best model: val_acc=0.6770
Epoch 5/50 | Train Loss: 0.8514 | Train Acc: 0.6829 | Val Loss: 0.8126 | Val Acc: 0.6855
Saved new best model: val_acc=0.6855
Epoch 6/50 | Train Loss: 0.8322 | Train Acc: 0.6908 | Val Loss: 0.8023 | Val Acc: 0.6880
Saved new best model: val_acc=0.6880
Epoch 7/50 | Train Loss: 0.8163 | Train Acc: 0.6911 | Val Loss: 0.7801 | Val Acc: 0.7009
Saved new best model: val_acc=0.7009
Epoch 8/50 | Train Loss: 0.8002 | Train Acc: 0.6993 | Val Loss: 0.7514 | Val Acc: 0.7094
Saved new best model: val_acc=0.7094
Epoch 9/50 | Train Loss: 0.7826 | Train Acc: 0.7038 | Val Loss: 0.7445 | Val Acc: 0.7149
Saved new best model: val_acc=0.7149
Epoch 10/50 | Train Loss: 0.7672 | Train Acc: 0.7093 | Val Loss: 0.7342 | Val Acc: 0.7129
Epoch 11/50 | Train Loss: 0.7569 | Train Acc: 0.7151 | Val Loss: 0.8120 | Val Acc: 0.6905
Epoch 12/50 | Train Loss: 0.7529 | Train Acc: 0.7174 | Val Loss: 0.7511 | Val Acc: 0.7199
Saved new best model: val_acc=0.7199
Epoch 13/50 | Train Loss: 0.7315 | Train Acc: 0.7239 | Val Loss: 0.7088 | Val Acc: 0.7264
Saved new best model: val_acc=0.7264
Epoch 14/50 | Train Loss: 0.7262 | Train Acc: 0.7270 | Val Loss: 0.7198 | Val Acc: 0.7294
Saved new best model: val_acc=0.7294
Epoch 15/50 | Train Loss: 0.7192 | Train Acc: 0.7303 | Val Loss: 0.7101 | Val Acc: 0.7334
Saved new best model: val_acc=0.7334
Epoch 16/50 | Train Loss: 0.7094 | Train Acc: 0.7332 | Val Loss: 0.6909 | Val Acc: 0.7394
Saved new best model: val_acc=0.7394
Epoch 17/50 | Train Loss: 0.7004 | Train Acc: 0.7339 | Val Loss: 0.6931 | Val Acc: 0.7389
Epoch 18/50 | Train Loss: 0.6904 | Train Acc: 0.7430 | Val Loss: 0.6865 | Val Acc: 0.7419
Saved new best model: val_acc=0.7419
Epoch 19/50 | Train Loss: 0.6754 | Train Acc: 0.7444 | Val Loss: 0.7220 | Val Acc: 0.7459
Saved new best model: val_acc=0.7459
Epoch 20/50 | Train Loss: 0.6764 | Train Acc: 0.7451 | Val Loss: 0.6718 | Val Acc: 0.7434
Epoch 21/50 | Train Loss: 0.6764 | Train Acc: 0.7464 | Val Loss: 0.6705 | Val Acc: 0.7464
Saved new best model: val_acc=0.7464
Epoch 22/50 | Train Loss: 0.6641 | Train Acc: 0.7535 | Val Loss: 0.7039 | Val Acc: 0.7269
Epoch 23/50 | Train Loss: 0.6575 | Train Acc: 0.7517 | Val Loss: 0.6514 | Val Acc: 0.7459
Epoch 24/50 | Train Loss: 0.6499 | Train Acc: 0.7564 | Val Loss: 0.6788 | Val Acc: 0.7334
Epoch 25/50 | Train Loss: 0.6467 | Train Acc: 0.7567 | Val Loss: 0.6421 | Val Acc: 0.7569
Saved new best model: val_acc=0.7569
Epoch 26/50 | Train Loss: 0.6365 | Train Acc: 0.7609 | Val Loss: 0.6509 | Val Acc: 0.7609
Saved new best model: val_acc=0.7609
Epoch 27/50 | Train Loss: 0.6323 | Train Acc: 0.7604 | Val Loss: 0.6342 | Val Acc: 0.7629
Saved new best model: val_acc=0.7629
Epoch 28/50 | Train Loss: 0.6289 | Train Acc: 0.7625 | Val Loss: 0.6727 | Val Acc: 0.7584
Epoch 29/50 | Train Loss: 0.6183 | Train Acc: 0.7649 | Val Loss: 0.6416 | Val Acc: 0.7519
Epoch 30/50 | Train Loss: 0.6206 | Train Acc: 0.7717 | Val Loss: 0.6259 | Val Acc: 0.7683
Saved new best model: val_acc=0.7683
Epoch 31/50 | Train Loss: 0.6172 | Train Acc: 0.7692 | Val Loss: 0.6297 | Val Acc: 0.7569
Epoch 32/50 | Train Loss: 0.6113 | Train Acc: 0.7703 | Val Loss: 0.6448 | Val Acc: 0.7534
Epoch 33/50 | Train Loss: 0.6064 | Train Acc: 0.7741 | Val Loss: 0.6331 | Val Acc: 0.7619
Epoch 34/50 | Train Loss: 0.6003 | Train Acc: 0.7773 | Val Loss: 0.6405 | Val Acc: 0.7599
Epoch 35/50 | Train Loss: 0.5947 | Train Acc: 0.7701 | Val Loss: 0.6356 | Val Acc: 0.7629
Epoch 36/50 | Train Loss: 0.5900 | Train Acc: 0.7785 | Val Loss: 0.6292 | Val Acc: 0.7609
Epoch 37/50 | Train Loss: 0.5900 | Train Acc: 0.7796 | Val Loss: 0.6006 | Val Acc: 0.7649
Epoch 38/50 | Train Loss: 0.5867 | Train Acc: 0.7786 | Val Loss: 0.6128 | Val Acc: 0.7718
Saved new best model: val_acc=0.7718
Epoch 39/50 | Train Loss: 0.5791 | Train Acc: 0.7831 | Val Loss: 0.6161 | Val Acc: 0.7773
Saved new best model: val_acc=0.7773
Epoch 40/50 | Train Loss: 0.5687 | Train Acc: 0.7842 | Val Loss: 0.6127 | Val Acc: 0.7728
Epoch 41/50 | Train Loss: 0.5683 | Train Acc: 0.7785 | Val Loss: 0.5911 | Val Acc: 0.7768
Epoch 42/50 | Train Loss: 0.5658 | Train Acc: 0.7856 | Val Loss: 0.6079 | Val Acc: 0.7763
Epoch 43/50 | Train Loss: 0.5650 | Train Acc: 0.7874 | Val Loss: 0.6004 | Val Acc: 0.7783
Saved new best model: val_acc=0.7783
Epoch 44/50 | Train Loss: 0.5586 | Train Acc: 0.7856 | Val Loss: 0.5949 | Val Acc: 0.7808
Saved new best model: val_acc=0.7808
Epoch 45/50 | Train Loss: 0.5475 | Train Acc: 0.7911 | Val Loss: 0.6318 | Val Acc: 0.7609
Epoch 46/50 | Train Loss: 0.5550 | Train Acc: 0.7873 | Val Loss: 0.6063 | Val Acc: 0.7793
Epoch 47/50 | Train Loss: 0.5440 | Train Acc: 0.7932 | Val Loss: 0.6112 | Val Acc: 0.7678
Epoch 48/50 | Train Loss: 0.5479 | Train Acc: 0.7926 | Val Loss: 0.6326 | Val Acc: 0.7664
Epoch 49/50 | Train Loss: 0.5348 | Train Acc: 0.7991 | Val Loss: 0.6043 | Val Acc: 0.7718
Epoch 50/50 | Train Loss: 0.5313 | Train Acc: 0.8010 | Val Loss: 0.6306 | Val Acc: 0.7713
Test Loss: 0.5949
Test Acc: 0.7808
Saved predictions to /ocean/projects/mth250011p/troemer/skin-lesions/preds/basic_cnn_test_predictions.csv
Saved metrics to /ocean/projects/mth250011p/troemer/skin-lesions/preds/basic_cnn_test_metrics.csv
Job finished on Thu May  7 19:23:57 EDT 2026
