Log directory: /ocean/projects/mth250011p/troemer/skin-lesions/logs/evaluate_pad_ufes20_full_image_models-40707742
Job started on Sun May 10 16:27:33 EDT 2026
Running on node: v011.ib.bridges2.psc.edu
Working directory: /ocean/projects/mth250011p/troemer/skin-lesions
Python location: /jet/home/troemer/.conda/envs/stat214/bin/python
Python version: Python 3.14.3
Found PAD-UFES-20 full_image: 2106
Missing PAD image paths before filtering: 0
PAD common-label counts:
common_label
akiec    730
bcc      845
bkl      235
mel       52
nv       244
Name: count, dtype: int64
CUDA available: True
GPU: Tesla V100-SXM2-32GB
Evaluating basic_cnn
Saved predictions to /ocean/projects/mth250011p/troemer/skin-lesions/preds/pad_ufes_20_full_image_basic_cnn_predictions.csv
Saved metrics to /ocean/projects/mth250011p/troemer/skin-lesions/preds/pad_ufes_20_full_image_basic_cnn_metrics.csv
Evaluating vit
Saved predictions to /ocean/projects/mth250011p/troemer/skin-lesions/preds/pad_ufes_20_full_image_vit_predictions.csv
Saved metrics to /ocean/projects/mth250011p/troemer/skin-lesions/preds/pad_ufes_20_full_image_vit_metrics.csv
Evaluating resnet
Saved predictions to /ocean/projects/mth250011p/troemer/skin-lesions/preds/pad_ufes_20_full_image_resnet_predictions.csv
Saved metrics to /ocean/projects/mth250011p/troemer/skin-lesions/preds/pad_ufes_20_full_image_resnet_metrics.csv
Job finished on Sun May 10 16:28:37 EDT 2026
