Log directory: /ocean/projects/mth250011p/troemer/skin-lesions/logs/submit_full_pipeline-40728254
Pipeline submitter started on Sun May 10 22:30:12 EDT 2026
Running on node: r049.ib.bridges2.psc.edu
Working directory: /ocean/projects/mth250011p/troemer/skin-lesions
Submitting full skin-lesion pipeline from /ocean/projects/mth250011p/troemer/skin-lesions
create_data: 40728285
create_lesion_white_data after 40728285: 40728287
submit_train_ham10000_full_image_cnn after 40728287: 40728288
submit_train_ham10000_full_image_vit after 40728287: 40728289
submit_train_ham10000_full_image_resnet after 40728287: 40728291
submit_train_ham10000_full_image_pretrained_resnet50 after 40728287: 40728292
submit_train_ham10000_lesion_white_cnn after 40728287: 40728294
submit_train_ham10000_lesion_white_vit after 40728287: 40728295
submit_train_ham10000_lesion_white_resnet after 40728287: 40728296
submit_train_ham10000_lesion_white_pretrained_resnet50 after 40728287: 40728298
submit_train_pad_ufes20_full_image_resnet after 40728287: 40728300
evaluate_pad_ufes20_full_image_models after all training jobs: 40728301
evaluate_pad_ufes20_lesion_white_models after all training jobs: 40728303
Pipeline submitted.
Slurm dependencies enforce: create data -> create lesion-white data -> train models -> evaluate PAD-UFES-20.
Pipeline submitter finished on Sun May 10 22:30:15 EDT 2026
