Log directory: /ocean/projects/mth250011p/troemer/skin-lesions/logs/train_ham10000_lesion_white_pretrained_resnet50-40732290
Job started on Sun May 10 23:25:22 EDT 2026
Running on node: v010.ib.bridges2.psc.edu
Working directory: /ocean/projects/mth250011p/troemer/skin-lesions
Python location: /jet/home/troemer/.conda/envs/stat214/bin/python
Python version: Python 3.14.3
train examples found: 6830
train missing images: 0
val examples found: 1464
val missing images: 0
test examples found: 1464
test missing images: 0
Train counts:
dx
akiec     229
bcc       360
bkl       769
mel       779
nv       4693
Name: count, dtype: int64
Binary train counts:
binary_class
benign       5462
malignant    1368
Name: count, dtype: int64
BCE pos_weight (negatives / positives): 3.9927
CUDA available: True
GPU: Tesla V100-SXM2-32GB
Trainable parameters: 2049
Epoch 1/60 | Train Loss: 0.8591 | Val Loss: 0.7592 | Val Threshold: 0.4936 | Val Sens: 0.9010 | Val Spec: 0.6601
Saved new best model: val_specificity=0.6601
Epoch 2/60 | Train Loss: 0.7727 | Val Loss: 0.7124 | Val Threshold: 0.4010 | Val Sens: 0.9010 | Val Spec: 0.6738
Saved new best model: val_specificity=0.6738
Epoch 3/60 | Train Loss: 0.7589 | Val Loss: 0.7015 | Val Threshold: 0.4821 | Val Sens: 0.9010 | Val Spec: 0.6823
Saved new best model: val_specificity=0.6823
Epoch 4/60 | Train Loss: 0.7544 | Val Loss: 0.6883 | Val Threshold: 0.3875 | Val Sens: 0.9010 | Val Spec: 0.6670
Epoch 5/60 | Train Loss: 0.7312 | Val Loss: 0.6929 | Val Threshold: 0.3604 | Val Sens: 0.9010 | Val Spec: 0.6840
Saved new best model: val_specificity=0.6840
Unfroze pretrained ResNet50 layer4 at epoch 6.
Epoch 6/60 | Train Loss: 0.7255 | Val Loss: 0.6613 | Val Threshold: 0.4665 | Val Sens: 0.9010 | Val Spec: 0.7114
Saved new best model: val_specificity=0.7114
Epoch 7/60 | Train Loss: 0.6909 | Val Loss: 0.6573 | Val Threshold: 0.3669 | Val Sens: 0.9010 | Val Spec: 0.6866
Epoch 8/60 | Train Loss: 0.6708 | Val Loss: 0.6387 | Val Threshold: 0.4713 | Val Sens: 0.9010 | Val Spec: 0.7020
Epoch 9/60 | Train Loss: 0.6564 | Val Loss: 0.6452 | Val Threshold: 0.3603 | Val Sens: 0.9010 | Val Spec: 0.7233
Saved new best model: val_specificity=0.7233
Epoch 10/60 | Train Loss: 0.6492 | Val Loss: 0.6501 | Val Threshold: 0.2955 | Val Sens: 0.9010 | Val Spec: 0.7011
Epoch 11/60 | Train Loss: 0.6364 | Val Loss: 0.6302 | Val Threshold: 0.3326 | Val Sens: 0.9010 | Val Spec: 0.7054
Epoch 12/60 | Train Loss: 0.6202 | Val Loss: 0.6016 | Val Threshold: 0.4754 | Val Sens: 0.9010 | Val Spec: 0.7361
Saved new best model: val_specificity=0.7361
Epoch 13/60 | Train Loss: 0.6056 | Val Loss: 0.5979 | Val Threshold: 0.4307 | Val Sens: 0.9010 | Val Spec: 0.7361
Epoch 14/60 | Train Loss: 0.6115 | Val Loss: 0.6663 | Val Threshold: 0.2570 | Val Sens: 0.9010 | Val Spec: 0.7003
Epoch 15/60 | Train Loss: 0.5942 | Val Loss: 0.6485 | Val Threshold: 0.2923 | Val Sens: 0.9010 | Val Spec: 0.7028
Epoch 16/60 | Train Loss: 0.5661 | Val Loss: 0.6268 | Val Threshold: 0.2873 | Val Sens: 0.9010 | Val Spec: 0.7301
Epoch 17/60 | Train Loss: 0.5696 | Val Loss: 0.6090 | Val Threshold: 0.3003 | Val Sens: 0.9010 | Val Spec: 0.7156
Epoch 18/60 | Train Loss: 0.5651 | Val Loss: 0.6061 | Val Threshold: 0.3490 | Val Sens: 0.9010 | Val Spec: 0.7438
Saved new best model: val_specificity=0.7438
Epoch 19/60 | Train Loss: 0.5571 | Val Loss: 0.6504 | Val Threshold: 0.2892 | Val Sens: 0.9010 | Val Spec: 0.7199
Epoch 20/60 | Train Loss: 0.5346 | Val Loss: 0.6080 | Val Threshold: 0.3134 | Val Sens: 0.9010 | Val Spec: 0.7344
Epoch 21/60 | Train Loss: 0.5376 | Val Loss: 0.6023 | Val Threshold: 0.3279 | Val Sens: 0.9010 | Val Spec: 0.7412
Epoch 22/60 | Train Loss: 0.5177 | Val Loss: 0.6457 | Val Threshold: 0.2511 | Val Sens: 0.9010 | Val Spec: 0.7225
Epoch 23/60 | Train Loss: 0.5162 | Val Loss: 0.6104 | Val Threshold: 0.2779 | Val Sens: 0.9010 | Val Spec: 0.7156
Epoch 24/60 | Train Loss: 0.5167 | Val Loss: 0.6228 | Val Threshold: 0.2791 | Val Sens: 0.9010 | Val Spec: 0.7284
Epoch 25/60 | Train Loss: 0.5068 | Val Loss: 0.6219 | Val Threshold: 0.2929 | Val Sens: 0.9010 | Val Spec: 0.7370
Epoch 26/60 | Train Loss: 0.5067 | Val Loss: 0.6358 | Val Threshold: 0.2853 | Val Sens: 0.9010 | Val Spec: 0.7327
Epoch 27/60 | Train Loss: 0.4888 | Val Loss: 0.5966 | Val Threshold: 0.3400 | Val Sens: 0.9010 | Val Spec: 0.7353
Epoch 28/60 | Train Loss: 0.4909 | Val Loss: 0.7030 | Val Threshold: 0.1759 | Val Sens: 0.9010 | Val Spec: 0.7139
Epoch 29/60 | Train Loss: 0.4875 | Val Loss: 0.7215 | Val Threshold: 0.1737 | Val Sens: 0.9010 | Val Spec: 0.7045
Epoch 30/60 | Train Loss: 0.4773 | Val Loss: 0.6735 | Val Threshold: 0.2295 | Val Sens: 0.9010 | Val Spec: 0.7225
Epoch 31/60 | Train Loss: 0.4559 | Val Loss: 0.6315 | Val Threshold: 0.2581 | Val Sens: 0.9010 | Val Spec: 0.7259
Epoch 32/60 | Train Loss: 0.4453 | Val Loss: 0.6982 | Val Threshold: 0.1753 | Val Sens: 0.9010 | Val Spec: 0.7088
Epoch 33/60 | Train Loss: 0.4657 | Val Loss: 0.7221 | Val Threshold: 0.1779 | Val Sens: 0.9010 | Val Spec: 0.7250
Epoch 34/60 | Train Loss: 0.4658 | Val Loss: 0.6646 | Val Threshold: 0.2088 | Val Sens: 0.9010 | Val Spec: 0.7037
Epoch 35/60 | Train Loss: 0.4401 | Val Loss: 0.6865 | Val Threshold: 0.1954 | Val Sens: 0.9010 | Val Spec: 0.7148
Epoch 36/60 | Train Loss: 0.4462 | Val Loss: 0.6886 | Val Threshold: 0.1984 | Val Sens: 0.9010 | Val Spec: 0.7242
Epoch 37/60 | Train Loss: 0.4377 | Val Loss: 0.6427 | Val Threshold: 0.2595 | Val Sens: 0.9010 | Val Spec: 0.7327
Epoch 38/60 | Train Loss: 0.4342 | Val Loss: 0.6712 | Val Threshold: 0.2043 | Val Sens: 0.9010 | Val Spec: 0.7387
Early stopping triggered after 38 epochs.
Validation threshold: 0.3490
Validation sensitivity: 0.9010
Validation specificity: 0.7438
Test Loss: 0.6307
Test Accuracy: 0.7691
Test Precision: 0.4586
Test Sensitivity: 0.8498
Test Specificity: 0.7489
Test F1: 0.5957
Test Balanced Acc: 0.7994
Threshold: 0.3490
Saved predictions to /ocean/projects/mth250011p/troemer/skin-lesions/preds/pretrained_resnet50_lesion_white_test_predictions.csv
Saved metrics to /ocean/projects/mth250011p/troemer/skin-lesions/metrics/pretrained_resnet50_lesion_white_test_metrics.csv
Job finished on Mon May 11 00:08:19 EDT 2026
