Log directory: /ocean/projects/mth250011p/troemer/skin-lesions/logs/create_lesion_white_data-40732282
Job started on Sun May 10 23:14:39 EDT 2026
Running on node: v008.ib.bridges2.psc.edu
Working directory: /ocean/projects/mth250011p/troemer/skin-lesions
Python location: /jet/home/troemer/.conda/envs/stat214/bin/python
Python version: Python 3.14.3
Creating HAM10000 lesion-white data
Created lesion-white images: 0
Already existed: 9758
Missing original images: 0
Missing masks: 0
Output folder: /ocean/projects/mth250011p/troemer/skin-lesions/data/lesion-white-images
Saved metadata: /ocean/projects/mth250011p/troemer/skin-lesions/data/lesion-white-images/metadata.csv
Creating PAD-UFES-20 lesion-white data
CUDA available: True
GPU: Tesla V100-SXM2-32GB
Loaded segmentation model with base_channels=32
Input metadata: /ocean/projects/mth250011p/troemer/skin-lesions/data/pad-ufes-20-images/metadata.csv
Created PAD lesion-white images: 2106
Already existed: 0
Missing prepared PAD images: 0
Output folder: /ocean/projects/mth250011p/troemer/skin-lesions/data/pad-ufes-20-lesion-white-images
Saved metadata: /ocean/projects/mth250011p/troemer/skin-lesions/data/pad-ufes-20-lesion-white-images/metadata.csv
Job finished on Sun May 10 23:17:22 EDT 2026
