Log directory: /ocean/projects/mth250011p/troemer/skin-lesions/logs/train_ham10000_full_image_cnn-40679931
Job started on Fri May  8 14:45:06 EDT 2026
Running on node: w002.ib.bridges2.psc.edu
Working directory: /ocean/projects/mth250011p/troemer/skin-lesions
Python location: /jet/home/troemer/.conda/envs/stat214/bin/python
Python version: Python 3.14.3
train examples found: 6830
train missing images: 0
val examples found: 1464
val missing images: 0
test examples found: 1464
test missing images: 0
Train counts:
dx
akiec     229
bcc       360
bkl       769
mel       779
nv       4693
Name: count, dtype: int64
Class weights:
akiec: 2.1962
bcc: 1.3970
bkl: 0.6540
mel: 0.6456
nv: 0.1072
CUDA available: True
GPU: NVIDIA H100 80GB HBM3
Epoch 1/60 | Train Loss: 1.4144 | Train Acc: 0.4299 | Train Macro F1: 0.3036 | Train Malig Recall: 0.7507 | Val Loss: 1.2489 | Val Acc: 0.5007 | Val Macro F1: 0.3597 | Val Malig Recall: 0.7713
Saved new best model: val_macro_f1=0.3597
Epoch 2/60 | Train Loss: 1.3184 | Train Acc: 0.4791 | Train Macro F1: 0.3450 | Train Malig Recall: 0.7727 | Val Loss: 1.3303 | Val Acc: 0.3299 | Val Macro F1: 0.2836 | Val Malig Recall: 0.8020
Epoch 3/60 | Train Loss: 1.2664 | Train Acc: 0.4849 | Train Macro F1: 0.3549 | Train Malig Recall: 0.8004 | Val Loss: 1.1647 | Val Acc: 0.4918 | Val Macro F1: 0.3862 | Val Malig Recall: 0.8498
Saved new best model: val_macro_f1=0.3862
Epoch 4/60 | Train Loss: 1.2610 | Train Acc: 0.4966 | Train Macro F1: 0.3648 | Train Malig Recall: 0.7961 | Val Loss: 1.1954 | Val Acc: 0.4727 | Val Macro F1: 0.3670 | Val Malig Recall: 0.8669
Epoch 5/60 | Train Loss: 1.2175 | Train Acc: 0.5351 | Train Macro F1: 0.3884 | Train Malig Recall: 0.8209 | Val Loss: 1.1177 | Val Acc: 0.5533 | Val Macro F1: 0.4248 | Val Malig Recall: 0.8157
Saved new best model: val_macro_f1=0.4248
Epoch 6/60 | Train Loss: 1.2252 | Train Acc: 0.5328 | Train Macro F1: 0.3901 | Train Malig Recall: 0.7749 | Val Loss: 1.1694 | Val Acc: 0.5020 | Val Macro F1: 0.3777 | Val Malig Recall: 0.8840
Epoch 7/60 | Train Loss: 1.1873 | Train Acc: 0.5537 | Train Macro F1: 0.4063 | Train Malig Recall: 0.7931 | Val Loss: 1.0950 | Val Acc: 0.5984 | Val Macro F1: 0.4364 | Val Malig Recall: 0.8089
Saved new best model: val_macro_f1=0.4364
Epoch 8/60 | Train Loss: 1.1851 | Train Acc: 0.5643 | Train Macro F1: 0.4155 | Train Malig Recall: 0.7931 | Val Loss: 1.0831 | Val Acc: 0.5738 | Val Macro F1: 0.4372 | Val Malig Recall: 0.8703
Saved new best model: val_macro_f1=0.4372
Epoch 9/60 | Train Loss: 1.1664 | Train Acc: 0.5710 | Train Macro F1: 0.4234 | Train Malig Recall: 0.7814 | Val Loss: 1.1058 | Val Acc: 0.5861 | Val Macro F1: 0.4218 | Val Malig Recall: 0.8805
Epoch 10/60 | Train Loss: 1.1546 | Train Acc: 0.5726 | Train Macro F1: 0.4193 | Train Malig Recall: 0.7749 | Val Loss: 1.1462 | Val Acc: 0.4939 | Val Macro F1: 0.3836 | Val Malig Recall: 0.8123
Epoch 11/60 | Train Loss: 1.1699 | Train Acc: 0.5697 | Train Macro F1: 0.4121 | Train Malig Recall: 0.7544 | Val Loss: 1.2191 | Val Acc: 0.4529 | Val Macro F1: 0.3505 | Val Malig Recall: 0.8328
Epoch 12/60 | Train Loss: 1.1365 | Train Acc: 0.5810 | Train Macro F1: 0.4234 | Train Malig Recall: 0.7924 | Val Loss: 1.1112 | Val Acc: 0.5519 | Val Macro F1: 0.4092 | Val Malig Recall: 0.8055
Epoch 13/60 | Train Loss: 1.1511 | Train Acc: 0.5830 | Train Macro F1: 0.4193 | Train Malig Recall: 0.7990 | Val Loss: 1.0810 | Val Acc: 0.5888 | Val Macro F1: 0.4472 | Val Malig Recall: 0.8225
Saved new best model: val_macro_f1=0.4472
Epoch 14/60 | Train Loss: 1.1355 | Train Acc: 0.5902 | Train Macro F1: 0.4262 | Train Malig Recall: 0.7865 | Val Loss: 1.1117 | Val Acc: 0.5724 | Val Macro F1: 0.4195 | Val Malig Recall: 0.8055
Epoch 15/60 | Train Loss: 1.1180 | Train Acc: 0.6057 | Train Macro F1: 0.4448 | Train Malig Recall: 0.7770 | Val Loss: 1.0798 | Val Acc: 0.6223 | Val Macro F1: 0.4540 | Val Malig Recall: 0.8020
Saved new best model: val_macro_f1=0.4540
Epoch 16/60 | Train Loss: 1.1260 | Train Acc: 0.6048 | Train Macro F1: 0.4490 | Train Malig Recall: 0.7829 | Val Loss: 1.1554 | Val Acc: 0.5246 | Val Macro F1: 0.3866 | Val Malig Recall: 0.8498
Epoch 17/60 | Train Loss: 1.1071 | Train Acc: 0.6105 | Train Macro F1: 0.4480 | Train Malig Recall: 0.7924 | Val Loss: 1.0559 | Val Acc: 0.5888 | Val Macro F1: 0.4413 | Val Malig Recall: 0.8669
Epoch 18/60 | Train Loss: 1.1127 | Train Acc: 0.5936 | Train Macro F1: 0.4356 | Train Malig Recall: 0.7887 | Val Loss: 1.0646 | Val Acc: 0.6127 | Val Macro F1: 0.4537 | Val Malig Recall: 0.7747
Epoch 19/60 | Train Loss: 1.1102 | Train Acc: 0.6102 | Train Macro F1: 0.4474 | Train Malig Recall: 0.7756 | Val Loss: 1.0587 | Val Acc: 0.5963 | Val Macro F1: 0.4300 | Val Malig Recall: 0.8976
Epoch 20/60 | Train Loss: 1.1038 | Train Acc: 0.6114 | Train Macro F1: 0.4524 | Train Malig Recall: 0.7939 | Val Loss: 1.0717 | Val Acc: 0.6332 | Val Macro F1: 0.4748 | Val Malig Recall: 0.8089
Saved new best model: val_macro_f1=0.4748
Epoch 21/60 | Train Loss: 1.1073 | Train Acc: 0.6179 | Train Macro F1: 0.4554 | Train Malig Recall: 0.7895 | Val Loss: 1.0885 | Val Acc: 0.6216 | Val Macro F1: 0.4154 | Val Malig Recall: 0.8567
Epoch 22/60 | Train Loss: 1.0883 | Train Acc: 0.6146 | Train Macro F1: 0.4449 | Train Malig Recall: 0.7829 | Val Loss: 1.0462 | Val Acc: 0.5936 | Val Macro F1: 0.4396 | Val Malig Recall: 0.8669
Epoch 23/60 | Train Loss: 1.0932 | Train Acc: 0.6158 | Train Macro F1: 0.4501 | Train Malig Recall: 0.7895 | Val Loss: 1.0596 | Val Acc: 0.5772 | Val Macro F1: 0.4210 | Val Malig Recall: 0.8737
Epoch 24/60 | Train Loss: 1.0882 | Train Acc: 0.6215 | Train Macro F1: 0.4624 | Train Malig Recall: 0.7931 | Val Loss: 1.0479 | Val Acc: 0.5861 | Val Macro F1: 0.4511 | Val Malig Recall: 0.8396
Epoch 25/60 | Train Loss: 1.0978 | Train Acc: 0.6133 | Train Macro F1: 0.4541 | Train Malig Recall: 0.7770 | Val Loss: 1.0610 | Val Acc: 0.5922 | Val Macro F1: 0.4363 | Val Malig Recall: 0.9078
Epoch 26/60 | Train Loss: 1.0901 | Train Acc: 0.6165 | Train Macro F1: 0.4527 | Train Malig Recall: 0.7887 | Val Loss: 1.0441 | Val Acc: 0.5840 | Val Macro F1: 0.4391 | Val Malig Recall: 0.8259
Epoch 27/60 | Train Loss: 1.0753 | Train Acc: 0.6233 | Train Macro F1: 0.4629 | Train Malig Recall: 0.7909 | Val Loss: 1.0384 | Val Acc: 0.5997 | Val Macro F1: 0.4333 | Val Malig Recall: 0.8771
Epoch 28/60 | Train Loss: 1.0651 | Train Acc: 0.6146 | Train Macro F1: 0.4625 | Train Malig Recall: 0.8048 | Val Loss: 1.0419 | Val Acc: 0.5874 | Val Macro F1: 0.4441 | Val Malig Recall: 0.9010
Epoch 29/60 | Train Loss: 1.0638 | Train Acc: 0.6243 | Train Macro F1: 0.4706 | Train Malig Recall: 0.7946 | Val Loss: 1.0212 | Val Acc: 0.6428 | Val Macro F1: 0.4801 | Val Malig Recall: 0.8123
Saved new best model: val_macro_f1=0.4801
Epoch 30/60 | Train Loss: 1.0695 | Train Acc: 0.6321 | Train Macro F1: 0.4677 | Train Malig Recall: 0.7756 | Val Loss: 1.0246 | Val Acc: 0.6578 | Val Macro F1: 0.4894 | Val Malig Recall: 0.8259
Saved new best model: val_macro_f1=0.4894
Epoch 31/60 | Train Loss: 1.0622 | Train Acc: 0.6231 | Train Macro F1: 0.4710 | Train Malig Recall: 0.7997 | Val Loss: 1.0646 | Val Acc: 0.6072 | Val Macro F1: 0.4684 | Val Malig Recall: 0.8771
Epoch 32/60 | Train Loss: 1.0575 | Train Acc: 0.6217 | Train Macro F1: 0.4667 | Train Malig Recall: 0.7829 | Val Loss: 1.0312 | Val Acc: 0.6298 | Val Macro F1: 0.4634 | Val Malig Recall: 0.8464
Epoch 33/60 | Train Loss: 1.0405 | Train Acc: 0.6259 | Train Macro F1: 0.4758 | Train Malig Recall: 0.7829 | Val Loss: 1.0530 | Val Acc: 0.6168 | Val Macro F1: 0.4437 | Val Malig Recall: 0.8805
Epoch 34/60 | Train Loss: 1.0440 | Train Acc: 0.6331 | Train Macro F1: 0.4679 | Train Malig Recall: 0.7968 | Val Loss: 1.0340 | Val Acc: 0.6544 | Val Macro F1: 0.4863 | Val Malig Recall: 0.7952
Epoch 35/60 | Train Loss: 1.0506 | Train Acc: 0.6307 | Train Macro F1: 0.4714 | Train Malig Recall: 0.7917 | Val Loss: 0.9889 | Val Acc: 0.6428 | Val Macro F1: 0.4907 | Val Malig Recall: 0.8396
Saved new best model: val_macro_f1=0.4907
Epoch 36/60 | Train Loss: 1.0480 | Train Acc: 0.6306 | Train Macro F1: 0.4718 | Train Malig Recall: 0.7829 | Val Loss: 1.0352 | Val Acc: 0.6216 | Val Macro F1: 0.4749 | Val Malig Recall: 0.8601
Epoch 37/60 | Train Loss: 1.0397 | Train Acc: 0.6391 | Train Macro F1: 0.4819 | Train Malig Recall: 0.7880 | Val Loss: 1.0129 | Val Acc: 0.6462 | Val Macro F1: 0.4762 | Val Malig Recall: 0.8498
Epoch 38/60 | Train Loss: 1.0268 | Train Acc: 0.6321 | Train Macro F1: 0.4830 | Train Malig Recall: 0.7975 | Val Loss: 1.0713 | Val Acc: 0.6421 | Val Macro F1: 0.4498 | Val Malig Recall: 0.8020
Epoch 39/60 | Train Loss: 1.0426 | Train Acc: 0.6379 | Train Macro F1: 0.4773 | Train Malig Recall: 0.8129 | Val Loss: 1.0195 | Val Acc: 0.6626 | Val Macro F1: 0.5074 | Val Malig Recall: 0.8464
Saved new best model: val_macro_f1=0.5074
Epoch 40/60 | Train Loss: 1.0223 | Train Acc: 0.6385 | Train Macro F1: 0.4897 | Train Malig Recall: 0.7953 | Val Loss: 0.9887 | Val Acc: 0.6270 | Val Macro F1: 0.4674 | Val Malig Recall: 0.8771
Epoch 41/60 | Train Loss: 1.0412 | Train Acc: 0.6239 | Train Macro F1: 0.4731 | Train Malig Recall: 0.7924 | Val Loss: 0.9946 | Val Acc: 0.6448 | Val Macro F1: 0.4877 | Val Malig Recall: 0.8362
Epoch 42/60 | Train Loss: 1.0277 | Train Acc: 0.6264 | Train Macro F1: 0.4772 | Train Malig Recall: 0.7961 | Val Loss: 0.9865 | Val Acc: 0.6578 | Val Macro F1: 0.5056 | Val Malig Recall: 0.8123
Epoch 43/60 | Train Loss: 1.0273 | Train Acc: 0.6287 | Train Macro F1: 0.4797 | Train Malig Recall: 0.7953 | Val Loss: 0.9877 | Val Acc: 0.6810 | Val Macro F1: 0.5104 | Val Malig Recall: 0.8157
Saved new best model: val_macro_f1=0.5104
Epoch 44/60 | Train Loss: 1.0107 | Train Acc: 0.6391 | Train Macro F1: 0.4879 | Train Malig Recall: 0.7909 | Val Loss: 0.9891 | Val Acc: 0.6346 | Val Macro F1: 0.4865 | Val Malig Recall: 0.8771
Epoch 45/60 | Train Loss: 1.0115 | Train Acc: 0.6224 | Train Macro F1: 0.4816 | Train Malig Recall: 0.8092 | Val Loss: 0.9985 | Val Acc: 0.6373 | Val Macro F1: 0.4754 | Val Malig Recall: 0.8601
Epoch 46/60 | Train Loss: 1.0180 | Train Acc: 0.6363 | Train Macro F1: 0.4854 | Train Malig Recall: 0.7961 | Val Loss: 0.9852 | Val Acc: 0.6393 | Val Macro F1: 0.4717 | Val Malig Recall: 0.8294
Epoch 47/60 | Train Loss: 1.0110 | Train Acc: 0.6252 | Train Macro F1: 0.4846 | Train Malig Recall: 0.8085 | Val Loss: 0.9862 | Val Acc: 0.5943 | Val Macro F1: 0.4740 | Val Malig Recall: 0.8362
Epoch 48/60 | Train Loss: 0.9966 | Train Acc: 0.6384 | Train Macro F1: 0.4859 | Train Malig Recall: 0.8173 | Val Loss: 1.0031 | Val Acc: 0.6168 | Val Macro F1: 0.4835 | Val Malig Recall: 0.8976
Epoch 49/60 | Train Loss: 1.0195 | Train Acc: 0.6447 | Train Macro F1: 0.4957 | Train Malig Recall: 0.8114 | Val Loss: 0.9987 | Val Acc: 0.5902 | Val Macro F1: 0.4512 | Val Malig Recall: 0.9283
Epoch 50/60 | Train Loss: 0.9707 | Train Acc: 0.6414 | Train Macro F1: 0.5014 | Train Malig Recall: 0.8136 | Val Loss: 1.0049 | Val Acc: 0.6079 | Val Macro F1: 0.4763 | Val Malig Recall: 0.9010
Epoch 51/60 | Train Loss: 0.9989 | Train Acc: 0.6504 | Train Macro F1: 0.4937 | Train Malig Recall: 0.8019 | Val Loss: 1.0295 | Val Acc: 0.6127 | Val Macro F1: 0.4850 | Val Malig Recall: 0.7918
Epoch 52/60 | Train Loss: 0.9999 | Train Acc: 0.6391 | Train Macro F1: 0.4945 | Train Malig Recall: 0.8063 | Val Loss: 0.9601 | Val Acc: 0.6605 | Val Macro F1: 0.5069 | Val Malig Recall: 0.8362
Epoch 53/60 | Train Loss: 0.9896 | Train Acc: 0.6451 | Train Macro F1: 0.5033 | Train Malig Recall: 0.8034 | Val Loss: 0.9925 | Val Acc: 0.6557 | Val Macro F1: 0.5120 | Val Malig Recall: 0.8532
Saved new best model: val_macro_f1=0.5120
Epoch 54/60 | Train Loss: 0.9833 | Train Acc: 0.6564 | Train Macro F1: 0.5005 | Train Malig Recall: 0.7997 | Val Loss: 1.0157 | Val Acc: 0.6393 | Val Macro F1: 0.4898 | Val Malig Recall: 0.9249
Epoch 55/60 | Train Loss: 0.9982 | Train Acc: 0.6433 | Train Macro F1: 0.4983 | Train Malig Recall: 0.8238 | Val Loss: 0.9719 | Val Acc: 0.6571 | Val Macro F1: 0.4996 | Val Malig Recall: 0.8055
Epoch 56/60 | Train Loss: 0.9773 | Train Acc: 0.6583 | Train Macro F1: 0.5113 | Train Malig Recall: 0.8041 | Val Loss: 0.9650 | Val Acc: 0.6544 | Val Macro F1: 0.5241 | Val Malig Recall: 0.8362
Saved new best model: val_macro_f1=0.5241
Epoch 57/60 | Train Loss: 0.9763 | Train Acc: 0.6391 | Train Macro F1: 0.4955 | Train Malig Recall: 0.8063 | Val Loss: 0.9730 | Val Acc: 0.6673 | Val Macro F1: 0.5190 | Val Malig Recall: 0.8123
Epoch 58/60 | Train Loss: 0.9888 | Train Acc: 0.6428 | Train Macro F1: 0.5066 | Train Malig Recall: 0.8114 | Val Loss: 0.9924 | Val Acc: 0.6161 | Val Macro F1: 0.4890 | Val Malig Recall: 0.8259
Epoch 59/60 | Train Loss: 0.9863 | Train Acc: 0.6435 | Train Macro F1: 0.4992 | Train Malig Recall: 0.8238 | Val Loss: 0.9719 | Val Acc: 0.7042 | Val Macro F1: 0.5462 | Val Malig Recall: 0.7782
Saved new best model: val_macro_f1=0.5462
Epoch 60/60 | Train Loss: 0.9641 | Train Acc: 0.6463 | Train Macro F1: 0.5133 | Train Malig Recall: 0.8143 | Val Loss: 0.9805 | Val Acc: 0.6475 | Val Macro F1: 0.4841 | Val Malig Recall: 0.8942
Test Loss: 0.9564
Test Accuracy: 0.7186
Test Macro F1: 0.5539
Test Balanced Acc: 0.5981
Test Malignant Recall: 0.7304
Test Malignant Specificity: 0.8258
Saved predictions to /ocean/projects/mth250011p/troemer/skin-lesions/preds/basic_cnn_test_predictions.csv
Saved metrics to /ocean/projects/mth250011p/troemer/skin-lesions/preds/basic_cnn_test_metrics.csv
Job finished on Fri May  8 14:58:33 EDT 2026
