Log directory: /ocean/projects/mth250011p/troemer/skin-lesions/logs/create_ham10000-40679323
Job started on Fri May  8 13:45:44 EDT 2026
Running on node: r031.ib.bridges2.psc.edu
Working directory: /ocean/projects/mth250011p/troemer/skin-lesions
Python location: /jet/home/troemer/.conda/envs/stat214/bin/python
Python version: Python 3.14.3
Metadata path: /ocean/projects/mth250011p/troemer/datasets/kmader/skin-cancer-mnist-ham10000/versions/2/HAM10000_metadata.csv
Common HAM/PAD labels: ['akiec', 'bcc', 'bkl', 'mel', 'nv']
PAD mapping: {'akiec': 'ACK', 'bcc': 'BCC', 'bkl': 'SEK', 'mel': 'MEL', 'nv': 'NEV'}
Missing full images: 0
Train counts:
dx
akiec     229
bcc       360
bkl       769
mel       779
nv       4693
Name: count, dtype: int64
Val counts:
dx
akiec      49
bcc        77
bkl       165
mel       167
nv       1006
Name: count, dtype: int64
Test counts:
dx
akiec      49
bcc        77
bkl       165
mel       167
nv       1006
Name: count, dtype: int64
Saved train split to /ocean/projects/mth250011p/troemer/skin-lesions/data/splits/ham10000_train.csv
Saved val split to /ocean/projects/mth250011p/troemer/skin-lesions/data/splits/ham10000_val.csv
Saved test split to /ocean/projects/mth250011p/troemer/skin-lesions/data/splits/ham10000_test.csv
Job finished on Fri May  8 13:46:32 EDT 2026
