wandb: [wandb.login()] Using explicit session credentials for https://api.wandb.ai.
wandb: Appending key for api.wandb.ai to your netrc file: /jet/home/troemer/.netrc
wandb: Currently logged in as: tnroemer (tnroemer-berk) to https://api.wandb.ai. Use `wandb login --relogin` to force relogin
wandb: Tracking run with wandb version 0.26.1
wandb: Run data is saved locally in /ocean/projects/mth250011p/troemer/wandb/wandb/run-20260510_232015-6ygmrk2s
wandb: Run `wandb offline` to turn off syncing.
wandb: Syncing run basic-cnn
wandb: ‚≠źÔłŹ View project at https://wandb.ai/tnroemer-berk/skin-cancer-cnn
wandb: ūüöÄ View run at https://wandb.ai/tnroemer-berk/skin-cancer-cnn/runs/6ygmrk2s
wandb: WARNING Saving files without folders. If you want to preserve subdirectories pass base_path to wandb.save, i.e. wandb.save("/mnt/folder/file.h5", base_path="/mnt")
wandb: WARNING Symlinked 1 file into the W&B run directory; call wandb.save again to sync new files.
wandb: updating run metadata
wandb: uploading output.log
wandb: 
wandb: Run history:
wandb:                  epoch ‚ĖĀ‚ĖĀ‚ĖĀ‚ĖĀ‚Ėā‚Ėā‚Ėā‚Ėā‚Ėā‚Ėā‚ĖÉ‚ĖÉ‚ĖÉ‚ĖÉ‚ĖÉ‚ĖĄ‚ĖĄ‚ĖĄ‚ĖĄ‚ĖĄ‚ĖĄ‚ĖĄ‚ĖÖ‚ĖÖ‚ĖÖ‚ĖÖ‚ĖÖ‚ĖÖ‚ĖÜ‚ĖÜ‚ĖÜ‚ĖÜ‚Ėá‚Ėá‚Ėá‚Ėá‚Ėá‚Ėá‚Ėą‚Ėą
wandb:          learning_rate ‚Ėą‚Ėą‚Ėą‚Ėą‚Ėą‚Ėą‚Ėą‚Ėą‚Ėą‚Ėą‚Ėá‚Ėá‚Ėá‚Ėá‚Ėá‚Ėá‚ĖÜ‚ĖÜ‚ĖÜ‚ĖÜ‚ĖÖ‚ĖÖ‚ĖÖ‚ĖĄ‚ĖĄ‚ĖĄ‚ĖĄ‚ĖÉ‚ĖÉ‚ĖÉ‚Ėā‚Ėā‚Ėā‚Ėā‚Ėā‚Ėā‚ĖĀ‚ĖĀ‚ĖĀ‚ĖĀ
wandb:          test/accuracy ‚ĖĀ
wandb: test/balanced_accuracy ‚ĖĀ
wandb:                test/f1 ‚ĖĀ
wandb:              test/loss ‚ĖĀ
wandb:         test/precision ‚ĖĀ
wandb:       test/sensitivity ‚ĖĀ
wandb:       test/specificity ‚ĖĀ
wandb:             train/loss ‚Ėą‚Ėá‚Ėá‚ĖÜ‚ĖÜ‚ĖÖ‚ĖĄ‚ĖÖ‚ĖĄ‚ĖĄ‚ĖĄ‚ĖÉ‚ĖĄ‚ĖÉ‚ĖÉ‚ĖĄ‚ĖÉ‚ĖÉ‚ĖÉ‚ĖÉ‚ĖÉ‚ĖÉ‚ĖÉ‚ĖÉ‚ĖÉ‚Ėā‚Ėā‚Ėā‚Ėā‚Ėā‚Ėā‚Ėā‚Ėā‚Ėā‚Ėā‚Ėā‚ĖĀ‚Ėā‚ĖĀ‚ĖĀ
wandb:                    +16 ...
wandb: 
wandb: Run summary:
wandb:                 best_epoch 37
wandb:          best_val_accuracy 0.74112
wandb: best_val_balanced_accuracy 0.80107
wandb:                best_val_f1 0.58214
wandb:         best_val_precision 0.42997
wandb:       best_val_sensitivity 0.90102
wandb:       best_val_specificity 0.70111
wandb:         best_val_threshold 0.47688
wandb:                      epoch 57
wandb:              learning_rate 0.0
wandb:                        +32 ...
wandb: 
wandb: ūüöÄ View run basic-cnn at: https://wandb.ai/tnroemer-berk/skin-cancer-cnn/runs/6ygmrk2s
wandb: ‚≠źÔłŹ View project at: https://wandb.ai/tnroemer-berk/skin-cancer-cnn
wandb: Synced 5 W&B file(s), 0 media file(s), 0 artifact file(s) and 1 other file(s)
wandb: Find logs at: /ocean/projects/mth250011p/troemer/wandb/wandb/run-20260510_232015-6ygmrk2s/logs
