Log directory: /ocean/projects/mth250011p/troemer/skin-lesions/logs/train_ham10000_lesion_white_pretrained_resnet50-40738565
Job started on Mon May 11 02:32:04 EDT 2026
Running on node: v004.ib.bridges2.psc.edu
Working directory: /ocean/projects/mth250011p/troemer/skin-lesions
Python location: /jet/home/troemer/.conda/envs/stat214/bin/python
Python version: Python 3.14.3
train examples found: 6830
train missing images: 0
val examples found: 1464
val missing images: 0
test examples found: 1464
test missing images: 0
Train counts:
dx
akiec     229
bcc       360
bkl       769
mel       779
nv       4693
Name: count, dtype: int64
Binary train counts:
binary_class
benign       5462
malignant    1368
Name: count, dtype: int64
BCE pos_weight (negatives / positives): 3.9927
CUDA available: True
GPU: Tesla V100-SXM2-32GB
Trainable parameters: 2049
Epoch 1/60 | Train Loss: 0.8533 | Val Loss: 0.7467 | Val Threshold: 0.4029 | Val Sens: 0.9010 | Val Spec: 0.6208
Saved new best model: val_specificity=0.6208
Epoch 2/60 | Train Loss: 0.7581 | Val Loss: 0.7217 | Val Threshold: 0.3160 | Val Sens: 0.9010 | Val Spec: 0.6567
Saved new best model: val_specificity=0.6567
Epoch 3/60 | Train Loss: 0.7507 | Val Loss: 0.7003 | Val Threshold: 0.3733 | Val Sens: 0.9010 | Val Spec: 0.6499
Epoch 4/60 | Train Loss: 0.7342 | Val Loss: 0.7018 | Val Threshold: 0.3235 | Val Sens: 0.9010 | Val Spec: 0.6618
Saved new best model: val_specificity=0.6618
Epoch 5/60 | Train Loss: 0.7261 | Val Loss: 0.7025 | Val Threshold: 0.3250 | Val Sens: 0.9010 | Val Spec: 0.6772
Saved new best model: val_specificity=0.6772
Unfroze pretrained ResNet50 layer4 at epoch 6.
Epoch 6/60 | Train Loss: 0.7143 | Val Loss: 0.6650 | Val Threshold: 0.4122 | Val Sens: 0.9044 | Val Spec: 0.6798
Saved new best model: val_specificity=0.6798
Epoch 7/60 | Train Loss: 0.6927 | Val Loss: 0.6641 | Val Threshold: 0.3565 | Val Sens: 0.9010 | Val Spec: 0.6960
Saved new best model: val_specificity=0.6960
Epoch 8/60 | Train Loss: 0.6688 | Val Loss: 0.6354 | Val Threshold: 0.4402 | Val Sens: 0.9010 | Val Spec: 0.7208
Saved new best model: val_specificity=0.7208
Epoch 9/60 | Train Loss: 0.6449 | Val Loss: 0.6544 | Val Threshold: 0.3134 | Val Sens: 0.9010 | Val Spec: 0.6892
Epoch 10/60 | Train Loss: 0.6445 | Val Loss: 0.6394 | Val Threshold: 0.3014 | Val Sens: 0.9010 | Val Spec: 0.7242
Saved new best model: val_specificity=0.7242
Epoch 11/60 | Train Loss: 0.6227 | Val Loss: 0.6371 | Val Threshold: 0.3299 | Val Sens: 0.9010 | Val Spec: 0.7353
Saved new best model: val_specificity=0.7353
Epoch 12/60 | Train Loss: 0.6131 | Val Loss: 0.6103 | Val Threshold: 0.3787 | Val Sens: 0.9010 | Val Spec: 0.7267
Epoch 13/60 | Train Loss: 0.6056 | Val Loss: 0.6083 | Val Threshold: 0.3865 | Val Sens: 0.9044 | Val Spec: 0.7259
Epoch 14/60 | Train Loss: 0.6034 | Val Loss: 0.6660 | Val Threshold: 0.2546 | Val Sens: 0.9010 | Val Spec: 0.7122
Epoch 15/60 | Train Loss: 0.5860 | Val Loss: 0.6592 | Val Threshold: 0.2678 | Val Sens: 0.9010 | Val Spec: 0.7148
Epoch 16/60 | Train Loss: 0.5608 | Val Loss: 0.6232 | Val Threshold: 0.2780 | Val Sens: 0.9010 | Val Spec: 0.7387
Saved new best model: val_specificity=0.7387
Epoch 17/60 | Train Loss: 0.5598 | Val Loss: 0.6256 | Val Threshold: 0.2993 | Val Sens: 0.9010 | Val Spec: 0.7464
Saved new best model: val_specificity=0.7464
Epoch 18/60 | Train Loss: 0.5592 | Val Loss: 0.6346 | Val Threshold: 0.2896 | Val Sens: 0.9010 | Val Spec: 0.7370
Epoch 19/60 | Train Loss: 0.5442 | Val Loss: 0.6261 | Val Threshold: 0.3483 | Val Sens: 0.9010 | Val Spec: 0.7472
Saved new best model: val_specificity=0.7472
Epoch 20/60 | Train Loss: 0.5295 | Val Loss: 0.6094 | Val Threshold: 0.3291 | Val Sens: 0.9010 | Val Spec: 0.7541
Saved new best model: val_specificity=0.7541
Epoch 21/60 | Train Loss: 0.5286 | Val Loss: 0.6389 | Val Threshold: 0.2804 | Val Sens: 0.9010 | Val Spec: 0.7592
Saved new best model: val_specificity=0.7592
Epoch 22/60 | Train Loss: 0.5092 | Val Loss: 0.6589 | Val Threshold: 0.2359 | Val Sens: 0.9010 | Val Spec: 0.7541
Epoch 23/60 | Train Loss: 0.5057 | Val Loss: 0.6710 | Val Threshold: 0.2384 | Val Sens: 0.9010 | Val Spec: 0.7600
Saved new best model: val_specificity=0.7600
Epoch 24/60 | Train Loss: 0.4959 | Val Loss: 0.6377 | Val Threshold: 0.2568 | Val Sens: 0.9010 | Val Spec: 0.7558
Epoch 25/60 | Train Loss: 0.5030 | Val Loss: 0.6143 | Val Threshold: 0.3132 | Val Sens: 0.9010 | Val Spec: 0.7566
Epoch 26/60 | Train Loss: 0.4919 | Val Loss: 0.6533 | Val Threshold: 0.2452 | Val Sens: 0.9010 | Val Spec: 0.7387
Epoch 27/60 | Train Loss: 0.4911 | Val Loss: 0.5993 | Val Threshold: 0.3103 | Val Sens: 0.9010 | Val Spec: 0.7532
Epoch 28/60 | Train Loss: 0.4890 | Val Loss: 0.6500 | Val Threshold: 0.2426 | Val Sens: 0.9010 | Val Spec: 0.7711
Saved new best model: val_specificity=0.7711
Epoch 29/60 | Train Loss: 0.4791 | Val Loss: 0.6867 | Val Threshold: 0.2374 | Val Sens: 0.9010 | Val Spec: 0.7617
Epoch 30/60 | Train Loss: 0.4612 | Val Loss: 0.6865 | Val Threshold: 0.2649 | Val Sens: 0.9010 | Val Spec: 0.7558
Epoch 31/60 | Train Loss: 0.4431 | Val Loss: 0.6192 | Val Threshold: 0.3111 | Val Sens: 0.9010 | Val Spec: 0.7780
Saved new best model: val_specificity=0.7780
Epoch 32/60 | Train Loss: 0.4404 | Val Loss: 0.6652 | Val Threshold: 0.2879 | Val Sens: 0.9010 | Val Spec: 0.7711
Epoch 33/60 | Train Loss: 0.4556 | Val Loss: 0.6988 | Val Threshold: 0.2257 | Val Sens: 0.9010 | Val Spec: 0.7575
Epoch 34/60 | Train Loss: 0.4488 | Val Loss: 0.6803 | Val Threshold: 0.2411 | Val Sens: 0.9010 | Val Spec: 0.7523
Epoch 35/60 | Train Loss: 0.4306 | Val Loss: 0.6703 | Val Threshold: 0.2460 | Val Sens: 0.9010 | Val Spec: 0.7515
Epoch 36/60 | Train Loss: 0.4369 | Val Loss: 0.6779 | Val Threshold: 0.2163 | Val Sens: 0.9010 | Val Spec: 0.7430
Epoch 37/60 | Train Loss: 0.4366 | Val Loss: 0.6442 | Val Threshold: 0.2927 | Val Sens: 0.9010 | Val Spec: 0.7566
Epoch 38/60 | Train Loss: 0.4199 | Val Loss: 0.6794 | Val Threshold: 0.2079 | Val Sens: 0.9010 | Val Spec: 0.7498
Epoch 39/60 | Train Loss: 0.4217 | Val Loss: 0.6485 | Val Threshold: 0.2525 | Val Sens: 0.9010 | Val Spec: 0.7472
Epoch 40/60 | Train Loss: 0.4229 | Val Loss: 0.6410 | Val Threshold: 0.2628 | Val Sens: 0.9010 | Val Spec: 0.7378
Epoch 41/60 | Train Loss: 0.4226 | Val Loss: 0.6766 | Val Threshold: 0.2156 | Val Sens: 0.9010 | Val Spec: 0.7455
Epoch 42/60 | Train Loss: 0.4164 | Val Loss: 0.6536 | Val Threshold: 0.2338 | Val Sens: 0.9010 | Val Spec: 0.7430
Epoch 43/60 | Train Loss: 0.4052 | Val Loss: 0.6764 | Val Threshold: 0.2528 | Val Sens: 0.9010 | Val Spec: 0.7686
Epoch 44/60 | Train Loss: 0.4063 | Val Loss: 0.6494 | Val Threshold: 0.2633 | Val Sens: 0.9010 | Val Spec: 0.7575
Epoch 45/60 | Train Loss: 0.4010 | Val Loss: 0.7197 | Val Threshold: 0.1855 | Val Sens: 0.9010 | Val Spec: 0.7558
Epoch 46/60 | Train Loss: 0.4090 | Val Loss: 0.6624 | Val Threshold: 0.2429 | Val Sens: 0.9010 | Val Spec: 0.7549
Epoch 47/60 | Train Loss: 0.3948 | Val Loss: 0.6723 | Val Threshold: 0.2195 | Val Sens: 0.9010 | Val Spec: 0.7506
Epoch 48/60 | Train Loss: 0.4012 | Val Loss: 0.6804 | Val Threshold: 0.2062 | Val Sens: 0.9010 | Val Spec: 0.7549
Epoch 49/60 | Train Loss: 0.4008 | Val Loss: 0.6958 | Val Threshold: 0.1858 | Val Sens: 0.9010 | Val Spec: 0.7515
Epoch 50/60 | Train Loss: 0.3949 | Val Loss: 0.6894 | Val Threshold: 0.1883 | Val Sens: 0.9010 | Val Spec: 0.7481
Epoch 51/60 | Train Loss: 0.4076 | Val Loss: 0.6724 | Val Threshold: 0.2116 | Val Sens: 0.9010 | Val Spec: 0.7498
Early stopping triggered after 51 epochs.
Validation threshold: 0.3111
Validation sensitivity: 0.9010
Validation specificity: 0.7780
Test Loss: 0.6204
Test Accuracy: 0.8163
Test Precision: 0.5245
Test Sensitivity: 0.8771
Test Specificity: 0.8010
Test F1: 0.6564
Test Balanced Acc: 0.8391
Threshold: 0.3111
Saved predictions to /ocean/projects/mth250011p/troemer/skin-lesions/preds/pretrained_resnet50_lesion_white_test_predictions.csv
Saved metrics to /ocean/projects/mth250011p/troemer/skin-lesions/metrics/pretrained_resnet50_lesion_white_test_metrics.csv
Job finished on Mon May 11 03:26:50 EDT 2026
