Log directory: /ocean/projects/mth250011p/troemer/skin-lesions/logs/train_pad_ufes20_full_image_resnet-40732291
Job started on Sun May 10 23:25:22 EDT 2026
Running on node: v020.ib.bridges2.psc.edu
Working directory: /ocean/projects/mth250011p/troemer/skin-lesions
Python location: /jet/home/troemer/.conda/envs/stat214/bin/python
Python version: Python 3.14.3
train examples found: 1472
train missing images: 0
val examples found: 317
val missing images: 0
test examples found: 317
test missing images: 0
PAD-UFES-20 train counts:
dx
akiec    510
bcc      591
bkl      165
mel       36
nv       170
Name: count, dtype: int64
PAD-UFES-20 binary train counts:
binary_class
benign        335
malignant    1137
Name: count, dtype: int64
BCE pos_weight (negatives / positives): 0.2946
CUDA available: True
GPU: Tesla V100-SXM2-32GB
Trainable parameters: 2795297
Epoch 1/60 | Train Loss: 0.3220 | Val Loss: 0.3559 | Val Threshold: 0.3963 | Val Sens: 0.9020 | Val Spec: 0.0972
Saved new best model: val_specificity=0.0972
Epoch 2/60 | Train Loss: 0.3133 | Val Loss: 0.2807 | Val Threshold: 0.3612 | Val Sens: 0.9020 | Val Spec: 0.3750
Saved new best model: val_specificity=0.3750
Epoch 3/60 | Train Loss: 0.2948 | Val Loss: 0.2750 | Val Threshold: 0.3886 | Val Sens: 0.9020 | Val Spec: 0.4167
Saved new best model: val_specificity=0.4167
Epoch 4/60 | Train Loss: 0.2968 | Val Loss: 0.2781 | Val Threshold: 0.3568 | Val Sens: 0.9020 | Val Spec: 0.4167
Epoch 5/60 | Train Loss: 0.2909 | Val Loss: 0.2772 | Val Threshold: 0.3024 | Val Sens: 0.9020 | Val Spec: 0.4583
Saved new best model: val_specificity=0.4583
Epoch 6/60 | Train Loss: 0.3074 | Val Loss: 0.2882 | Val Threshold: 0.3001 | Val Sens: 0.9020 | Val Spec: 0.3472
Epoch 7/60 | Train Loss: 0.2909 | Val Loss: 0.2858 | Val Threshold: 0.1824 | Val Sens: 0.9020 | Val Spec: 0.3333
Epoch 8/60 | Train Loss: 0.2901 | Val Loss: 0.2907 | Val Threshold: 0.4210 | Val Sens: 0.9020 | Val Spec: 0.3750
Epoch 9/60 | Train Loss: 0.2928 | Val Loss: 0.2851 | Val Threshold: 0.3625 | Val Sens: 0.9020 | Val Spec: 0.3472
Epoch 10/60 | Train Loss: 0.2918 | Val Loss: 0.2806 | Val Threshold: 0.3488 | Val Sens: 0.9020 | Val Spec: 0.3194
Epoch 11/60 | Train Loss: 0.2871 | Val Loss: 0.3014 | Val Threshold: 0.3713 | Val Sens: 0.9020 | Val Spec: 0.2361
Epoch 12/60 | Train Loss: 0.2901 | Val Loss: 0.2668 | Val Threshold: 0.3528 | Val Sens: 0.9020 | Val Spec: 0.4167
Epoch 13/60 | Train Loss: 0.2868 | Val Loss: 0.2729 | Val Threshold: 0.2923 | Val Sens: 0.9020 | Val Spec: 0.4167
Epoch 14/60 | Train Loss: 0.2856 | Val Loss: 0.2744 | Val Threshold: 0.3835 | Val Sens: 0.9020 | Val Spec: 0.4167
Epoch 15/60 | Train Loss: 0.2888 | Val Loss: 0.2771 | Val Threshold: 0.3312 | Val Sens: 0.9020 | Val Spec: 0.4167
Epoch 16/60 | Train Loss: 0.2888 | Val Loss: 0.2785 | Val Threshold: 0.3938 | Val Sens: 0.9020 | Val Spec: 0.4028
Epoch 17/60 | Train Loss: 0.2870 | Val Loss: 0.2739 | Val Threshold: 0.3824 | Val Sens: 0.9020 | Val Spec: 0.4444
Epoch 18/60 | Train Loss: 0.2854 | Val Loss: 0.2762 | Val Threshold: 0.3279 | Val Sens: 0.9020 | Val Spec: 0.3611
Epoch 19/60 | Train Loss: 0.2776 | Val Loss: 0.2630 | Val Threshold: 0.3643 | Val Sens: 0.9020 | Val Spec: 0.4167
Epoch 20/60 | Train Loss: 0.2787 | Val Loss: 0.2861 | Val Threshold: 0.1983 | Val Sens: 0.9020 | Val Spec: 0.3333
Epoch 21/60 | Train Loss: 0.2876 | Val Loss: 0.2769 | Val Threshold: 0.2705 | Val Sens: 0.9020 | Val Spec: 0.3472
Epoch 22/60 | Train Loss: 0.2812 | Val Loss: 0.2695 | Val Threshold: 0.2299 | Val Sens: 0.9020 | Val Spec: 0.4167
Epoch 23/60 | Train Loss: 0.2800 | Val Loss: 0.2675 | Val Threshold: 0.2949 | Val Sens: 0.9020 | Val Spec: 0.4306
Epoch 24/60 | Train Loss: 0.2820 | Val Loss: 0.2704 | Val Threshold: 0.3847 | Val Sens: 0.9020 | Val Spec: 0.4167
Epoch 25/60 | Train Loss: 0.2733 | Val Loss: 0.2790 | Val Threshold: 0.2907 | Val Sens: 0.9020 | Val Spec: 0.3889
Early stopping triggered after 25 epochs.
Validation threshold: 0.3024
Validation sensitivity: 0.9020
Validation specificity: 0.4583
Test Loss: 0.2918
Test Accuracy: 0.7855
Test Precision: 0.8417
Test Sensitivity: 0.8898
Test Specificity: 0.4306
Test F1: 0.8651
Test Balanced Acc: 0.6602
Threshold: 0.3024
Saved predictions to /ocean/projects/mth250011p/troemer/skin-lesions/preds/pad_ufes20_resnet_test_predictions.csv
Saved metrics to /ocean/projects/mth250011p/troemer/skin-lesions/metrics/pad_ufes20_resnet_test_metrics.csv
Job finished on Sun May 10 23:39:44 EDT 2026
