Casting the dataset:   0%|          | 0/10015 [00:00<?, ? examples/s]Casting the dataset: 100%|в–Ҳв–Ҳв–Ҳв–Ҳв–Ҳв–Ҳв–Ҳв–Ҳв–Ҳв–Ҳ| 10015/10015 [00:00<00:00, 2384940.36 examples/s]
wandb: [wandb.login()] Using explicit session credentials for https://api.wandb.ai.
wandb: Appending key for api.wandb.ai to your netrc file: /jet/home/troemer/.netrc
wandb: Currently logged in as: tnroemer (tnroemer-berk) to https://api.wandb.ai. Use `wandb login --relogin` to force relogin
wandb: setting up run iy1busag
wandb: Tracking run with wandb version 0.26.1
wandb: Run data is saved locally in /ocean/projects/mth250011p/troemer/wandb/wandb/run-20260507_204718-iy1busag
wandb: Run `wandb offline` to turn off syncing.
wandb: Syncing run basic-cnn-lesion-white-binary
wandb: вӯҗпёҸ View project at https://wandb.ai/tnroemer-berk/skin-cancer-cnn
wandb: рҹҡҖ View run at https://wandb.ai/tnroemer-berk/skin-cancer-cnn/runs/iy1busag
wandb: WARNING Saving files without folders. If you want to preserve subdirectories pass base_path to wandb.save, i.e. wandb.save("/mnt/folder/file.h5", base_path="/mnt")
wandb: WARNING Symlinked 1 file into the W&B run directory; call wandb.save again to sync new files.
wandb: updating run metadata
wandb: uploading output.log; uploading wandb-summary.json; uploading config.yaml
wandb: 
wandb: Run history:
wandb:           epoch в–Ғв–Ғв–Ғв–Ӯв–Ӯв–Ӯв–Ӯв–Ӯв–Ӯв–ғв–ғв–ғв–ғв–ғв–„в–„в–„в–„в–„в–„в–…в–…в–…в–…в–…в–…в–Ҷв–Ҷв–Ҷв–Ҷв–Ҷв–Үв–Үв–Үв–Үв–Үв–Үв–Ҳв–Ҳв–Ҳ
wandb:   test/accuracy в–Ғ
wandb:         test/f1 в–Ғ
wandb:       test/loss в–Ғ
wandb:  test/precision в–Ғ
wandb:     test/recall в–Ғ
wandb:  train/accuracy в–Ғв–Ӯв–ғв–ғв–„в–„в–…в–„в–…в–…в–Ҷв–Ҷв–Ҷв–Ҷв–Ҷв–Үв–Ҷв–Ҷв–Үв–Үв–Үв–Үв–Үв–Үв–Үв–Үв–Үв–Үв–Үв–Үв–Ҳв–Ҳв–Ҳв–Ҳв–Ҳв–Ҳв–Ҳв–Ҳв–Ҳв–Ҳ
wandb:        train/f1 в–Ғв–ғв–ғв–„в–„в–„в–„в–„в–„в–…в–Ҷв–Ҷв–Ҷв–Ҷв–Ҷв–Ҷв–Ҷв–Ҷв–Ҷв–Ҷв–Ҷв–Үв–Үв–Үв–Үв–Үв–Үв–Үв–Үв–Үв–Ҳв–Ҳв–Үв–Үв–Ҳв–Ҳв–Ҳв–Ҳв–Ҳв–Ҳ
wandb:      train/loss в–Ҳв–Ҷв–…в–…в–…в–…в–„в–„в–„в–„в–ғв–ғв–ғв–ғв–ғв–ғв–ғв–ғв–ғв–ғв–Ӯв–Ӯв–Ӯв–Ӯв–Ӯв–Ӯв–Ӯв–Ӯв–Ӯв–Ӯв–Ӯв–Ғв–Ӯв–Ӯв–Ғв–Ғв–Ғв–Ғв–Ғв–Ғ
wandb: train/precision в–Ғв–Ӯв–ғв–ғв–„в–„в–„в–„в–„в–„в–…в–…в–…в–Ҷв–…в–Ҷв–Ҷв–Ҷв–Ҷв–Ҷв–Ҷв–Үв–Үв–Үв–Үв–Үв–Үв–Үв–Үв–Үв–Үв–Ҳв–Үв–Үв–Ҳв–Ҳв–Ҳв–Ҳв–Ҳв–Ҳ
wandb:              +6 ...
wandb: 
wandb: Run summary:
wandb:         best_epoch 32
wandb:  best_val_accuracy 0.8003
wandb:        best_val_f1 0.57447
wandb: best_val_precision 0.4918
wandb:    best_val_recall 0.69054
wandb:              epoch 40
wandb:      test/accuracy 0.8003
wandb:            test/f1 0.57447
wandb:          test/loss 0.77993
wandb:     test/precision 0.4918
wandb:                +16 ...
wandb: 
wandb: рҹҡҖ View run basic-cnn-lesion-white-binary at: https://wandb.ai/tnroemer-berk/skin-cancer-cnn/runs/iy1busag
wandb: вӯҗпёҸ View project at: https://wandb.ai/tnroemer-berk/skin-cancer-cnn
wandb: Synced 5 W&B file(s), 0 media file(s), 0 artifact file(s) and 1 other file(s)
wandb: Find logs at: /ocean/projects/mth250011p/troemer/wandb/wandb/run-20260507_204718-iy1busag/logs
