Log directory: /ocean/projects/mth250011p/troemer/skin-lesions/logs/train_ham10000_full_image_resnet-40679932
Job started on Fri May  8 14:45:06 EDT 2026
Running on node: w002.ib.bridges2.psc.edu
Working directory: /ocean/projects/mth250011p/troemer/skin-lesions
Python location: /jet/home/troemer/.conda/envs/stat214/bin/python
Python version: Python 3.14.3
train examples found: 6830
train missing images: 0
val examples found: 1464
val missing images: 0
test examples found: 1464
test missing images: 0
Train counts:
dx
akiec     229
bcc       360
bkl       769
mel       779
nv       4693
Name: count, dtype: int64
Class weights:
akiec: 2.1962
bcc: 1.3970
bkl: 0.6540
mel: 0.6456
nv: 0.1072
CUDA available: True
GPU: NVIDIA H100 80GB HBM3
Epoch 1/60 | Train Loss: 1.3671 | Train Acc: 0.4539 | Train Macro F1: 0.3206 | Train Malig Recall: 0.7522 | Val Loss: 1.2283 | Val Acc: 0.4925 | Val Macro F1: 0.3417 | Val Malig Recall: 0.8191
Saved new best model: val_macro_f1=0.3417
Epoch 2/60 | Train Loss: 1.3025 | Train Acc: 0.4846 | Train Macro F1: 0.3398 | Train Malig Recall: 0.7434 | Val Loss: 1.2453 | Val Acc: 0.5676 | Val Macro F1: 0.3718 | Val Malig Recall: 0.7133
Saved new best model: val_macro_f1=0.3718
Epoch 3/60 | Train Loss: 1.2824 | Train Acc: 0.5007 | Train Macro F1: 0.3594 | Train Malig Recall: 0.7785 | Val Loss: 1.2090 | Val Acc: 0.5417 | Val Macro F1: 0.3756 | Val Malig Recall: 0.7577
Saved new best model: val_macro_f1=0.3756
Epoch 4/60 | Train Loss: 1.2297 | Train Acc: 0.5160 | Train Macro F1: 0.3719 | Train Malig Recall: 0.8070 | Val Loss: 1.2629 | Val Acc: 0.4481 | Val Macro F1: 0.3645 | Val Malig Recall: 0.6962
Epoch 5/60 | Train Loss: 1.2325 | Train Acc: 0.5261 | Train Macro F1: 0.3831 | Train Malig Recall: 0.7851 | Val Loss: 1.1448 | Val Acc: 0.5526 | Val Macro F1: 0.4160 | Val Malig Recall: 0.8635
Saved new best model: val_macro_f1=0.4160
Epoch 6/60 | Train Loss: 1.1836 | Train Acc: 0.5533 | Train Macro F1: 0.3994 | Train Malig Recall: 0.7719 | Val Loss: 1.1182 | Val Acc: 0.5908 | Val Macro F1: 0.4484 | Val Malig Recall: 0.7372
Saved new best model: val_macro_f1=0.4484
Epoch 7/60 | Train Loss: 1.1828 | Train Acc: 0.5596 | Train Macro F1: 0.4007 | Train Malig Recall: 0.7617 | Val Loss: 1.2365 | Val Acc: 0.4857 | Val Macro F1: 0.3772 | Val Malig Recall: 0.7850
Epoch 8/60 | Train Loss: 1.1548 | Train Acc: 0.5763 | Train Macro F1: 0.4220 | Train Malig Recall: 0.7917 | Val Loss: 1.2988 | Val Acc: 0.4092 | Val Macro F1: 0.3445 | Val Malig Recall: 0.7884
Epoch 9/60 | Train Loss: 1.1630 | Train Acc: 0.5766 | Train Macro F1: 0.4148 | Train Malig Recall: 0.7902 | Val Loss: 1.1666 | Val Acc: 0.6025 | Val Macro F1: 0.4295 | Val Malig Recall: 0.7952
Epoch 10/60 | Train Loss: 1.1529 | Train Acc: 0.5782 | Train Macro F1: 0.4191 | Train Malig Recall: 0.7844 | Val Loss: 1.1099 | Val Acc: 0.6387 | Val Macro F1: 0.4519 | Val Malig Recall: 0.7986
Saved new best model: val_macro_f1=0.4519
Epoch 11/60 | Train Loss: 1.1137 | Train Acc: 0.5877 | Train Macro F1: 0.4382 | Train Malig Recall: 0.7807 | Val Loss: 1.0813 | Val Acc: 0.6093 | Val Macro F1: 0.4370 | Val Malig Recall: 0.7474
Epoch 12/60 | Train Loss: 1.1221 | Train Acc: 0.5921 | Train Macro F1: 0.4328 | Train Malig Recall: 0.7749 | Val Loss: 1.0907 | Val Acc: 0.5567 | Val Macro F1: 0.4344 | Val Malig Recall: 0.8225
Epoch 13/60 | Train Loss: 1.1076 | Train Acc: 0.6028 | Train Macro F1: 0.4400 | Train Malig Recall: 0.7792 | Val Loss: 1.1108 | Val Acc: 0.5567 | Val Macro F1: 0.4209 | Val Malig Recall: 0.8430
Epoch 14/60 | Train Loss: 1.1102 | Train Acc: 0.6025 | Train Macro F1: 0.4390 | Train Malig Recall: 0.7939 | Val Loss: 1.0562 | Val Acc: 0.6045 | Val Macro F1: 0.4568 | Val Malig Recall: 0.8123
Saved new best model: val_macro_f1=0.4568
Epoch 15/60 | Train Loss: 1.1023 | Train Acc: 0.6088 | Train Macro F1: 0.4493 | Train Malig Recall: 0.7770 | Val Loss: 1.0291 | Val Acc: 0.5956 | Val Macro F1: 0.4645 | Val Malig Recall: 0.8259
Saved new best model: val_macro_f1=0.4645
Epoch 16/60 | Train Loss: 1.0860 | Train Acc: 0.6179 | Train Macro F1: 0.4591 | Train Malig Recall: 0.7800 | Val Loss: 1.0360 | Val Acc: 0.6851 | Val Macro F1: 0.5047 | Val Malig Recall: 0.7031
Saved new best model: val_macro_f1=0.5047
Epoch 17/60 | Train Loss: 1.0677 | Train Acc: 0.6225 | Train Macro F1: 0.4608 | Train Malig Recall: 0.7800 | Val Loss: 1.1866 | Val Acc: 0.6544 | Val Macro F1: 0.4500 | Val Malig Recall: 0.7338
Epoch 18/60 | Train Loss: 1.0670 | Train Acc: 0.6259 | Train Macro F1: 0.4644 | Train Malig Recall: 0.7939 | Val Loss: 1.0790 | Val Acc: 0.5697 | Val Macro F1: 0.4421 | Val Malig Recall: 0.8020
Epoch 19/60 | Train Loss: 1.0685 | Train Acc: 0.6183 | Train Macro F1: 0.4616 | Train Malig Recall: 0.7917 | Val Loss: 1.0515 | Val Acc: 0.5813 | Val Macro F1: 0.4319 | Val Malig Recall: 0.7816
Epoch 20/60 | Train Loss: 1.0471 | Train Acc: 0.6220 | Train Macro F1: 0.4705 | Train Malig Recall: 0.7814 | Val Loss: 1.0015 | Val Acc: 0.5970 | Val Macro F1: 0.4609 | Val Malig Recall: 0.8362
Epoch 21/60 | Train Loss: 1.0520 | Train Acc: 0.6187 | Train Macro F1: 0.4638 | Train Malig Recall: 0.7792 | Val Loss: 1.0284 | Val Acc: 0.6332 | Val Macro F1: 0.4701 | Val Malig Recall: 0.7372
Epoch 22/60 | Train Loss: 1.0440 | Train Acc: 0.6322 | Train Macro F1: 0.4769 | Train Malig Recall: 0.7844 | Val Loss: 1.0062 | Val Acc: 0.6421 | Val Macro F1: 0.4833 | Val Malig Recall: 0.8225
Epoch 23/60 | Train Loss: 1.0337 | Train Acc: 0.6378 | Train Macro F1: 0.4834 | Train Malig Recall: 0.7734 | Val Loss: 1.0038 | Val Acc: 0.6018 | Val Macro F1: 0.4729 | Val Malig Recall: 0.8225
Epoch 24/60 | Train Loss: 1.0222 | Train Acc: 0.6385 | Train Macro F1: 0.4825 | Train Malig Recall: 0.7858 | Val Loss: 1.0462 | Val Acc: 0.6475 | Val Macro F1: 0.4789 | Val Malig Recall: 0.7611
Epoch 25/60 | Train Loss: 1.0236 | Train Acc: 0.6479 | Train Macro F1: 0.4929 | Train Malig Recall: 0.7807 | Val Loss: 1.0425 | Val Acc: 0.5970 | Val Macro F1: 0.4668 | Val Malig Recall: 0.8020
Epoch 26/60 | Train Loss: 1.0107 | Train Acc: 0.6363 | Train Macro F1: 0.4873 | Train Malig Recall: 0.7887 | Val Loss: 0.9967 | Val Acc: 0.6790 | Val Macro F1: 0.5151 | Val Malig Recall: 0.8225
Saved new best model: val_macro_f1=0.5151
Epoch 27/60 | Train Loss: 0.9955 | Train Acc: 0.6502 | Train Macro F1: 0.5030 | Train Malig Recall: 0.7917 | Val Loss: 0.9686 | Val Acc: 0.6325 | Val Macro F1: 0.4924 | Val Malig Recall: 0.8669
Epoch 28/60 | Train Loss: 1.0205 | Train Acc: 0.6435 | Train Macro F1: 0.4912 | Train Malig Recall: 0.8034 | Val Loss: 1.0367 | Val Acc: 0.6694 | Val Macro F1: 0.4669 | Val Malig Recall: 0.7577
Epoch 29/60 | Train Loss: 0.9964 | Train Acc: 0.6458 | Train Macro F1: 0.4980 | Train Malig Recall: 0.7902 | Val Loss: 1.0006 | Val Acc: 0.6277 | Val Macro F1: 0.4753 | Val Malig Recall: 0.8464
Epoch 30/60 | Train Loss: 0.9946 | Train Acc: 0.6458 | Train Macro F1: 0.4970 | Train Malig Recall: 0.7814 | Val Loss: 0.9794 | Val Acc: 0.6428 | Val Macro F1: 0.4873 | Val Malig Recall: 0.9044
Epoch 31/60 | Train Loss: 0.9764 | Train Acc: 0.6512 | Train Macro F1: 0.5043 | Train Malig Recall: 0.7931 | Val Loss: 0.9519 | Val Acc: 0.6305 | Val Macro F1: 0.5003 | Val Malig Recall: 0.7645
Epoch 32/60 | Train Loss: 0.9681 | Train Acc: 0.6505 | Train Macro F1: 0.5107 | Train Malig Recall: 0.7917 | Val Loss: 0.9776 | Val Acc: 0.6113 | Val Macro F1: 0.4804 | Val Malig Recall: 0.8908
Epoch 33/60 | Train Loss: 0.9544 | Train Acc: 0.6524 | Train Macro F1: 0.5165 | Train Malig Recall: 0.8114 | Val Loss: 0.9279 | Val Acc: 0.6913 | Val Macro F1: 0.5422 | Val Malig Recall: 0.6792
Saved new best model: val_macro_f1=0.5422
Epoch 34/60 | Train Loss: 0.9548 | Train Acc: 0.6622 | Train Macro F1: 0.5249 | Train Malig Recall: 0.8034 | Val Loss: 0.9396 | Val Acc: 0.6687 | Val Macro F1: 0.5184 | Val Malig Recall: 0.8840
Epoch 35/60 | Train Loss: 0.9469 | Train Acc: 0.6577 | Train Macro F1: 0.5187 | Train Malig Recall: 0.8019 | Val Loss: 0.9530 | Val Acc: 0.6694 | Val Macro F1: 0.5122 | Val Malig Recall: 0.8635
Epoch 36/60 | Train Loss: 0.9358 | Train Acc: 0.6537 | Train Macro F1: 0.5160 | Train Malig Recall: 0.8121 | Val Loss: 0.9689 | Val Acc: 0.6906 | Val Macro F1: 0.5120 | Val Malig Recall: 0.7816
Epoch 37/60 | Train Loss: 0.9176 | Train Acc: 0.6637 | Train Macro F1: 0.5271 | Train Malig Recall: 0.7997 | Val Loss: 0.9136 | Val Acc: 0.6298 | Val Macro F1: 0.5158 | Val Malig Recall: 0.8259
Epoch 38/60 | Train Loss: 0.9196 | Train Acc: 0.6630 | Train Macro F1: 0.5338 | Train Malig Recall: 0.8026 | Val Loss: 0.9038 | Val Acc: 0.6373 | Val Macro F1: 0.5260 | Val Malig Recall: 0.8635
Epoch 39/60 | Train Loss: 0.8903 | Train Acc: 0.6766 | Train Macro F1: 0.5389 | Train Malig Recall: 0.8092 | Val Loss: 0.9183 | Val Acc: 0.6175 | Val Macro F1: 0.4919 | Val Malig Recall: 0.8703
Epoch 40/60 | Train Loss: 0.8998 | Train Acc: 0.6710 | Train Macro F1: 0.5439 | Train Malig Recall: 0.8121 | Val Loss: 0.9366 | Val Acc: 0.6769 | Val Macro F1: 0.5275 | Val Malig Recall: 0.8396
Epoch 41/60 | Train Loss: 0.8841 | Train Acc: 0.6709 | Train Macro F1: 0.5432 | Train Malig Recall: 0.8077 | Val Loss: 0.8587 | Val Acc: 0.7056 | Val Macro F1: 0.5740 | Val Malig Recall: 0.7986
Saved new best model: val_macro_f1=0.5740
Epoch 42/60 | Train Loss: 0.8774 | Train Acc: 0.6678 | Train Macro F1: 0.5444 | Train Malig Recall: 0.8246 | Val Loss: 0.9001 | Val Acc: 0.6189 | Val Macro F1: 0.5038 | Val Malig Recall: 0.8294
Epoch 43/60 | Train Loss: 0.8799 | Train Acc: 0.6760 | Train Macro F1: 0.5499 | Train Malig Recall: 0.8143 | Val Loss: 0.8956 | Val Acc: 0.6523 | Val Macro F1: 0.5186 | Val Malig Recall: 0.8703
Epoch 44/60 | Train Loss: 0.8892 | Train Acc: 0.6757 | Train Macro F1: 0.5474 | Train Malig Recall: 0.7982 | Val Loss: 0.8873 | Val Acc: 0.6277 | Val Macro F1: 0.5208 | Val Malig Recall: 0.7782
Epoch 45/60 | Train Loss: 0.8630 | Train Acc: 0.6846 | Train Macro F1: 0.5600 | Train Malig Recall: 0.8216 | Val Loss: 0.8786 | Val Acc: 0.6796 | Val Macro F1: 0.5480 | Val Malig Recall: 0.7577
Epoch 46/60 | Train Loss: 0.8452 | Train Acc: 0.6939 | Train Macro F1: 0.5695 | Train Malig Recall: 0.8063 | Val Loss: 0.9232 | Val Acc: 0.6783 | Val Macro F1: 0.5505 | Val Malig Recall: 0.7679
Epoch 47/60 | Train Loss: 0.8554 | Train Acc: 0.6868 | Train Macro F1: 0.5602 | Train Malig Recall: 0.7968 | Val Loss: 0.8824 | Val Acc: 0.6516 | Val Macro F1: 0.5227 | Val Malig Recall: 0.9181
Epoch 48/60 | Train Loss: 0.8468 | Train Acc: 0.6808 | Train Macro F1: 0.5580 | Train Malig Recall: 0.8238 | Val Loss: 0.8453 | Val Acc: 0.7077 | Val Macro F1: 0.5798 | Val Malig Recall: 0.7713
Saved new best model: val_macro_f1=0.5798
Epoch 49/60 | Train Loss: 0.8572 | Train Acc: 0.6795 | Train Macro F1: 0.5505 | Train Malig Recall: 0.8209 | Val Loss: 0.8380 | Val Acc: 0.6728 | Val Macro F1: 0.5644 | Val Malig Recall: 0.8601
Epoch 50/60 | Train Loss: 0.8339 | Train Acc: 0.6795 | Train Macro F1: 0.5612 | Train Malig Recall: 0.8187 | Val Loss: 0.8693 | Val Acc: 0.7077 | Val Macro F1: 0.5623 | Val Malig Recall: 0.7918
Epoch 51/60 | Train Loss: 0.8376 | Train Acc: 0.6820 | Train Macro F1: 0.5588 | Train Malig Recall: 0.8114 | Val Loss: 0.8874 | Val Acc: 0.6209 | Val Macro F1: 0.5105 | Val Malig Recall: 0.8703
Epoch 52/60 | Train Loss: 0.8375 | Train Acc: 0.6905 | Train Macro F1: 0.5640 | Train Malig Recall: 0.8056 | Val Loss: 0.8140 | Val Acc: 0.6619 | Val Macro F1: 0.5536 | Val Malig Recall: 0.9010
Epoch 53/60 | Train Loss: 0.8260 | Train Acc: 0.6852 | Train Macro F1: 0.5673 | Train Malig Recall: 0.8363 | Val Loss: 0.9553 | Val Acc: 0.6619 | Val Macro F1: 0.5020 | Val Malig Recall: 0.8703
Epoch 54/60 | Train Loss: 0.8140 | Train Acc: 0.6936 | Train Macro F1: 0.5755 | Train Malig Recall: 0.8165 | Val Loss: 0.8711 | Val Acc: 0.6537 | Val Macro F1: 0.5309 | Val Malig Recall: 0.8942
Epoch 55/60 | Train Loss: 0.7898 | Train Acc: 0.6987 | Train Macro F1: 0.5870 | Train Malig Recall: 0.8260 | Val Loss: 0.8409 | Val Acc: 0.6776 | Val Macro F1: 0.5545 | Val Malig Recall: 0.8055
Epoch 56/60 | Train Loss: 0.7984 | Train Acc: 0.6963 | Train Macro F1: 0.5757 | Train Malig Recall: 0.8180 | Val Loss: 0.8458 | Val Acc: 0.6981 | Val Macro F1: 0.5580 | Val Malig Recall: 0.7679
Epoch 57/60 | Train Loss: 0.8048 | Train Acc: 0.6974 | Train Macro F1: 0.5822 | Train Malig Recall: 0.8297 | Val Loss: 0.8415 | Val Acc: 0.6851 | Val Macro F1: 0.5594 | Val Malig Recall: 0.8157
Epoch 58/60 | Train Loss: 0.8193 | Train Acc: 0.6972 | Train Macro F1: 0.5813 | Train Malig Recall: 0.8216 | Val Loss: 0.7997 | Val Acc: 0.6728 | Val Macro F1: 0.5631 | Val Malig Recall: 0.8942
Early stopping triggered after 58 epochs.
Test Loss: 0.9024
Test Accuracy: 0.7172
Test Macro F1: 0.5696
Test Balanced Acc: 0.6277
Test Malignant Recall: 0.6792
Test Malignant Specificity: 0.8497
Saved predictions to /ocean/projects/mth250011p/troemer/skin-lesions/preds/resnet_test_predictions.csv
Saved metrics to /ocean/projects/mth250011p/troemer/skin-lesions/preds/resnet_test_metrics.csv
Job finished on Fri May  8 14:58:50 EDT 2026
