Log directory: /ocean/projects/mth250011p/troemer/skin-lesions/logs/train_ham10000_lesion_white_vit-40732288
Job started on Sun May 10 23:22:33 EDT 2026
Running on node: v022.ib.bridges2.psc.edu
Working directory: /ocean/projects/mth250011p/troemer/skin-lesions
Python location: /jet/home/troemer/.conda/envs/stat214/bin/python
Python version: Python 3.14.3
train examples found: 6830
train missing images: 0
val examples found: 1464
val missing images: 0
test examples found: 1464
test missing images: 0
Train counts:
dx
akiec     229
bcc       360
bkl       769
mel       779
nv       4693
Name: count, dtype: int64
Binary train counts:
binary_class
benign       5462
malignant    1368
Name: count, dtype: int64
BCE pos_weight (negatives / positives): 3.9927
CUDA available: True
GPU: Tesla V100-SXM2-32GB
Trainable parameters: 2043073
Epoch 1/60 | Train Loss: 1.0941 | Val Loss: 1.0418 | Val Threshold: 0.3061 | Val Sens: 0.9010 | Val Spec: 0.3868
Saved new best model: val_specificity=0.3868
Epoch 2/60 | Train Loss: 1.0865 | Val Loss: 1.0272 | Val Threshold: 0.4065 | Val Sens: 0.9010 | Val Spec: 0.3570
Epoch 3/60 | Train Loss: 1.0622 | Val Loss: 0.9689 | Val Threshold: 0.3377 | Val Sens: 0.9010 | Val Spec: 0.4321
Saved new best model: val_specificity=0.4321
Epoch 4/60 | Train Loss: 0.9919 | Val Loss: 0.9259 | Val Threshold: 0.2484 | Val Sens: 0.9010 | Val Spec: 0.4987
Saved new best model: val_specificity=0.4987
Epoch 5/60 | Train Loss: 0.9186 | Val Loss: 0.8817 | Val Threshold: 0.3448 | Val Sens: 0.9010 | Val Spec: 0.5235
Saved new best model: val_specificity=0.5235
Epoch 6/60 | Train Loss: 0.9026 | Val Loss: 0.8568 | Val Threshold: 0.4763 | Val Sens: 0.9010 | Val Spec: 0.5235
Epoch 7/60 | Train Loss: 0.8956 | Val Loss: 0.8189 | Val Threshold: 0.4193 | Val Sens: 0.9010 | Val Spec: 0.5269
Saved new best model: val_specificity=0.5269
Epoch 8/60 | Train Loss: 0.8787 | Val Loss: 0.8400 | Val Threshold: 0.3408 | Val Sens: 0.9010 | Val Spec: 0.5474
Saved new best model: val_specificity=0.5474
Epoch 9/60 | Train Loss: 0.8992 | Val Loss: 0.8133 | Val Threshold: 0.4004 | Val Sens: 0.9010 | Val Spec: 0.5389
Epoch 10/60 | Train Loss: 0.8566 | Val Loss: 0.8602 | Val Threshold: 0.4995 | Val Sens: 0.9010 | Val Spec: 0.5243
Epoch 11/60 | Train Loss: 0.8680 | Val Loss: 0.8142 | Val Threshold: 0.3009 | Val Sens: 0.9010 | Val Spec: 0.5559
Saved new best model: val_specificity=0.5559
Epoch 12/60 | Train Loss: 0.8466 | Val Loss: 0.8148 | Val Threshold: 0.3006 | Val Sens: 0.9010 | Val Spec: 0.5457
Epoch 13/60 | Train Loss: 0.8405 | Val Loss: 0.8089 | Val Threshold: 0.4073 | Val Sens: 0.9010 | Val Spec: 0.5824
Saved new best model: val_specificity=0.5824
Epoch 14/60 | Train Loss: 0.8407 | Val Loss: 0.8279 | Val Threshold: 0.3616 | Val Sens: 0.9010 | Val Spec: 0.5687
Epoch 15/60 | Train Loss: 0.8409 | Val Loss: 0.8039 | Val Threshold: 0.3709 | Val Sens: 0.9010 | Val Spec: 0.5500
Epoch 16/60 | Train Loss: 0.8350 | Val Loss: 0.7814 | Val Threshold: 0.4239 | Val Sens: 0.9010 | Val Spec: 0.5884
Saved new best model: val_specificity=0.5884
Epoch 17/60 | Train Loss: 0.8419 | Val Loss: 0.7863 | Val Threshold: 0.3630 | Val Sens: 0.9010 | Val Spec: 0.5670
Epoch 18/60 | Train Loss: 0.8291 | Val Loss: 0.8290 | Val Threshold: 0.4004 | Val Sens: 0.9010 | Val Spec: 0.5542
Epoch 19/60 | Train Loss: 0.8216 | Val Loss: 0.7606 | Val Threshold: 0.4728 | Val Sens: 0.9010 | Val Spec: 0.6055
Saved new best model: val_specificity=0.6055
Epoch 20/60 | Train Loss: 0.8306 | Val Loss: 0.7835 | Val Threshold: 0.4077 | Val Sens: 0.9010 | Val Spec: 0.5961
Epoch 21/60 | Train Loss: 0.8168 | Val Loss: 0.7718 | Val Threshold: 0.4188 | Val Sens: 0.9010 | Val Spec: 0.5875
Epoch 22/60 | Train Loss: 0.8061 | Val Loss: 0.8507 | Val Threshold: 0.4479 | Val Sens: 0.9010 | Val Spec: 0.5670
Epoch 23/60 | Train Loss: 0.8280 | Val Loss: 0.8524 | Val Threshold: 0.4274 | Val Sens: 0.9010 | Val Spec: 0.5397
Epoch 24/60 | Train Loss: 0.8068 | Val Loss: 0.8623 | Val Threshold: 0.3221 | Val Sens: 0.9010 | Val Spec: 0.5482
Epoch 25/60 | Train Loss: 0.8053 | Val Loss: 0.8003 | Val Threshold: 0.4373 | Val Sens: 0.9010 | Val Spec: 0.6072
Saved new best model: val_specificity=0.6072
Epoch 26/60 | Train Loss: 0.8062 | Val Loss: 0.7555 | Val Threshold: 0.4634 | Val Sens: 0.9010 | Val Spec: 0.6208
Saved new best model: val_specificity=0.6208
Epoch 27/60 | Train Loss: 0.7951 | Val Loss: 0.7719 | Val Threshold: 0.4836 | Val Sens: 0.9010 | Val Spec: 0.5918
Epoch 28/60 | Train Loss: 0.8054 | Val Loss: 0.7801 | Val Threshold: 0.3792 | Val Sens: 0.9010 | Val Spec: 0.5747
Epoch 29/60 | Train Loss: 0.8078 | Val Loss: 0.7597 | Val Threshold: 0.4731 | Val Sens: 0.9010 | Val Spec: 0.5969
Epoch 30/60 | Train Loss: 0.8009 | Val Loss: 0.7515 | Val Threshold: 0.4400 | Val Sens: 0.9010 | Val Spec: 0.6260
Saved new best model: val_specificity=0.6260
Epoch 31/60 | Train Loss: 0.7908 | Val Loss: 0.7615 | Val Threshold: 0.4618 | Val Sens: 0.9010 | Val Spec: 0.6132
Epoch 32/60 | Train Loss: 0.8006 | Val Loss: 0.7894 | Val Threshold: 0.3841 | Val Sens: 0.9010 | Val Spec: 0.5867
Epoch 33/60 | Train Loss: 0.7828 | Val Loss: 0.7625 | Val Threshold: 0.4979 | Val Sens: 0.9010 | Val Spec: 0.6260
Epoch 34/60 | Train Loss: 0.7795 | Val Loss: 0.8272 | Val Threshold: 0.2694 | Val Sens: 0.9010 | Val Spec: 0.5816
Epoch 35/60 | Train Loss: 0.7918 | Val Loss: 0.7571 | Val Threshold: 0.3998 | Val Sens: 0.9010 | Val Spec: 0.5978
Epoch 36/60 | Train Loss: 0.7943 | Val Loss: 0.7420 | Val Threshold: 0.4280 | Val Sens: 0.9010 | Val Spec: 0.6319
Saved new best model: val_specificity=0.6319
Epoch 37/60 | Train Loss: 0.7935 | Val Loss: 0.7510 | Val Threshold: 0.4674 | Val Sens: 0.9010 | Val Spec: 0.6345
Saved new best model: val_specificity=0.6345
Epoch 38/60 | Train Loss: 0.7664 | Val Loss: 0.7461 | Val Threshold: 0.4700 | Val Sens: 0.9010 | Val Spec: 0.6149
Epoch 39/60 | Train Loss: 0.7751 | Val Loss: 0.7493 | Val Threshold: 0.4341 | Val Sens: 0.9010 | Val Spec: 0.6345
Epoch 40/60 | Train Loss: 0.7876 | Val Loss: 0.7413 | Val Threshold: 0.4535 | Val Sens: 0.9010 | Val Spec: 0.6447
Saved new best model: val_specificity=0.6447
Epoch 41/60 | Train Loss: 0.7932 | Val Loss: 0.7485 | Val Threshold: 0.4293 | Val Sens: 0.9010 | Val Spec: 0.6191
Epoch 42/60 | Train Loss: 0.7715 | Val Loss: 0.7433 | Val Threshold: 0.4043 | Val Sens: 0.9010 | Val Spec: 0.6200
Epoch 43/60 | Train Loss: 0.7749 | Val Loss: 0.7387 | Val Threshold: 0.4273 | Val Sens: 0.9010 | Val Spec: 0.6080
Epoch 44/60 | Train Loss: 0.7845 | Val Loss: 0.7457 | Val Threshold: 0.4309 | Val Sens: 0.9010 | Val Spec: 0.6251
Epoch 45/60 | Train Loss: 0.7653 | Val Loss: 0.7407 | Val Threshold: 0.4654 | Val Sens: 0.9010 | Val Spec: 0.6140
Epoch 46/60 | Train Loss: 0.7567 | Val Loss: 0.7446 | Val Threshold: 0.4820 | Val Sens: 0.9010 | Val Spec: 0.6123
Epoch 47/60 | Train Loss: 0.7634 | Val Loss: 0.7427 | Val Threshold: 0.4450 | Val Sens: 0.9010 | Val Spec: 0.6149
Epoch 48/60 | Train Loss: 0.7676 | Val Loss: 0.7384 | Val Threshold: 0.4578 | Val Sens: 0.9010 | Val Spec: 0.6217
Epoch 49/60 | Train Loss: 0.7546 | Val Loss: 0.7398 | Val Threshold: 0.4495 | Val Sens: 0.9010 | Val Spec: 0.6319
Epoch 50/60 | Train Loss: 0.7617 | Val Loss: 0.7295 | Val Threshold: 0.4347 | Val Sens: 0.9010 | Val Spec: 0.6243
Epoch 51/60 | Train Loss: 0.7661 | Val Loss: 0.7335 | Val Threshold: 0.4389 | Val Sens: 0.9010 | Val Spec: 0.6038
Epoch 52/60 | Train Loss: 0.7683 | Val Loss: 0.7298 | Val Threshold: 0.4250 | Val Sens: 0.9010 | Val Spec: 0.6046
Epoch 53/60 | Train Loss: 0.7642 | Val Loss: 0.7358 | Val Threshold: 0.4289 | Val Sens: 0.9010 | Val Spec: 0.5986
Epoch 54/60 | Train Loss: 0.7656 | Val Loss: 0.7324 | Val Threshold: 0.4346 | Val Sens: 0.9010 | Val Spec: 0.6020
Epoch 55/60 | Train Loss: 0.7558 | Val Loss: 0.7317 | Val Threshold: 0.4221 | Val Sens: 0.9010 | Val Spec: 0.6020
Epoch 56/60 | Train Loss: 0.7523 | Val Loss: 0.7308 | Val Threshold: 0.4292 | Val Sens: 0.9010 | Val Spec: 0.6080
Epoch 57/60 | Train Loss: 0.7552 | Val Loss: 0.7304 | Val Threshold: 0.4300 | Val Sens: 0.9010 | Val Spec: 0.6072
Epoch 58/60 | Train Loss: 0.7639 | Val Loss: 0.7292 | Val Threshold: 0.4294 | Val Sens: 0.9010 | Val Spec: 0.6072
Epoch 59/60 | Train Loss: 0.7422 | Val Loss: 0.7297 | Val Threshold: 0.4285 | Val Sens: 0.9010 | Val Spec: 0.6089
Epoch 60/60 | Train Loss: 0.7634 | Val Loss: 0.7297 | Val Threshold: 0.4285 | Val Sens: 0.9010 | Val Spec: 0.6072
Early stopping triggered after 60 epochs.
Validation threshold: 0.4535
Validation sensitivity: 0.9010
Validation specificity: 0.6447
Test Loss: 0.7429
Test Accuracy: 0.7042
Test Precision: 0.3930
Test Sensitivity: 0.8771
Test Specificity: 0.6610
Test F1: 0.5428
Test Balanced Acc: 0.7691
Threshold: 0.4535
Saved predictions to /ocean/projects/mth250011p/troemer/skin-lesions/preds/vit_lesion_white_test_predictions.csv
Saved metrics to /ocean/projects/mth250011p/troemer/skin-lesions/metrics/vit_lesion_white_test_metrics.csv
Job finished on Mon May 11 00:26:34 EDT 2026
