Log directory: /ocean/projects/mth250011p/troemer/skin-lesions/logs/evaluate_pad_ufes20_full_images-40680906
Job started on Fri May  8 16:40:35 EDT 2026
Running on node: w004.ib.bridges2.psc.edu
Working directory: /ocean/projects/mth250011p/troemer/skin-lesions
Python location: /jet/home/troemer/.conda/envs/stat214/bin/python
Python version: Python 3.14.3
Metadata path: /ocean/projects/mth250011p/troemer/datasets/pad-ufes-20/metadata.csv
Found PAD-UFES-20 full_images: 2106
Missing PAD image paths before filtering: 0
PAD common-label counts:
common_label
akiec    730
bcc      845
bkl      235
mel       52
nv       244
Name: count, dtype: int64
CUDA available: True
GPU: NVIDIA H100 80GB HBM3
Evaluating basic_cnn
Saved predictions to /ocean/projects/mth250011p/troemer/skin-lesions/preds/pad_ufes_20_full_images_basic_cnn_predictions.csv
Saved metrics to /ocean/projects/mth250011p/troemer/skin-lesions/preds/pad_ufes_20_full_images_basic_cnn_metrics.csv
Evaluating vit
Saved predictions to /ocean/projects/mth250011p/troemer/skin-lesions/preds/pad_ufes_20_full_images_vit_predictions.csv
Saved metrics to /ocean/projects/mth250011p/troemer/skin-lesions/preds/pad_ufes_20_full_images_vit_metrics.csv
Evaluating resnet
Saved predictions to /ocean/projects/mth250011p/troemer/skin-lesions/preds/pad_ufes_20_full_images_resnet_predictions.csv
Saved metrics to /ocean/projects/mth250011p/troemer/skin-lesions/preds/pad_ufes_20_full_images_resnet_metrics.csv
Job finished on Fri May  8 16:42:10 EDT 2026
