Casting the dataset:   0%|          | 0/10015 [00:00<?, ? examples/s]Casting the dataset: 100%|██████████| 10015/10015 [00:00<00:00, 876201.05 examples/s]
wandb: [wandb.login()] Using explicit session credentials for https://api.wandb.ai.
wandb: Appending key for api.wandb.ai to your netrc file: /jet/home/troemer/.netrc
wandb: Currently logged in as: tnroemer (tnroemer-berk) to https://api.wandb.ai. Use `wandb login --relogin` to force relogin
wandb: Tracking run with wandb version 0.26.1
wandb: Run data is saved locally in /ocean/projects/mth250011p/troemer/wandb/wandb/run-20260507_204312-sqf4eu6j
wandb: Run `wandb offline` to turn off syncing.
wandb: Syncing run vit-binary
wandb: ⭐️ View project at https://wandb.ai/tnroemer-berk/skin-cancer-cnn
wandb: 🚀 View run at https://wandb.ai/tnroemer-berk/skin-cancer-cnn/runs/sqf4eu6j
/ocean/projects/mth250011p/troemer/skin-lesions/src/train_ham10000_full_image_vit.py:178: UserWarning: enable_nested_tensor is True, but self.use_nested_tensor is False because encoder_layer.norm_first was True
  self.transformer = nn.TransformerEncoder(
wandb: WARNING Saving files without folders. If you want to preserve subdirectories pass base_path to wandb.save, i.e. wandb.save("/mnt/folder/file.h5", base_path="/mnt")
wandb: WARNING Symlinked 1 file into the W&B run directory; call wandb.save again to sync new files.
wandb: updating run metadata
wandb: uploading models/vit_binary_best.pt; uploading output.log; uploading wandb-summary.json; uploading config.yaml
wandb: 
wandb: Run history:
wandb:           epoch ▁▁▁▁▂▂▂▂▂▂▃▃▃▃▃▄▄▄▄▄▅▅▅▅▅▅▆▆▆▆▆▆▇▇▇▇▇███
wandb:   test/accuracy ▁
wandb:         test/f1 ▁
wandb:       test/loss ▁
wandb:  test/precision ▁
wandb:     test/recall ▁
wandb:  train/accuracy ▁▂▃▄▄▅▅▆▆▆▆▆▆▆▆▇▇▇▆▇▇▇▇▇▇▇▇▇▇▇▇█████████
wandb:        train/f1 ▁▂▃▄▄▅▅▅▅▅▆▆▆▆▆▆▆▆▆▆▇▇▇▇▇▇▇▇▇▇▇▇▇█▇█████
wandb:      train/loss █▆▅▄▄▄▄▄▃▃▃▃▃▃▃▃▃▃▂▂▂▂▂▂▂▂▂▂▂▁▁▂▁▁▁▁▁▁▁▁
wandb: train/precision ▁▂▃▃▃▄▄▄▅▅▅▆▆▅▆▆▆▆▆▆▇▆▆▇▇▇▇▇▇▇█▇▇█▇█████
wandb:              +6 ...
wandb: 
wandb: Run summary:
wandb:         best_epoch 50
wandb:  best_val_accuracy 0.79081
wandb:        best_val_f1 0.60057
wandb: best_val_precision 0.47872
wandb:    best_val_recall 0.80563
wandb:              epoch 50
wandb:      test/accuracy 0.79081
wandb:            test/f1 0.60057
wandb:          test/loss 0.68723
wandb:     test/precision 0.47872
wandb:                +16 ...
wandb: 
wandb: 🚀 View run vit-binary at: https://wandb.ai/tnroemer-berk/skin-cancer-cnn/runs/sqf4eu6j
wandb: ⭐️ View project at: https://wandb.ai/tnroemer-berk/skin-cancer-cnn
wandb: Synced 5 W&B file(s), 0 media file(s), 0 artifact file(s) and 1 other file(s)
wandb: Find logs at: /ocean/projects/mth250011p/troemer/wandb/wandb/run-20260507_204312-sqf4eu6j/logs
