Log directory: /ocean/projects/mth250011p/troemer/skin-lesions/logs/train_ham10000_full_image_resnet-40738560
Job started on Mon May 11 01:57:27 EDT 2026
Running on node: w006.ib.bridges2.psc.edu
Working directory: /ocean/projects/mth250011p/troemer/skin-lesions
Python location: /jet/home/troemer/.conda/envs/stat214/bin/python
Python version: Python 3.14.3
train examples found: 6830
train missing images: 0
val examples found: 1464
val missing images: 0
test examples found: 1464
test missing images: 0
Train counts:
dx
akiec     229
bcc       360
bkl       769
mel       779
nv       4693
Name: count, dtype: int64
Binary train counts:
binary_class
benign       5462
malignant    1368
Name: count, dtype: int64
BCE pos_weight (negatives / positives): 3.9927
CUDA available: True
GPU: NVIDIA H100 80GB HBM3
Trainable parameters: 2795297
Epoch 1/60 | Train Loss: 1.0464 | Val Loss: 0.8817 | Val Threshold: 0.4469 | Val Sens: 0.9010 | Val Spec: 0.5167
Saved new best model: val_specificity=0.5167
Epoch 2/60 | Train Loss: 1.0112 | Val Loss: 0.9189 | Val Threshold: 0.3066 | Val Sens: 0.9010 | Val Spec: 0.4962
Epoch 3/60 | Train Loss: 0.9308 | Val Loss: 0.8246 | Val Threshold: 0.4486 | Val Sens: 0.9010 | Val Spec: 0.5585
Saved new best model: val_specificity=0.5585
Epoch 4/60 | Train Loss: 0.8850 | Val Loss: 0.8021 | Val Threshold: 0.4323 | Val Sens: 0.9010 | Val Spec: 0.5739
Saved new best model: val_specificity=0.5739
Epoch 5/60 | Train Loss: 0.8763 | Val Loss: 0.7557 | Val Threshold: 0.5253 | Val Sens: 0.9010 | Val Spec: 0.6046
Saved new best model: val_specificity=0.6046
Epoch 6/60 | Train Loss: 0.8367 | Val Loss: 0.8243 | Val Threshold: 0.5479 | Val Sens: 0.9010 | Val Spec: 0.5414
Epoch 7/60 | Train Loss: 0.8728 | Val Loss: 0.8109 | Val Threshold: 0.5235 | Val Sens: 0.9010 | Val Spec: 0.5491
Epoch 8/60 | Train Loss: 0.8335 | Val Loss: 0.7543 | Val Threshold: 0.5395 | Val Sens: 0.9010 | Val Spec: 0.6268
Saved new best model: val_specificity=0.6268
Epoch 9/60 | Train Loss: 0.8201 | Val Loss: 0.7627 | Val Threshold: 0.4714 | Val Sens: 0.9010 | Val Spec: 0.6371
Saved new best model: val_specificity=0.6371
Epoch 10/60 | Train Loss: 0.8128 | Val Loss: 1.0395 | Val Threshold: 0.0962 | Val Sens: 0.9010 | Val Spec: 0.5901
Epoch 11/60 | Train Loss: 0.8387 | Val Loss: 0.8668 | Val Threshold: 0.5189 | Val Sens: 0.9010 | Val Spec: 0.5457
Epoch 12/60 | Train Loss: 0.8186 | Val Loss: 0.7285 | Val Threshold: 0.4620 | Val Sens: 0.9010 | Val Spec: 0.6456
Saved new best model: val_specificity=0.6456
Epoch 13/60 | Train Loss: 0.7979 | Val Loss: 0.7965 | Val Threshold: 0.5818 | Val Sens: 0.9010 | Val Spec: 0.6183
Epoch 14/60 | Train Loss: 0.7982 | Val Loss: 0.8032 | Val Threshold: 0.5068 | Val Sens: 0.9010 | Val Spec: 0.6174
Epoch 15/60 | Train Loss: 0.7889 | Val Loss: 0.7536 | Val Threshold: 0.4623 | Val Sens: 0.9010 | Val Spec: 0.6097
Epoch 16/60 | Train Loss: 0.7825 | Val Loss: 0.7641 | Val Threshold: 0.4083 | Val Sens: 0.9010 | Val Spec: 0.6089
Epoch 17/60 | Train Loss: 0.7908 | Val Loss: 0.7464 | Val Threshold: 0.4542 | Val Sens: 0.9010 | Val Spec: 0.6149
Epoch 18/60 | Train Loss: 0.7765 | Val Loss: 0.7365 | Val Threshold: 0.5599 | Val Sens: 0.9010 | Val Spec: 0.6388
Epoch 19/60 | Train Loss: 0.7860 | Val Loss: 0.7232 | Val Threshold: 0.4127 | Val Sens: 0.9010 | Val Spec: 0.6490
Saved new best model: val_specificity=0.6490
Epoch 20/60 | Train Loss: 0.7589 | Val Loss: 0.7954 | Val Threshold: 0.4861 | Val Sens: 0.9010 | Val Spec: 0.5867
Epoch 21/60 | Train Loss: 0.7836 | Val Loss: 0.7817 | Val Threshold: 0.4888 | Val Sens: 0.9010 | Val Spec: 0.6020
Epoch 22/60 | Train Loss: 0.7820 | Val Loss: 0.7228 | Val Threshold: 0.3824 | Val Sens: 0.9010 | Val Spec: 0.6294
Epoch 23/60 | Train Loss: 0.7534 | Val Loss: 0.7338 | Val Threshold: 0.5115 | Val Sens: 0.9010 | Val Spec: 0.6618
Saved new best model: val_specificity=0.6618
Epoch 24/60 | Train Loss: 0.7708 | Val Loss: 0.7301 | Val Threshold: 0.5258 | Val Sens: 0.9010 | Val Spec: 0.6678
Saved new best model: val_specificity=0.6678
Epoch 25/60 | Train Loss: 0.7609 | Val Loss: 0.8388 | Val Threshold: 0.2259 | Val Sens: 0.9010 | Val Spec: 0.5935
Epoch 26/60 | Train Loss: 0.7542 | Val Loss: 0.7351 | Val Threshold: 0.4561 | Val Sens: 0.9010 | Val Spec: 0.6550
Epoch 27/60 | Train Loss: 0.7524 | Val Loss: 0.7193 | Val Threshold: 0.4245 | Val Sens: 0.9010 | Val Spec: 0.6533
Epoch 28/60 | Train Loss: 0.7505 | Val Loss: 0.7258 | Val Threshold: 0.4705 | Val Sens: 0.9010 | Val Spec: 0.6413
Epoch 29/60 | Train Loss: 0.7618 | Val Loss: 0.7267 | Val Threshold: 0.4097 | Val Sens: 0.9010 | Val Spec: 0.6354
Epoch 30/60 | Train Loss: 0.7470 | Val Loss: 0.7228 | Val Threshold: 0.5221 | Val Sens: 0.9010 | Val Spec: 0.6447
Epoch 31/60 | Train Loss: 0.7440 | Val Loss: 0.7234 | Val Threshold: 0.4360 | Val Sens: 0.9010 | Val Spec: 0.6558
Epoch 32/60 | Train Loss: 0.7429 | Val Loss: 0.7137 | Val Threshold: 0.4936 | Val Sens: 0.9010 | Val Spec: 0.6627
Epoch 33/60 | Train Loss: 0.7449 | Val Loss: 0.7102 | Val Threshold: 0.4061 | Val Sens: 0.9010 | Val Spec: 0.6371
Epoch 34/60 | Train Loss: 0.7307 | Val Loss: 0.7374 | Val Threshold: 0.5522 | Val Sens: 0.9010 | Val Spec: 0.6576
Epoch 35/60 | Train Loss: 0.7535 | Val Loss: 0.7137 | Val Threshold: 0.4129 | Val Sens: 0.9010 | Val Spec: 0.6422
Epoch 36/60 | Train Loss: 0.7320 | Val Loss: 0.7054 | Val Threshold: 0.4203 | Val Sens: 0.9010 | Val Spec: 0.6618
Epoch 37/60 | Train Loss: 0.7378 | Val Loss: 0.7067 | Val Threshold: 0.3620 | Val Sens: 0.9010 | Val Spec: 0.6439
Epoch 38/60 | Train Loss: 0.7206 | Val Loss: 0.7167 | Val Threshold: 0.4365 | Val Sens: 0.9010 | Val Spec: 0.6447
Epoch 39/60 | Train Loss: 0.7220 | Val Loss: 0.7469 | Val Threshold: 0.2901 | Val Sens: 0.9010 | Val Spec: 0.6345
Epoch 40/60 | Train Loss: 0.7243 | Val Loss: 0.6953 | Val Threshold: 0.4399 | Val Sens: 0.9010 | Val Spec: 0.6396
Epoch 41/60 | Train Loss: 0.7189 | Val Loss: 0.7653 | Val Threshold: 0.2807 | Val Sens: 0.9010 | Val Spec: 0.6396
Epoch 42/60 | Train Loss: 0.7178 | Val Loss: 0.7136 | Val Threshold: 0.3591 | Val Sens: 0.9010 | Val Spec: 0.6533
Epoch 43/60 | Train Loss: 0.7223 | Val Loss: 0.6997 | Val Threshold: 0.4040 | Val Sens: 0.9010 | Val Spec: 0.6584
Epoch 44/60 | Train Loss: 0.7240 | Val Loss: 0.7113 | Val Threshold: 0.3228 | Val Sens: 0.9010 | Val Spec: 0.6345
Early stopping triggered after 44 epochs.
Validation threshold: 0.5258
Validation sensitivity: 0.9010
Validation specificity: 0.6678
Test Loss: 0.6929
Test Accuracy: 0.7261
Test Precision: 0.4140
Test Sensitivity: 0.8874
Test Specificity: 0.6857
Test F1: 0.5646
Test Balanced Acc: 0.7866
Threshold: 0.5258
Saved predictions to /ocean/projects/mth250011p/troemer/skin-lesions/preds/resnet_test_predictions.csv
Saved metrics to /ocean/projects/mth250011p/troemer/skin-lesions/metrics/resnet_test_metrics.csv
Job finished on Mon May 11 02:45:56 EDT 2026
