Log directory: /ocean/projects/mth250011p/troemer/skin-lesions/logs/train_ham10000_lesion_white_resnet-40732289
Job started on Sun May 10 23:25:22 EDT 2026
Running on node: v010.ib.bridges2.psc.edu
Working directory: /ocean/projects/mth250011p/troemer/skin-lesions
Python location: /jet/home/troemer/.conda/envs/stat214/bin/python
Python version: Python 3.14.3
train examples found: 6830
train missing images: 0
val examples found: 1464
val missing images: 0
test examples found: 1464
test missing images: 0
Train counts:
dx
akiec     229
bcc       360
bkl       769
mel       779
nv       4693
Name: count, dtype: int64
Binary train counts:
binary_class
benign       5462
malignant    1368
Name: count, dtype: int64
BCE pos_weight (negatives / positives): 3.9927
CUDA available: True
GPU: Tesla V100-SXM2-32GB
Trainable parameters: 2795297
Epoch 1/60 | Train Loss: 1.0091 | Val Loss: 0.8981 | Val Threshold: 0.4761 | Val Sens: 0.9010 | Val Spec: 0.5551
Saved new best model: val_specificity=0.5551
Epoch 2/60 | Train Loss: 0.9679 | Val Loss: 0.8784 | Val Threshold: 0.3570 | Val Sens: 0.9010 | Val Spec: 0.5132
Epoch 3/60 | Train Loss: 0.9560 | Val Loss: 3.7051 | Val Threshold: 0.9777 | Val Sens: 0.9010 | Val Spec: 0.1563
Epoch 4/60 | Train Loss: 0.9400 | Val Loss: 0.8524 | Val Threshold: 0.3956 | Val Sens: 0.9010 | Val Spec: 0.5653
Saved new best model: val_specificity=0.5653
Epoch 5/60 | Train Loss: 0.9194 | Val Loss: 0.8219 | Val Threshold: 0.4207 | Val Sens: 0.9010 | Val Spec: 0.5687
Saved new best model: val_specificity=0.5687
Epoch 6/60 | Train Loss: 0.9079 | Val Loss: 0.8034 | Val Threshold: 0.4778 | Val Sens: 0.9010 | Val Spec: 0.5773
Saved new best model: val_specificity=0.5773
Epoch 7/60 | Train Loss: 0.8932 | Val Loss: 0.8069 | Val Threshold: 0.4931 | Val Sens: 0.9010 | Val Spec: 0.5952
Saved new best model: val_specificity=0.5952
Epoch 8/60 | Train Loss: 0.8807 | Val Loss: 0.8051 | Val Threshold: 0.4246 | Val Sens: 0.9010 | Val Spec: 0.6012
Saved new best model: val_specificity=0.6012
Epoch 9/60 | Train Loss: 0.8777 | Val Loss: 0.8140 | Val Threshold: 0.4609 | Val Sens: 0.9010 | Val Spec: 0.5559
Epoch 10/60 | Train Loss: 0.8813 | Val Loss: 0.8569 | Val Threshold: 0.3996 | Val Sens: 0.9010 | Val Spec: 0.5269
Epoch 11/60 | Train Loss: 0.8831 | Val Loss: 0.8370 | Val Threshold: 0.5235 | Val Sens: 0.9010 | Val Spec: 0.5875
Epoch 12/60 | Train Loss: 0.8645 | Val Loss: 0.8053 | Val Threshold: 0.4501 | Val Sens: 0.9010 | Val Spec: 0.5978
Epoch 13/60 | Train Loss: 0.8615 | Val Loss: 0.7973 | Val Threshold: 0.4720 | Val Sens: 0.9010 | Val Spec: 0.6046
Saved new best model: val_specificity=0.6046
Epoch 14/60 | Train Loss: 0.8710 | Val Loss: 0.7949 | Val Threshold: 0.4801 | Val Sens: 0.9010 | Val Spec: 0.5884
Epoch 15/60 | Train Loss: 0.8523 | Val Loss: 0.8008 | Val Threshold: 0.4392 | Val Sens: 0.9010 | Val Spec: 0.5645
Epoch 16/60 | Train Loss: 0.8561 | Val Loss: 0.7933 | Val Threshold: 0.4916 | Val Sens: 0.9010 | Val Spec: 0.5585
Epoch 17/60 | Train Loss: 0.8490 | Val Loss: 0.7926 | Val Threshold: 0.4640 | Val Sens: 0.9010 | Val Spec: 0.5730
Epoch 18/60 | Train Loss: 0.8515 | Val Loss: 0.7835 | Val Threshold: 0.4574 | Val Sens: 0.9010 | Val Spec: 0.5764
Epoch 19/60 | Train Loss: 0.8439 | Val Loss: 0.7992 | Val Threshold: 0.4442 | Val Sens: 0.9010 | Val Spec: 0.6149
Saved new best model: val_specificity=0.6149
Epoch 20/60 | Train Loss: 0.8251 | Val Loss: 0.7805 | Val Threshold: 0.4486 | Val Sens: 0.9010 | Val Spec: 0.6217
Saved new best model: val_specificity=0.6217
Epoch 21/60 | Train Loss: 0.8308 | Val Loss: 0.7996 | Val Threshold: 0.3728 | Val Sens: 0.9010 | Val Spec: 0.5440
Epoch 22/60 | Train Loss: 0.8309 | Val Loss: 0.7693 | Val Threshold: 0.3789 | Val Sens: 0.9010 | Val Spec: 0.6302
Saved new best model: val_specificity=0.6302
Epoch 23/60 | Train Loss: 0.8156 | Val Loss: 0.7814 | Val Threshold: 0.4807 | Val Sens: 0.9010 | Val Spec: 0.5730
Epoch 24/60 | Train Loss: 0.8216 | Val Loss: 0.7562 | Val Threshold: 0.4078 | Val Sens: 0.9010 | Val Spec: 0.6191
Epoch 25/60 | Train Loss: 0.8116 | Val Loss: 0.7503 | Val Threshold: 0.4986 | Val Sens: 0.9010 | Val Spec: 0.6319
Saved new best model: val_specificity=0.6319
Epoch 26/60 | Train Loss: 0.7874 | Val Loss: 0.7576 | Val Threshold: 0.4657 | Val Sens: 0.9010 | Val Spec: 0.6097
Epoch 27/60 | Train Loss: 0.7883 | Val Loss: 1.1124 | Val Threshold: 0.4824 | Val Sens: 0.9010 | Val Spec: 0.3484
Epoch 28/60 | Train Loss: 0.8007 | Val Loss: 0.7406 | Val Threshold: 0.4998 | Val Sens: 0.9010 | Val Spec: 0.6558
Saved new best model: val_specificity=0.6558
Epoch 29/60 | Train Loss: 0.7979 | Val Loss: 0.7522 | Val Threshold: 0.4211 | Val Sens: 0.9010 | Val Spec: 0.6149
Epoch 30/60 | Train Loss: 0.7815 | Val Loss: 0.7495 | Val Threshold: 0.4417 | Val Sens: 0.9010 | Val Spec: 0.6302
Epoch 31/60 | Train Loss: 0.7699 | Val Loss: 0.7492 | Val Threshold: 0.4818 | Val Sens: 0.9010 | Val Spec: 0.6328
Epoch 32/60 | Train Loss: 0.7771 | Val Loss: 0.7459 | Val Threshold: 0.4164 | Val Sens: 0.9010 | Val Spec: 0.6354
Epoch 33/60 | Train Loss: 0.7879 | Val Loss: 0.7467 | Val Threshold: 0.4137 | Val Sens: 0.9010 | Val Spec: 0.6038
Epoch 34/60 | Train Loss: 0.7566 | Val Loss: 0.7485 | Val Threshold: 0.4520 | Val Sens: 0.9010 | Val Spec: 0.6362
Epoch 35/60 | Train Loss: 0.7759 | Val Loss: 0.7548 | Val Threshold: 0.4146 | Val Sens: 0.9010 | Val Spec: 0.6285
Epoch 36/60 | Train Loss: 0.7522 | Val Loss: 0.7313 | Val Threshold: 0.4179 | Val Sens: 0.9010 | Val Spec: 0.6302
Epoch 37/60 | Train Loss: 0.7561 | Val Loss: 0.7662 | Val Threshold: 0.3816 | Val Sens: 0.9010 | Val Spec: 0.6294
Epoch 38/60 | Train Loss: 0.7460 | Val Loss: 0.7450 | Val Threshold: 0.4383 | Val Sens: 0.9010 | Val Spec: 0.6319
Epoch 39/60 | Train Loss: 0.7383 | Val Loss: 0.7563 | Val Threshold: 0.3787 | Val Sens: 0.9010 | Val Spec: 0.6294
Epoch 40/60 | Train Loss: 0.7387 | Val Loss: 0.7331 | Val Threshold: 0.4415 | Val Sens: 0.9010 | Val Spec: 0.6541
Epoch 41/60 | Train Loss: 0.7478 | Val Loss: 0.7537 | Val Threshold: 0.4064 | Val Sens: 0.9010 | Val Spec: 0.6567
Saved new best model: val_specificity=0.6567
Epoch 42/60 | Train Loss: 0.7441 | Val Loss: 0.7201 | Val Threshold: 0.4397 | Val Sens: 0.9010 | Val Spec: 0.6516
Epoch 43/60 | Train Loss: 0.7439 | Val Loss: 0.7414 | Val Threshold: 0.4044 | Val Sens: 0.9010 | Val Spec: 0.6601
Saved new best model: val_specificity=0.6601
Epoch 44/60 | Train Loss: 0.7341 | Val Loss: 0.7304 | Val Threshold: 0.4016 | Val Sens: 0.9010 | Val Spec: 0.6396
Epoch 45/60 | Train Loss: 0.7402 | Val Loss: 0.7243 | Val Threshold: 0.4118 | Val Sens: 0.9010 | Val Spec: 0.6593
Epoch 46/60 | Train Loss: 0.7255 | Val Loss: 0.7259 | Val Threshold: 0.4164 | Val Sens: 0.9010 | Val Spec: 0.6396
Epoch 47/60 | Train Loss: 0.7224 | Val Loss: 0.7198 | Val Threshold: 0.4492 | Val Sens: 0.9010 | Val Spec: 0.6439
Epoch 48/60 | Train Loss: 0.7170 | Val Loss: 0.7267 | Val Threshold: 0.3942 | Val Sens: 0.9010 | Val Spec: 0.6533
Epoch 49/60 | Train Loss: 0.7345 | Val Loss: 0.7185 | Val Threshold: 0.4273 | Val Sens: 0.9010 | Val Spec: 0.6482
Epoch 50/60 | Train Loss: 0.7112 | Val Loss: 0.7192 | Val Threshold: 0.4433 | Val Sens: 0.9010 | Val Spec: 0.6550
Epoch 51/60 | Train Loss: 0.7198 | Val Loss: 0.7425 | Val Threshold: 0.3845 | Val Sens: 0.9010 | Val Spec: 0.6507
Epoch 52/60 | Train Loss: 0.7125 | Val Loss: 0.7345 | Val Threshold: 0.3826 | Val Sens: 0.9010 | Val Spec: 0.6354
Epoch 53/60 | Train Loss: 0.7123 | Val Loss: 0.7219 | Val Threshold: 0.4249 | Val Sens: 0.9010 | Val Spec: 0.6490
Epoch 54/60 | Train Loss: 0.7105 | Val Loss: 0.7252 | Val Threshold: 0.4095 | Val Sens: 0.9010 | Val Spec: 0.6644
Saved new best model: val_specificity=0.6644
Epoch 55/60 | Train Loss: 0.7117 | Val Loss: 0.7313 | Val Threshold: 0.3774 | Val Sens: 0.9010 | Val Spec: 0.6285
Epoch 56/60 | Train Loss: 0.7174 | Val Loss: 0.7251 | Val Threshold: 0.3948 | Val Sens: 0.9010 | Val Spec: 0.6695
Saved new best model: val_specificity=0.6695
Epoch 57/60 | Train Loss: 0.7083 | Val Loss: 0.7268 | Val Threshold: 0.3870 | Val Sens: 0.9010 | Val Spec: 0.6627
Epoch 58/60 | Train Loss: 0.7120 | Val Loss: 0.7295 | Val Threshold: 0.3928 | Val Sens: 0.9010 | Val Spec: 0.6610
Epoch 59/60 | Train Loss: 0.7124 | Val Loss: 0.7307 | Val Threshold: 0.3915 | Val Sens: 0.9010 | Val Spec: 0.6695
Epoch 60/60 | Train Loss: 0.7141 | Val Loss: 0.7219 | Val Threshold: 0.4033 | Val Sens: 0.9010 | Val Spec: 0.6687
Validation threshold: 0.3948
Validation sensitivity: 0.9010
Validation specificity: 0.6695
Test Loss: 0.6944
Test Accuracy: 0.7295
Test Precision: 0.4181
Test Sensitivity: 0.8976
Test Specificity: 0.6874
Test F1: 0.5705
Test Balanced Acc: 0.7925
Threshold: 0.3948
Saved predictions to /ocean/projects/mth250011p/troemer/skin-lesions/preds/resnet_lesion_white_test_predictions.csv
Saved metrics to /ocean/projects/mth250011p/troemer/skin-lesions/metrics/resnet_lesion_white_test_metrics.csv
Job finished on Mon May 11 00:42:31 EDT 2026
