Log directory: /ocean/projects/mth250011p/troemer/skin-lesions/logs/train_ham10000_full_image_vit-40738559
Job started on Mon May 11 01:52:05 EDT 2026
Running on node: w005.ib.bridges2.psc.edu
Working directory: /ocean/projects/mth250011p/troemer/skin-lesions
Python location: /jet/home/troemer/.conda/envs/stat214/bin/python
Python version: Python 3.14.3
train examples found: 6830
train missing images: 0
val examples found: 1464
val missing images: 0
test examples found: 1464
test missing images: 0
Train counts:
dx
akiec     229
bcc       360
bkl       769
mel       779
nv       4693
Name: count, dtype: int64
Binary train counts:
binary_class
benign       5462
malignant    1368
Name: count, dtype: int64
BCE pos_weight (negatives / positives): 3.9927
CUDA available: True
GPU: NVIDIA H100 80GB HBM3
Trainable parameters: 2043073
Epoch 1/60 | Train Loss: 1.0176 | Val Loss: 0.9973 | Val Threshold: 0.4310 | Val Sens: 0.9010 | Val Spec: 0.5004
Saved new best model: val_specificity=0.5004
Epoch 2/60 | Train Loss: 0.9659 | Val Loss: 0.8884 | Val Threshold: 0.3403 | Val Sens: 0.9010 | Val Spec: 0.5295
Saved new best model: val_specificity=0.5295
Epoch 3/60 | Train Loss: 0.9483 | Val Loss: 0.8356 | Val Threshold: 0.5253 | Val Sens: 0.9010 | Val Spec: 0.5542
Saved new best model: val_specificity=0.5542
Epoch 4/60 | Train Loss: 0.9219 | Val Loss: 0.9113 | Val Threshold: 0.2486 | Val Sens: 0.9010 | Val Spec: 0.5295
Epoch 5/60 | Train Loss: 0.9157 | Val Loss: 0.8326 | Val Threshold: 0.6039 | Val Sens: 0.9010 | Val Spec: 0.5337
Epoch 6/60 | Train Loss: 0.8940 | Val Loss: 0.8605 | Val Threshold: 0.3303 | Val Sens: 0.9010 | Val Spec: 0.5371
Epoch 7/60 | Train Loss: 0.8995 | Val Loss: 0.8101 | Val Threshold: 0.6128 | Val Sens: 0.9010 | Val Spec: 0.5687
Saved new best model: val_specificity=0.5687
Epoch 8/60 | Train Loss: 0.8767 | Val Loss: 0.8660 | Val Threshold: 0.5822 | Val Sens: 0.9010 | Val Spec: 0.5909
Saved new best model: val_specificity=0.5909
Epoch 9/60 | Train Loss: 0.8710 | Val Loss: 0.9631 | Val Threshold: 0.1286 | Val Sens: 0.9010 | Val Spec: 0.5440
Epoch 10/60 | Train Loss: 0.8558 | Val Loss: 0.7639 | Val Threshold: 0.5164 | Val Sens: 0.9010 | Val Spec: 0.6149
Saved new best model: val_specificity=0.6149
Epoch 11/60 | Train Loss: 0.8521 | Val Loss: 0.7488 | Val Threshold: 0.4760 | Val Sens: 0.9010 | Val Spec: 0.6456
Saved new best model: val_specificity=0.6456
Epoch 12/60 | Train Loss: 0.8375 | Val Loss: 0.7908 | Val Threshold: 0.3923 | Val Sens: 0.9010 | Val Spec: 0.6080
Epoch 13/60 | Train Loss: 0.8384 | Val Loss: 0.7683 | Val Threshold: 0.4724 | Val Sens: 0.9010 | Val Spec: 0.6243
Epoch 14/60 | Train Loss: 0.8284 | Val Loss: 0.7651 | Val Threshold: 0.4102 | Val Sens: 0.9010 | Val Spec: 0.6225
Epoch 15/60 | Train Loss: 0.8162 | Val Loss: 0.7586 | Val Threshold: 0.4445 | Val Sens: 0.9010 | Val Spec: 0.6114
Epoch 16/60 | Train Loss: 0.8472 | Val Loss: 0.7604 | Val Threshold: 0.4512 | Val Sens: 0.9010 | Val Spec: 0.6499
Saved new best model: val_specificity=0.6499
Epoch 17/60 | Train Loss: 0.8225 | Val Loss: 0.7481 | Val Threshold: 0.5073 | Val Sens: 0.9010 | Val Spec: 0.6635
Saved new best model: val_specificity=0.6635
Epoch 18/60 | Train Loss: 0.8205 | Val Loss: 0.7421 | Val Threshold: 0.5673 | Val Sens: 0.9010 | Val Spec: 0.6678
Saved new best model: val_specificity=0.6678
Epoch 19/60 | Train Loss: 0.8088 | Val Loss: 0.7573 | Val Threshold: 0.4640 | Val Sens: 0.9010 | Val Spec: 0.6311
Epoch 20/60 | Train Loss: 0.7993 | Val Loss: 0.7521 | Val Threshold: 0.4954 | Val Sens: 0.9010 | Val Spec: 0.6507
Epoch 21/60 | Train Loss: 0.7998 | Val Loss: 0.7524 | Val Threshold: 0.3794 | Val Sens: 0.9010 | Val Spec: 0.6550
Epoch 22/60 | Train Loss: 0.7901 | Val Loss: 0.7868 | Val Threshold: 0.4079 | Val Sens: 0.9010 | Val Spec: 0.6063
Epoch 23/60 | Train Loss: 0.8024 | Val Loss: 0.7547 | Val Threshold: 0.3878 | Val Sens: 0.9010 | Val Spec: 0.6294
Epoch 24/60 | Train Loss: 0.7885 | Val Loss: 0.7126 | Val Threshold: 0.5122 | Val Sens: 0.9010 | Val Spec: 0.6618
Epoch 25/60 | Train Loss: 0.7843 | Val Loss: 0.7440 | Val Threshold: 0.4573 | Val Sens: 0.9010 | Val Spec: 0.6379
Epoch 26/60 | Train Loss: 0.7898 | Val Loss: 0.7104 | Val Threshold: 0.4224 | Val Sens: 0.9010 | Val Spec: 0.6627
Epoch 27/60 | Train Loss: 0.7827 | Val Loss: 0.7142 | Val Threshold: 0.4295 | Val Sens: 0.9010 | Val Spec: 0.6601
Epoch 28/60 | Train Loss: 0.7838 | Val Loss: 0.7194 | Val Threshold: 0.4854 | Val Sens: 0.9010 | Val Spec: 0.6678
Epoch 29/60 | Train Loss: 0.7688 | Val Loss: 0.7330 | Val Threshold: 0.4253 | Val Sens: 0.9010 | Val Spec: 0.6516
Epoch 30/60 | Train Loss: 0.7741 | Val Loss: 0.6833 | Val Threshold: 0.4835 | Val Sens: 0.9010 | Val Spec: 0.7037
Saved new best model: val_specificity=0.7037
Epoch 31/60 | Train Loss: 0.7747 | Val Loss: 0.7118 | Val Threshold: 0.5164 | Val Sens: 0.9010 | Val Spec: 0.6584
Epoch 32/60 | Train Loss: 0.7773 | Val Loss: 0.7108 | Val Threshold: 0.4808 | Val Sens: 0.9010 | Val Spec: 0.6576
Epoch 33/60 | Train Loss: 0.7571 | Val Loss: 0.7523 | Val Threshold: 0.4155 | Val Sens: 0.9010 | Val Spec: 0.6336
Epoch 34/60 | Train Loss: 0.7564 | Val Loss: 0.7835 | Val Threshold: 0.3072 | Val Sens: 0.9010 | Val Spec: 0.6413
Epoch 35/60 | Train Loss: 0.7645 | Val Loss: 0.7143 | Val Threshold: 0.5033 | Val Sens: 0.9010 | Val Spec: 0.6533
Epoch 36/60 | Train Loss: 0.7531 | Val Loss: 0.6913 | Val Threshold: 0.4758 | Val Sens: 0.9010 | Val Spec: 0.6695
Epoch 37/60 | Train Loss: 0.7513 | Val Loss: 0.6853 | Val Threshold: 0.4944 | Val Sens: 0.9010 | Val Spec: 0.6695
Epoch 38/60 | Train Loss: 0.7286 | Val Loss: 0.6740 | Val Threshold: 0.4160 | Val Sens: 0.9010 | Val Spec: 0.7003
Epoch 39/60 | Train Loss: 0.7359 | Val Loss: 0.6864 | Val Threshold: 0.4946 | Val Sens: 0.9010 | Val Spec: 0.6815
Epoch 40/60 | Train Loss: 0.7459 | Val Loss: 0.6776 | Val Threshold: 0.4536 | Val Sens: 0.9010 | Val Spec: 0.6900
Epoch 41/60 | Train Loss: 0.7416 | Val Loss: 0.6767 | Val Threshold: 0.4931 | Val Sens: 0.9010 | Val Spec: 0.7003
Epoch 42/60 | Train Loss: 0.7251 | Val Loss: 0.6891 | Val Threshold: 0.4178 | Val Sens: 0.9010 | Val Spec: 0.6729
Epoch 43/60 | Train Loss: 0.7343 | Val Loss: 0.6914 | Val Threshold: 0.5281 | Val Sens: 0.9010 | Val Spec: 0.7088
Saved new best model: val_specificity=0.7088
Epoch 44/60 | Train Loss: 0.7302 | Val Loss: 0.6770 | Val Threshold: 0.4832 | Val Sens: 0.9010 | Val Spec: 0.6951
Epoch 45/60 | Train Loss: 0.7331 | Val Loss: 0.6757 | Val Threshold: 0.4956 | Val Sens: 0.9010 | Val Spec: 0.7028
Epoch 46/60 | Train Loss: 0.7321 | Val Loss: 0.6879 | Val Threshold: 0.5201 | Val Sens: 0.9010 | Val Spec: 0.6840
Epoch 47/60 | Train Loss: 0.7170 | Val Loss: 0.6721 | Val Threshold: 0.4309 | Val Sens: 0.9010 | Val Spec: 0.6977
Epoch 48/60 | Train Loss: 0.7158 | Val Loss: 0.6790 | Val Threshold: 0.4996 | Val Sens: 0.9010 | Val Spec: 0.6909
Epoch 49/60 | Train Loss: 0.7039 | Val Loss: 0.6844 | Val Threshold: 0.5046 | Val Sens: 0.9010 | Val Spec: 0.6892
Epoch 50/60 | Train Loss: 0.7104 | Val Loss: 0.6767 | Val Threshold: 0.4835 | Val Sens: 0.9010 | Val Spec: 0.7062
Epoch 51/60 | Train Loss: 0.7161 | Val Loss: 0.6685 | Val Threshold: 0.4713 | Val Sens: 0.9010 | Val Spec: 0.7003
Epoch 52/60 | Train Loss: 0.7134 | Val Loss: 0.6661 | Val Threshold: 0.4808 | Val Sens: 0.9010 | Val Spec: 0.7122
Saved new best model: val_specificity=0.7122
Epoch 53/60 | Train Loss: 0.7017 | Val Loss: 0.6772 | Val Threshold: 0.4307 | Val Sens: 0.9010 | Val Spec: 0.6934
Epoch 54/60 | Train Loss: 0.7107 | Val Loss: 0.6724 | Val Threshold: 0.4603 | Val Sens: 0.9010 | Val Spec: 0.7003
Epoch 55/60 | Train Loss: 0.7074 | Val Loss: 0.6632 | Val Threshold: 0.4426 | Val Sens: 0.9010 | Val Spec: 0.6926
Epoch 56/60 | Train Loss: 0.7023 | Val Loss: 0.6649 | Val Threshold: 0.4378 | Val Sens: 0.9010 | Val Spec: 0.6960
Epoch 57/60 | Train Loss: 0.7123 | Val Loss: 0.6637 | Val Threshold: 0.4434 | Val Sens: 0.9010 | Val Spec: 0.7011
Epoch 58/60 | Train Loss: 0.7116 | Val Loss: 0.6642 | Val Threshold: 0.4429 | Val Sens: 0.9010 | Val Spec: 0.6994
Epoch 59/60 | Train Loss: 0.7103 | Val Loss: 0.6642 | Val Threshold: 0.4440 | Val Sens: 0.9010 | Val Spec: 0.6994
Epoch 60/60 | Train Loss: 0.7070 | Val Loss: 0.6642 | Val Threshold: 0.4440 | Val Sens: 0.9010 | Val Spec: 0.6977
Validation threshold: 0.4808
Validation sensitivity: 0.9010
Validation specificity: 0.7122
Test Loss: 0.6840
Test Accuracy: 0.7493
Test Precision: 0.4349
Test Sensitivity: 0.8430
Test Specificity: 0.7259
Test F1: 0.5738
Test Balanced Acc: 0.7844
Threshold: 0.4808
Saved predictions to /ocean/projects/mth250011p/troemer/skin-lesions/preds/vit_test_predictions.csv
Saved metrics to /ocean/projects/mth250011p/troemer/skin-lesions/metrics/vit_test_metrics.csv
Job finished on Mon May 11 02:41:20 EDT 2026
