Log directory: /ocean/projects/mth250011p/troemer/skin-lesions/logs/create_lesion_white_data-40738557
Job started on Mon May 11 01:46:51 EDT 2026
Running on node: w005.ib.bridges2.psc.edu
Working directory: /ocean/projects/mth250011p/troemer/skin-lesions
Python location: /jet/home/troemer/.conda/envs/stat214/bin/python
Python version: Python 3.14.3
Creating HAM10000 lesion-white data
Created lesion-white images: 9758
Missing original images: 0
Missing masks: 0
Output folder: /ocean/projects/mth250011p/troemer/skin-lesions/data/lesion-white-images
Saved metadata: /ocean/projects/mth250011p/troemer/skin-lesions/data/lesion-white-images/metadata.csv
Creating PAD-UFES-20 lesion-white data
CUDA available: True
GPU: NVIDIA H100 80GB HBM3
Loaded segmentation model: /ocean/projects/mth250011p/troemer/skin-lesions/models/segmentation_deeplabv3_resnet50.pth
Input metadata: /ocean/projects/mth250011p/troemer/skin-lesions/data/pad-ufes-20-images/metadata.csv
Created PAD lesion-white images: 2106
Missing prepared PAD images: 0
Output folder: /ocean/projects/mth250011p/troemer/skin-lesions/data/pad-ufes-20-lesion-white-images
Saved metadata: /ocean/projects/mth250011p/troemer/skin-lesions/data/pad-ufes-20-lesion-white-images/metadata.csv
Job finished on Mon May 11 01:50:57 EDT 2026
