Log directory: /ocean/projects/mth250011p/troemer/skin-lesions/logs/evaluate_pad_ufes20_lesion_white_models-40738568
Job started on Mon May 11 03:49:32 EDT 2026
Running on node: w005.ib.bridges2.psc.edu
Working directory: /ocean/projects/mth250011p/troemer/skin-lesions
Python location: /jet/home/troemer/.conda/envs/stat214/bin/python
Python version: Python 3.14.3
Found PAD-UFES-20 lesion_white: 2106
Missing PAD image paths before filtering: 0
Missing PAD image files before filtering: 0
PAD dx counts:
dx
akiec    730
bcc      845
bkl      235
mel       52
nv       244
Name: count, dtype: int64
PAD binary counts:
binary_class
benign        479
malignant    1627
Name: count, dtype: int64
CUDA available: True
GPU: NVIDIA H100 80GB HBM3
Evaluating basic_cnn_lesion_white
basic_cnn_lesion_white sensitivity: 0.5046 | specificity: 0.8685 | threshold: 0.3992
WARNING: basic_cnn_lesion_white sensitivity is below target 0.90 on PAD-UFES-20 lesion_white.
Saved predictions to /ocean/projects/mth250011p/troemer/skin-lesions/preds/pad_ufes_20_lesion_white_basic_cnn_lesion_white_predictions.csv
Saved metrics to /ocean/projects/mth250011p/troemer/skin-lesions/metrics/pad_ufes_20_lesion_white_basic_cnn_lesion_white_metrics.csv
Evaluating vit_lesion_white
vit_lesion_white sensitivity: 0.7462 | specificity: 0.4760 | threshold: 0.3910
WARNING: vit_lesion_white sensitivity is below target 0.90 on PAD-UFES-20 lesion_white.
Saved predictions to /ocean/projects/mth250011p/troemer/skin-lesions/preds/pad_ufes_20_lesion_white_vit_lesion_white_predictions.csv
Saved metrics to /ocean/projects/mth250011p/troemer/skin-lesions/metrics/pad_ufes_20_lesion_white_vit_lesion_white_metrics.csv
Evaluating resnet_lesion_white
resnet_lesion_white sensitivity: 0.5034 | specificity: 0.8351 | threshold: 0.4300
WARNING: resnet_lesion_white sensitivity is below target 0.90 on PAD-UFES-20 lesion_white.
Saved predictions to /ocean/projects/mth250011p/troemer/skin-lesions/preds/pad_ufes_20_lesion_white_resnet_lesion_white_predictions.csv
Saved metrics to /ocean/projects/mth250011p/troemer/skin-lesions/metrics/pad_ufes_20_lesion_white_resnet_lesion_white_metrics.csv
Evaluating pretrained_resnet50_lesion_white
pretrained_resnet50_lesion_white sensitivity: 0.6693 | specificity: 0.6221 | threshold: 0.3111
WARNING: pretrained_resnet50_lesion_white sensitivity is below target 0.90 on PAD-UFES-20 lesion_white.
Saved predictions to /ocean/projects/mth250011p/troemer/skin-lesions/preds/pad_ufes_20_lesion_white_pretrained_resnet50_lesion_white_predictions.csv
Saved metrics to /ocean/projects/mth250011p/troemer/skin-lesions/metrics/pad_ufes_20_lesion_white_pretrained_resnet50_lesion_white_metrics.csv
Evaluating lesion_white ensemble
Ensemble HAM validation sensitivity: 0.9010 | specificity: 0.7310 | threshold: 0.4089
ensemble sensitivity: 0.6349 | specificity: 0.7808 | threshold: 0.4089
WARNING: ensemble sensitivity is below target 0.90 on PAD-UFES-20 lesion_white.
Saved predictions to /ocean/projects/mth250011p/troemer/skin-lesions/preds/pad_ufes_20_lesion_white_ensemble_predictions.csv
Saved metrics to /ocean/projects/mth250011p/troemer/skin-lesions/metrics/pad_ufes_20_lesion_white_ensemble_metrics.csv
Job finished on Mon May 11 03:51:58 EDT 2026
