Log directory: /ocean/projects/mth250011p/troemer/skin-lesions/logs/train_ham10000_lesion_white_resnet-40738564
Job started on Mon May 11 02:32:04 EDT 2026
Running on node: v004.ib.bridges2.psc.edu
Working directory: /ocean/projects/mth250011p/troemer/skin-lesions
Python location: /jet/home/troemer/.conda/envs/stat214/bin/python
Python version: Python 3.14.3
train examples found: 6830
train missing images: 0
val examples found: 1464
val missing images: 0
test examples found: 1464
test missing images: 0
Train counts:
dx
akiec     229
bcc       360
bkl       769
mel       779
nv       4693
Name: count, dtype: int64
Binary train counts:
binary_class
benign       5462
malignant    1368
Name: count, dtype: int64
BCE pos_weight (negatives / positives): 3.9927
CUDA available: True
GPU: Tesla V100-SXM2-32GB
Trainable parameters: 2795297
Epoch 1/60 | Train Loss: 1.0050 | Val Loss: 0.8948 | Val Threshold: 0.4323 | Val Sens: 0.9010 | Val Spec: 0.5354
Saved new best model: val_specificity=0.5354
Epoch 2/60 | Train Loss: 0.9577 | Val Loss: 0.8667 | Val Threshold: 0.3625 | Val Sens: 0.9010 | Val Spec: 0.5252
Epoch 3/60 | Train Loss: 0.9464 | Val Loss: 0.9271 | Val Threshold: 0.3393 | Val Sens: 0.9010 | Val Spec: 0.5013
Epoch 4/60 | Train Loss: 0.9295 | Val Loss: 0.8482 | Val Threshold: 0.3964 | Val Sens: 0.9010 | Val Spec: 0.5705
Saved new best model: val_specificity=0.5705
Epoch 5/60 | Train Loss: 0.9149 | Val Loss: 0.8298 | Val Threshold: 0.4527 | Val Sens: 0.9010 | Val Spec: 0.5790
Saved new best model: val_specificity=0.5790
Epoch 6/60 | Train Loss: 0.8951 | Val Loss: 0.8046 | Val Threshold: 0.4891 | Val Sens: 0.9010 | Val Spec: 0.5927
Saved new best model: val_specificity=0.5927
Epoch 7/60 | Train Loss: 0.8914 | Val Loss: 0.8219 | Val Threshold: 0.4914 | Val Sens: 0.9010 | Val Spec: 0.5944
Saved new best model: val_specificity=0.5944
Epoch 8/60 | Train Loss: 0.8782 | Val Loss: 0.8023 | Val Threshold: 0.4142 | Val Sens: 0.9010 | Val Spec: 0.5884
Epoch 9/60 | Train Loss: 0.8666 | Val Loss: 0.8062 | Val Threshold: 0.4647 | Val Sens: 0.9010 | Val Spec: 0.6029
Saved new best model: val_specificity=0.6029
Epoch 10/60 | Train Loss: 0.8746 | Val Loss: 1.2159 | Val Threshold: 0.1002 | Val Sens: 0.9010 | Val Spec: 0.5107
Epoch 11/60 | Train Loss: 0.8659 | Val Loss: 0.8031 | Val Threshold: 0.5206 | Val Sens: 0.9010 | Val Spec: 0.6089
Saved new best model: val_specificity=0.6089
Epoch 12/60 | Train Loss: 0.8570 | Val Loss: 0.8043 | Val Threshold: 0.4550 | Val Sens: 0.9010 | Val Spec: 0.5918
Epoch 13/60 | Train Loss: 0.8477 | Val Loss: 0.8954 | Val Threshold: 0.4877 | Val Sens: 0.9010 | Val Spec: 0.5440
Epoch 14/60 | Train Loss: 0.8587 | Val Loss: 0.8059 | Val Threshold: 0.4603 | Val Sens: 0.9010 | Val Spec: 0.6020
Epoch 15/60 | Train Loss: 0.8379 | Val Loss: 0.7938 | Val Threshold: 0.4580 | Val Sens: 0.9010 | Val Spec: 0.5927
Epoch 16/60 | Train Loss: 0.8354 | Val Loss: 0.7842 | Val Threshold: 0.5086 | Val Sens: 0.9010 | Val Spec: 0.6114
Saved new best model: val_specificity=0.6114
Epoch 17/60 | Train Loss: 0.8361 | Val Loss: 0.8194 | Val Threshold: 0.4298 | Val Sens: 0.9044 | Val Spec: 0.5235
Epoch 18/60 | Train Loss: 0.8391 | Val Loss: 0.9210 | Val Threshold: 0.5059 | Val Sens: 0.9010 | Val Spec: 0.5175
Epoch 19/60 | Train Loss: 0.8335 | Val Loss: 0.7679 | Val Threshold: 0.4403 | Val Sens: 0.9010 | Val Spec: 0.5986
Epoch 20/60 | Train Loss: 0.8102 | Val Loss: 0.7695 | Val Threshold: 0.4481 | Val Sens: 0.9010 | Val Spec: 0.5901
Epoch 21/60 | Train Loss: 0.8239 | Val Loss: 0.7704 | Val Threshold: 0.4250 | Val Sens: 0.9010 | Val Spec: 0.6029
Epoch 22/60 | Train Loss: 0.8097 | Val Loss: 0.7645 | Val Threshold: 0.3990 | Val Sens: 0.9010 | Val Spec: 0.6217
Saved new best model: val_specificity=0.6217
Epoch 23/60 | Train Loss: 0.7986 | Val Loss: 0.7820 | Val Threshold: 0.4353 | Val Sens: 0.9010 | Val Spec: 0.5850
Epoch 24/60 | Train Loss: 0.7965 | Val Loss: 0.7728 | Val Threshold: 0.4497 | Val Sens: 0.9010 | Val Spec: 0.6029
Epoch 25/60 | Train Loss: 0.7949 | Val Loss: 0.7468 | Val Threshold: 0.4801 | Val Sens: 0.9010 | Val Spec: 0.6200
Epoch 26/60 | Train Loss: 0.7789 | Val Loss: 0.7803 | Val Threshold: 0.5097 | Val Sens: 0.9010 | Val Spec: 0.6157
Epoch 27/60 | Train Loss: 0.7828 | Val Loss: 0.7462 | Val Threshold: 0.4252 | Val Sens: 0.9010 | Val Spec: 0.6388
Saved new best model: val_specificity=0.6388
Epoch 28/60 | Train Loss: 0.7855 | Val Loss: 0.7359 | Val Threshold: 0.4684 | Val Sens: 0.9010 | Val Spec: 0.6456
Saved new best model: val_specificity=0.6456
Epoch 29/60 | Train Loss: 0.7843 | Val Loss: 0.7884 | Val Threshold: 0.3651 | Val Sens: 0.9010 | Val Spec: 0.6260
Epoch 30/60 | Train Loss: 0.7742 | Val Loss: 0.7984 | Val Threshold: 0.5485 | Val Sens: 0.9010 | Val Spec: 0.6200
Epoch 31/60 | Train Loss: 0.7631 | Val Loss: 0.7453 | Val Threshold: 0.4570 | Val Sens: 0.9010 | Val Spec: 0.6516
Saved new best model: val_specificity=0.6516
Epoch 32/60 | Train Loss: 0.7699 | Val Loss: 0.7409 | Val Threshold: 0.4071 | Val Sens: 0.9010 | Val Spec: 0.6285
Epoch 33/60 | Train Loss: 0.7737 | Val Loss: 0.7521 | Val Threshold: 0.3845 | Val Sens: 0.9010 | Val Spec: 0.6020
Epoch 34/60 | Train Loss: 0.7485 | Val Loss: 0.7311 | Val Threshold: 0.3808 | Val Sens: 0.9010 | Val Spec: 0.6473
Epoch 35/60 | Train Loss: 0.7674 | Val Loss: 0.7490 | Val Threshold: 0.4030 | Val Sens: 0.9010 | Val Spec: 0.6388
Epoch 36/60 | Train Loss: 0.7481 | Val Loss: 0.7260 | Val Threshold: 0.4286 | Val Sens: 0.9010 | Val Spec: 0.6396
Epoch 37/60 | Train Loss: 0.7498 | Val Loss: 0.7410 | Val Threshold: 0.3552 | Val Sens: 0.9010 | Val Spec: 0.6430
Epoch 38/60 | Train Loss: 0.7397 | Val Loss: 0.7660 | Val Threshold: 0.3526 | Val Sens: 0.9010 | Val Spec: 0.6029
Epoch 39/60 | Train Loss: 0.7372 | Val Loss: 0.7987 | Val Threshold: 0.3109 | Val Sens: 0.9010 | Val Spec: 0.6208
Epoch 40/60 | Train Loss: 0.7297 | Val Loss: 0.7127 | Val Threshold: 0.4300 | Val Sens: 0.9010 | Val Spec: 0.6644
Saved new best model: val_specificity=0.6644
Epoch 41/60 | Train Loss: 0.7366 | Val Loss: 0.7555 | Val Threshold: 0.3575 | Val Sens: 0.9010 | Val Spec: 0.6225
Epoch 42/60 | Train Loss: 0.7261 | Val Loss: 0.7595 | Val Threshold: 0.3492 | Val Sens: 0.9010 | Val Spec: 0.6465
Epoch 43/60 | Train Loss: 0.7345 | Val Loss: 0.7463 | Val Threshold: 0.3565 | Val Sens: 0.9010 | Val Spec: 0.6447
Epoch 44/60 | Train Loss: 0.7243 | Val Loss: 0.7233 | Val Threshold: 0.3822 | Val Sens: 0.9010 | Val Spec: 0.6396
Epoch 45/60 | Train Loss: 0.7276 | Val Loss: 0.7562 | Val Threshold: 0.3501 | Val Sens: 0.9010 | Val Spec: 0.6225
Epoch 46/60 | Train Loss: 0.7129 | Val Loss: 0.7277 | Val Threshold: 0.3650 | Val Sens: 0.9010 | Val Spec: 0.6336
Epoch 47/60 | Train Loss: 0.7147 | Val Loss: 0.7169 | Val Threshold: 0.4337 | Val Sens: 0.9010 | Val Spec: 0.6439
Epoch 48/60 | Train Loss: 0.7107 | Val Loss: 0.7445 | Val Threshold: 0.3208 | Val Sens: 0.9010 | Val Spec: 0.6388
Epoch 49/60 | Train Loss: 0.7137 | Val Loss: 0.7151 | Val Threshold: 0.3681 | Val Sens: 0.9010 | Val Spec: 0.6507
Epoch 50/60 | Train Loss: 0.6993 | Val Loss: 0.7114 | Val Threshold: 0.3984 | Val Sens: 0.9010 | Val Spec: 0.6234
Epoch 51/60 | Train Loss: 0.7159 | Val Loss: 0.7419 | Val Threshold: 0.3630 | Val Sens: 0.9010 | Val Spec: 0.6533
Epoch 52/60 | Train Loss: 0.7103 | Val Loss: 0.7203 | Val Threshold: 0.3759 | Val Sens: 0.9010 | Val Spec: 0.6362
Epoch 53/60 | Train Loss: 0.6999 | Val Loss: 0.7158 | Val Threshold: 0.3934 | Val Sens: 0.9010 | Val Spec: 0.6490
Epoch 54/60 | Train Loss: 0.7009 | Val Loss: 0.7179 | Val Threshold: 0.3879 | Val Sens: 0.9010 | Val Spec: 0.6567
Epoch 55/60 | Train Loss: 0.6987 | Val Loss: 0.7198 | Val Threshold: 0.3703 | Val Sens: 0.9010 | Val Spec: 0.6482
Epoch 56/60 | Train Loss: 0.7107 | Val Loss: 0.7165 | Val Threshold: 0.3663 | Val Sens: 0.9010 | Val Spec: 0.6516
Epoch 57/60 | Train Loss: 0.6991 | Val Loss: 0.7166 | Val Threshold: 0.3566 | Val Sens: 0.9010 | Val Spec: 0.6465
Epoch 58/60 | Train Loss: 0.6997 | Val Loss: 0.7172 | Val Threshold: 0.3702 | Val Sens: 0.9010 | Val Spec: 0.6465
Epoch 59/60 | Train Loss: 0.6936 | Val Loss: 0.7237 | Val Threshold: 0.3547 | Val Sens: 0.9010 | Val Spec: 0.6465
Epoch 60/60 | Train Loss: 0.7003 | Val Loss: 0.7093 | Val Threshold: 0.3764 | Val Sens: 0.9010 | Val Spec: 0.6524
Early stopping triggered after 60 epochs.
Validation threshold: 0.4300
Validation sensitivity: 0.9010
Validation specificity: 0.6644
Test Loss: 0.6641
Test Accuracy: 0.7206
Test Precision: 0.4108
Test Sensitivity: 0.9113
Test Specificity: 0.6729
Test F1: 0.5663
Test Balanced Acc: 0.7921
Threshold: 0.4300
Saved predictions to /ocean/projects/mth250011p/troemer/skin-lesions/preds/resnet_lesion_white_test_predictions.csv
Saved metrics to /ocean/projects/mth250011p/troemer/skin-lesions/metrics/resnet_lesion_white_test_metrics.csv
Job finished on Mon May 11 03:46:48 EDT 2026
