Log directory: /ocean/projects/mth250011p/troemer/skin-lesions/logs/train_ham10000_full_image_pretrained_resnet50-40738561
Job started on Mon May 11 02:21:30 EDT 2026
Running on node: w005.ib.bridges2.psc.edu
Working directory: /ocean/projects/mth250011p/troemer/skin-lesions
Python location: /jet/home/troemer/.conda/envs/stat214/bin/python
Python version: Python 3.14.3
train examples found: 6830
train missing images: 0
val examples found: 1464
val missing images: 0
test examples found: 1464
test missing images: 0
Train counts:
dx
akiec     229
bcc       360
bkl       769
mel       779
nv       4693
Name: count, dtype: int64
Binary train counts:
binary_class
benign       5462
malignant    1368
Name: count, dtype: int64
BCE pos_weight (negatives / positives): 3.9927
CUDA available: True
GPU: NVIDIA H100 80GB HBM3
Trainable parameters: 2049
Epoch 1/60 | Train Loss: 0.8694 | Val Loss: 0.8053 | Val Threshold: 0.5672 | Val Sens: 0.9010 | Val Spec: 0.6857
Saved new best model: val_specificity=0.6857
Epoch 2/60 | Train Loss: 0.7658 | Val Loss: 0.7557 | Val Threshold: 0.5143 | Val Sens: 0.9010 | Val Spec: 0.6678
Epoch 3/60 | Train Loss: 0.7412 | Val Loss: 0.7426 | Val Threshold: 0.5302 | Val Sens: 0.9010 | Val Spec: 0.6892
Saved new best model: val_specificity=0.6892
Epoch 4/60 | Train Loss: 0.7212 | Val Loss: 0.7072 | Val Threshold: 0.4855 | Val Sens: 0.9010 | Val Spec: 0.7062
Saved new best model: val_specificity=0.7062
Epoch 5/60 | Train Loss: 0.7109 | Val Loss: 0.6974 | Val Threshold: 0.4958 | Val Sens: 0.9010 | Val Spec: 0.7028
Unfroze pretrained ResNet50 layer4 at epoch 6.
Epoch 6/60 | Train Loss: 0.6889 | Val Loss: 0.6459 | Val Threshold: 0.4784 | Val Sens: 0.9010 | Val Spec: 0.7267
Saved new best model: val_specificity=0.7267
Epoch 7/60 | Train Loss: 0.6598 | Val Loss: 0.6081 | Val Threshold: 0.4488 | Val Sens: 0.9010 | Val Spec: 0.7430
Saved new best model: val_specificity=0.7430
Epoch 8/60 | Train Loss: 0.6139 | Val Loss: 0.5994 | Val Threshold: 0.5333 | Val Sens: 0.9010 | Val Spec: 0.7498
Saved new best model: val_specificity=0.7498
Epoch 9/60 | Train Loss: 0.5954 | Val Loss: 0.5784 | Val Threshold: 0.3712 | Val Sens: 0.9010 | Val Spec: 0.7498
Epoch 10/60 | Train Loss: 0.5845 | Val Loss: 0.5557 | Val Threshold: 0.4061 | Val Sens: 0.9010 | Val Spec: 0.7874
Saved new best model: val_specificity=0.7874
Epoch 11/60 | Train Loss: 0.5625 | Val Loss: 0.5524 | Val Threshold: 0.5048 | Val Sens: 0.9010 | Val Spec: 0.7976
Saved new best model: val_specificity=0.7976
Epoch 12/60 | Train Loss: 0.5436 | Val Loss: 0.5379 | Val Threshold: 0.4942 | Val Sens: 0.9010 | Val Spec: 0.8155
Saved new best model: val_specificity=0.8155
Epoch 13/60 | Train Loss: 0.5219 | Val Loss: 0.5487 | Val Threshold: 0.4360 | Val Sens: 0.9010 | Val Spec: 0.7908
Epoch 14/60 | Train Loss: 0.5138 | Val Loss: 0.5468 | Val Threshold: 0.3712 | Val Sens: 0.9010 | Val Spec: 0.7959
Epoch 15/60 | Train Loss: 0.4897 | Val Loss: 0.5664 | Val Threshold: 0.2942 | Val Sens: 0.9010 | Val Spec: 0.7874
Epoch 16/60 | Train Loss: 0.4731 | Val Loss: 0.5454 | Val Threshold: 0.4080 | Val Sens: 0.9010 | Val Spec: 0.8104
Epoch 17/60 | Train Loss: 0.4790 | Val Loss: 0.5417 | Val Threshold: 0.3485 | Val Sens: 0.9010 | Val Spec: 0.8070
Epoch 18/60 | Train Loss: 0.4552 | Val Loss: 0.5486 | Val Threshold: 0.4389 | Val Sens: 0.9010 | Val Spec: 0.8002
Epoch 19/60 | Train Loss: 0.4536 | Val Loss: 0.5912 | Val Threshold: 0.2563 | Val Sens: 0.9010 | Val Spec: 0.7865
Epoch 20/60 | Train Loss: 0.4295 | Val Loss: 0.5492 | Val Threshold: 0.4503 | Val Sens: 0.9010 | Val Spec: 0.8053
Epoch 21/60 | Train Loss: 0.4372 | Val Loss: 0.5457 | Val Threshold: 0.3467 | Val Sens: 0.9010 | Val Spec: 0.8113
Epoch 22/60 | Train Loss: 0.4102 | Val Loss: 0.5802 | Val Threshold: 0.2745 | Val Sens: 0.9010 | Val Spec: 0.8070
Epoch 23/60 | Train Loss: 0.4025 | Val Loss: 0.5940 | Val Threshold: 0.2596 | Val Sens: 0.9010 | Val Spec: 0.7771
Epoch 24/60 | Train Loss: 0.4049 | Val Loss: 0.5918 | Val Threshold: 0.3502 | Val Sens: 0.9010 | Val Spec: 0.7848
Epoch 25/60 | Train Loss: 0.3969 | Val Loss: 0.6010 | Val Threshold: 0.2667 | Val Sens: 0.9010 | Val Spec: 0.8087
Epoch 26/60 | Train Loss: 0.3788 | Val Loss: 0.6018 | Val Threshold: 0.2532 | Val Sens: 0.9010 | Val Spec: 0.7891
Epoch 27/60 | Train Loss: 0.3757 | Val Loss: 0.6035 | Val Threshold: 0.3236 | Val Sens: 0.9010 | Val Spec: 0.7899
Epoch 28/60 | Train Loss: 0.3673 | Val Loss: 0.6412 | Val Threshold: 0.2039 | Val Sens: 0.9010 | Val Spec: 0.7771
Epoch 29/60 | Train Loss: 0.3549 | Val Loss: 0.6788 | Val Threshold: 0.1332 | Val Sens: 0.9010 | Val Spec: 0.7686
Epoch 30/60 | Train Loss: 0.3487 | Val Loss: 0.6028 | Val Threshold: 0.2831 | Val Sens: 0.9010 | Val Spec: 0.7925
Epoch 31/60 | Train Loss: 0.3315 | Val Loss: 0.7010 | Val Threshold: 0.1412 | Val Sens: 0.9010 | Val Spec: 0.7822
Epoch 32/60 | Train Loss: 0.3311 | Val Loss: 0.6643 | Val Threshold: 0.1963 | Val Sens: 0.9010 | Val Spec: 0.7822
Early stopping triggered after 32 epochs.
Validation threshold: 0.4942
Validation sensitivity: 0.9010
Validation specificity: 0.8155
Test Loss: 0.5696
Test Accuracy: 0.8210
Test Precision: 0.5333
Test Sensitivity: 0.8464
Test Specificity: 0.8147
Test F1: 0.6544
Test Balanced Acc: 0.8306
Threshold: 0.4942
Saved predictions to /ocean/projects/mth250011p/troemer/skin-lesions/preds/pretrained_resnet50_test_predictions.csv
Saved metrics to /ocean/projects/mth250011p/troemer/skin-lesions/metrics/pretrained_resnet50_test_metrics.csv
Job finished on Mon May 11 02:47:58 EDT 2026
