Log directory: /ocean/projects/mth250011p/troemer/skin-lesions/logs/submit_full_pipeline-40732280
Pipeline submitter started on Sun May 10 23:11:29 EDT 2026
Running on node: r020.ib.bridges2.psc.edu
Working directory: /ocean/projects/mth250011p/troemer/skin-lesions
Submitting full skin-lesion pipeline from /ocean/projects/mth250011p/troemer/skin-lesions
create_data: 40732281
create_lesion_white_data after 40732281: 40732282
submit_train_ham10000_full_image_cnn after 40732282: 40732283
submit_train_ham10000_full_image_vit after 40732282: 40732284
submit_train_ham10000_full_image_resnet after 40732282: 40732285
submit_train_ham10000_full_image_pretrained_resnet50 after 40732282: 40732286
submit_train_ham10000_lesion_white_cnn after 40732282: 40732287
submit_train_ham10000_lesion_white_vit after 40732282: 40732288
submit_train_ham10000_lesion_white_resnet after 40732282: 40732289
submit_train_ham10000_lesion_white_pretrained_resnet50 after 40732282: 40732290
submit_train_pad_ufes20_full_image_resnet after 40732282: 40732291
evaluate_pad_ufes20_full_image_models after all training jobs: 40732292
evaluate_pad_ufes20_lesion_white_models after all training jobs: 40732293
Pipeline submitted.
Slurm dependencies enforce: create data -> create lesion-white data -> train models -> evaluate PAD-UFES-20.
Pipeline submitter finished on Sun May 10 23:11:29 EDT 2026
