Log directory: /ocean/projects/mth250011p/troemer/skin-lesions/logs/train_ham10000_lesion_white_vit-40738563
Job started on Mon May 11 02:32:04 EDT 2026
Running on node: v011.ib.bridges2.psc.edu
Working directory: /ocean/projects/mth250011p/troemer/skin-lesions
Python location: /jet/home/troemer/.conda/envs/stat214/bin/python
Python version: Python 3.14.3
train examples found: 6830
train missing images: 0
val examples found: 1464
val missing images: 0
test examples found: 1464
test missing images: 0
Train counts:
dx
akiec     229
bcc       360
bkl       769
mel       779
nv       4693
Name: count, dtype: int64
Binary train counts:
binary_class
benign       5462
malignant    1368
Name: count, dtype: int64
BCE pos_weight (negatives / positives): 3.9927
CUDA available: True
GPU: Tesla V100-SXM2-32GB
Trainable parameters: 2043073
Epoch 1/60 | Train Loss: 1.0982 | Val Loss: 1.0487 | Val Threshold: 0.2701 | Val Sens: 0.9010 | Val Spec: 0.3655
Saved new best model: val_specificity=0.3655
Epoch 2/60 | Train Loss: 0.9970 | Val Loss: 0.9749 | Val Threshold: 0.1473 | Val Sens: 0.9010 | Val Spec: 0.5192
Saved new best model: val_specificity=0.5192
Epoch 3/60 | Train Loss: 0.9358 | Val Loss: 0.8146 | Val Threshold: 0.3954 | Val Sens: 0.9010 | Val Spec: 0.5337
Saved new best model: val_specificity=0.5337
Epoch 4/60 | Train Loss: 0.8934 | Val Loss: 0.8552 | Val Threshold: 0.4934 | Val Sens: 0.9010 | Val Spec: 0.5482
Saved new best model: val_specificity=0.5482
Epoch 5/60 | Train Loss: 0.8818 | Val Loss: 0.8692 | Val Threshold: 0.3986 | Val Sens: 0.9010 | Val Spec: 0.5098
Epoch 6/60 | Train Loss: 0.8616 | Val Loss: 0.7955 | Val Threshold: 0.3889 | Val Sens: 0.9010 | Val Spec: 0.5645
Saved new best model: val_specificity=0.5645
Epoch 7/60 | Train Loss: 0.8492 | Val Loss: 0.8429 | Val Threshold: 0.5082 | Val Sens: 0.9010 | Val Spec: 0.5952
Saved new best model: val_specificity=0.5952
Epoch 8/60 | Train Loss: 0.8555 | Val Loss: 0.7727 | Val Threshold: 0.4273 | Val Sens: 0.9010 | Val Spec: 0.5756
Epoch 9/60 | Train Loss: 0.8617 | Val Loss: 0.7921 | Val Threshold: 0.3776 | Val Sens: 0.9010 | Val Spec: 0.5431
Epoch 10/60 | Train Loss: 0.8561 | Val Loss: 0.8743 | Val Threshold: 0.4777 | Val Sens: 0.9010 | Val Spec: 0.5679
Epoch 11/60 | Train Loss: 0.8337 | Val Loss: 0.7608 | Val Threshold: 0.3610 | Val Sens: 0.9010 | Val Spec: 0.6012
Saved new best model: val_specificity=0.6012
Epoch 12/60 | Train Loss: 0.8396 | Val Loss: 0.8065 | Val Threshold: 0.2934 | Val Sens: 0.9010 | Val Spec: 0.5687
Epoch 13/60 | Train Loss: 0.8386 | Val Loss: 0.7834 | Val Threshold: 0.5027 | Val Sens: 0.9010 | Val Spec: 0.6029
Saved new best model: val_specificity=0.6029
Epoch 14/60 | Train Loss: 0.8190 | Val Loss: 0.7454 | Val Threshold: 0.4263 | Val Sens: 0.9010 | Val Spec: 0.6174
Saved new best model: val_specificity=0.6174
Epoch 15/60 | Train Loss: 0.8278 | Val Loss: 0.7541 | Val Threshold: 0.4476 | Val Sens: 0.9010 | Val Spec: 0.5892
Epoch 16/60 | Train Loss: 0.8174 | Val Loss: 0.8000 | Val Threshold: 0.4329 | Val Sens: 0.9010 | Val Spec: 0.5696
Epoch 17/60 | Train Loss: 0.8227 | Val Loss: 0.7781 | Val Threshold: 0.3384 | Val Sens: 0.9010 | Val Spec: 0.5534
Epoch 18/60 | Train Loss: 0.8235 | Val Loss: 0.7556 | Val Threshold: 0.4603 | Val Sens: 0.9010 | Val Spec: 0.6166
Epoch 19/60 | Train Loss: 0.8187 | Val Loss: 0.7924 | Val Threshold: 0.3942 | Val Sens: 0.9010 | Val Spec: 0.5679
Epoch 20/60 | Train Loss: 0.8181 | Val Loss: 0.7663 | Val Threshold: 0.4454 | Val Sens: 0.9010 | Val Spec: 0.6149
Epoch 21/60 | Train Loss: 0.8041 | Val Loss: 0.7723 | Val Threshold: 0.4641 | Val Sens: 0.9044 | Val Spec: 0.6157
Epoch 22/60 | Train Loss: 0.7920 | Val Loss: 0.7660 | Val Threshold: 0.4426 | Val Sens: 0.9010 | Val Spec: 0.6268
Saved new best model: val_specificity=0.6268
Epoch 23/60 | Train Loss: 0.8065 | Val Loss: 0.7998 | Val Threshold: 0.4395 | Val Sens: 0.9010 | Val Spec: 0.5824
Epoch 24/60 | Train Loss: 0.8049 | Val Loss: 0.7484 | Val Threshold: 0.5256 | Val Sens: 0.9010 | Val Spec: 0.6319
Saved new best model: val_specificity=0.6319
Epoch 25/60 | Train Loss: 0.7946 | Val Loss: 0.7594 | Val Threshold: 0.4724 | Val Sens: 0.9010 | Val Spec: 0.6174
Epoch 26/60 | Train Loss: 0.7968 | Val Loss: 0.7464 | Val Threshold: 0.4142 | Val Sens: 0.9010 | Val Spec: 0.6524
Saved new best model: val_specificity=0.6524
Epoch 27/60 | Train Loss: 0.7883 | Val Loss: 0.7916 | Val Threshold: 0.4833 | Val Sens: 0.9010 | Val Spec: 0.6302
Epoch 28/60 | Train Loss: 0.7925 | Val Loss: 0.7648 | Val Threshold: 0.3978 | Val Sens: 0.9010 | Val Spec: 0.6285
Epoch 29/60 | Train Loss: 0.7892 | Val Loss: 0.7639 | Val Threshold: 0.4427 | Val Sens: 0.9010 | Val Spec: 0.6106
Epoch 30/60 | Train Loss: 0.7902 | Val Loss: 0.7457 | Val Threshold: 0.4123 | Val Sens: 0.9010 | Val Spec: 0.6379
Epoch 31/60 | Train Loss: 0.7840 | Val Loss: 0.7604 | Val Threshold: 0.4510 | Val Sens: 0.9010 | Val Spec: 0.6354
Epoch 32/60 | Train Loss: 0.7817 | Val Loss: 0.7500 | Val Threshold: 0.3866 | Val Sens: 0.9113 | Val Spec: 0.6268
Epoch 33/60 | Train Loss: 0.7694 | Val Loss: 0.7261 | Val Threshold: 0.4655 | Val Sens: 0.9010 | Val Spec: 0.6678
Saved new best model: val_specificity=0.6678
Epoch 34/60 | Train Loss: 0.7730 | Val Loss: 0.7439 | Val Threshold: 0.3910 | Val Sens: 0.9010 | Val Spec: 0.6712
Saved new best model: val_specificity=0.6712
Epoch 35/60 | Train Loss: 0.7683 | Val Loss: 0.7270 | Val Threshold: 0.4001 | Val Sens: 0.9010 | Val Spec: 0.6362
Epoch 36/60 | Train Loss: 0.7788 | Val Loss: 0.7350 | Val Threshold: 0.4186 | Val Sens: 0.9010 | Val Spec: 0.6490
Epoch 37/60 | Train Loss: 0.7747 | Val Loss: 0.7398 | Val Threshold: 0.4844 | Val Sens: 0.9010 | Val Spec: 0.6302
Epoch 38/60 | Train Loss: 0.7531 | Val Loss: 0.7387 | Val Threshold: 0.4519 | Val Sens: 0.9010 | Val Spec: 0.6302
Epoch 39/60 | Train Loss: 0.7493 | Val Loss: 0.7303 | Val Threshold: 0.4075 | Val Sens: 0.9010 | Val Spec: 0.6157
Epoch 40/60 | Train Loss: 0.7575 | Val Loss: 0.7402 | Val Threshold: 0.4136 | Val Sens: 0.9010 | Val Spec: 0.6396
Epoch 41/60 | Train Loss: 0.7726 | Val Loss: 0.7480 | Val Threshold: 0.4828 | Val Sens: 0.9010 | Val Spec: 0.6439
Epoch 42/60 | Train Loss: 0.7596 | Val Loss: 0.7210 | Val Threshold: 0.4158 | Val Sens: 0.9010 | Val Spec: 0.6507
Epoch 43/60 | Train Loss: 0.7603 | Val Loss: 0.7402 | Val Threshold: 0.4185 | Val Sens: 0.9010 | Val Spec: 0.6371
Epoch 44/60 | Train Loss: 0.7588 | Val Loss: 0.7271 | Val Threshold: 0.4124 | Val Sens: 0.9010 | Val Spec: 0.6430
Epoch 45/60 | Train Loss: 0.7557 | Val Loss: 0.7438 | Val Threshold: 0.4218 | Val Sens: 0.9010 | Val Spec: 0.6285
Epoch 46/60 | Train Loss: 0.7224 | Val Loss: 0.7330 | Val Threshold: 0.4139 | Val Sens: 0.9010 | Val Spec: 0.6174
Epoch 47/60 | Train Loss: 0.7476 | Val Loss: 0.7298 | Val Threshold: 0.4081 | Val Sens: 0.9010 | Val Spec: 0.6362
Epoch 48/60 | Train Loss: 0.7404 | Val Loss: 0.7192 | Val Threshold: 0.4577 | Val Sens: 0.9010 | Val Spec: 0.6490
Epoch 49/60 | Train Loss: 0.7399 | Val Loss: 0.7205 | Val Threshold: 0.4472 | Val Sens: 0.9010 | Val Spec: 0.6456
Epoch 50/60 | Train Loss: 0.7408 | Val Loss: 0.7214 | Val Threshold: 0.4391 | Val Sens: 0.9010 | Val Spec: 0.6593
Epoch 51/60 | Train Loss: 0.7400 | Val Loss: 0.7162 | Val Threshold: 0.4367 | Val Sens: 0.9010 | Val Spec: 0.6499
Epoch 52/60 | Train Loss: 0.7498 | Val Loss: 0.7160 | Val Threshold: 0.4480 | Val Sens: 0.9010 | Val Spec: 0.6661
Epoch 53/60 | Train Loss: 0.7367 | Val Loss: 0.7189 | Val Threshold: 0.4299 | Val Sens: 0.9010 | Val Spec: 0.6618
Epoch 54/60 | Train Loss: 0.7399 | Val Loss: 0.7172 | Val Threshold: 0.4344 | Val Sens: 0.9010 | Val Spec: 0.6576
Early stopping triggered after 54 epochs.
Validation threshold: 0.3910
Validation sensitivity: 0.9010
Validation specificity: 0.6712
Test Loss: 0.7519
Test Accuracy: 0.7172
Test Precision: 0.4035
Test Sensitivity: 0.8635
Test Specificity: 0.6806
Test F1: 0.5500
Test Balanced Acc: 0.7720
Threshold: 0.3910
Saved predictions to /ocean/projects/mth250011p/troemer/skin-lesions/preds/vit_lesion_white_test_predictions.csv
Saved metrics to /ocean/projects/mth250011p/troemer/skin-lesions/metrics/vit_lesion_white_test_metrics.csv
Job finished on Mon May 11 03:28:18 EDT 2026
