Log directory: /ocean/projects/mth250011p/troemer/skin-lesions/logs/train_ham10000_lesion_white_cnn-40738562
Job started on Mon May 11 02:29:29 EDT 2026
Running on node: v010.ib.bridges2.psc.edu
Working directory: /ocean/projects/mth250011p/troemer/skin-lesions
Python location: /jet/home/troemer/.conda/envs/stat214/bin/python
Python version: Python 3.14.3
train examples found: 6830
train missing images: 0
val examples found: 1464
val missing images: 0
test examples found: 1464
test missing images: 0
Train counts:
dx
akiec     229
bcc       360
bkl       769
mel       779
nv       4693
Name: count, dtype: int64
Binary train counts:
binary_class
benign       5462
malignant    1368
Name: count, dtype: int64
BCE pos_weight (negatives / positives): 3.9927
CUDA available: True
GPU: Tesla V100-SXM2-32GB
Trainable parameters: 1239777
Epoch 1/60 | Train Loss: 1.0202 | Val Loss: 0.9225 | Val Threshold: 0.2586 | Val Sens: 0.9010 | Val Spec: 0.5602
Saved new best model: val_specificity=0.5602
Epoch 2/60 | Train Loss: 0.9448 | Val Loss: 0.8120 | Val Threshold: 0.3619 | Val Sens: 0.9010 | Val Spec: 0.5636
Saved new best model: val_specificity=0.5636
Epoch 3/60 | Train Loss: 0.9284 | Val Loss: 0.7915 | Val Threshold: 0.4144 | Val Sens: 0.9010 | Val Spec: 0.5713
Saved new best model: val_specificity=0.5713
Epoch 4/60 | Train Loss: 0.9206 | Val Loss: 0.8107 | Val Threshold: 0.3871 | Val Sens: 0.9010 | Val Spec: 0.5713
Epoch 5/60 | Train Loss: 0.9276 | Val Loss: 0.8193 | Val Threshold: 0.3185 | Val Sens: 0.9010 | Val Spec: 0.5909
Saved new best model: val_specificity=0.5909
Epoch 6/60 | Train Loss: 0.9038 | Val Loss: 0.8229 | Val Threshold: 0.3995 | Val Sens: 0.9010 | Val Spec: 0.5858
Epoch 7/60 | Train Loss: 0.9186 | Val Loss: 0.8241 | Val Threshold: 0.4577 | Val Sens: 0.9010 | Val Spec: 0.5594
Epoch 8/60 | Train Loss: 0.9044 | Val Loss: 0.8006 | Val Threshold: 0.3687 | Val Sens: 0.9010 | Val Spec: 0.5764
Epoch 9/60 | Train Loss: 0.8948 | Val Loss: 0.7913 | Val Threshold: 0.4287 | Val Sens: 0.9010 | Val Spec: 0.5918
Saved new best model: val_specificity=0.5918
Epoch 10/60 | Train Loss: 0.8978 | Val Loss: 0.7765 | Val Threshold: 0.4491 | Val Sens: 0.9010 | Val Spec: 0.6063
Saved new best model: val_specificity=0.6063
Epoch 11/60 | Train Loss: 0.8842 | Val Loss: 0.7876 | Val Threshold: 0.4260 | Val Sens: 0.9010 | Val Spec: 0.5764
Epoch 12/60 | Train Loss: 0.8678 | Val Loss: 0.7754 | Val Threshold: 0.4550 | Val Sens: 0.9010 | Val Spec: 0.6003
Epoch 13/60 | Train Loss: 0.8794 | Val Loss: 0.8370 | Val Threshold: 0.4967 | Val Sens: 0.9010 | Val Spec: 0.5986
Epoch 14/60 | Train Loss: 0.8607 | Val Loss: 0.7751 | Val Threshold: 0.3480 | Val Sens: 0.9010 | Val Spec: 0.5969
Epoch 15/60 | Train Loss: 0.8551 | Val Loss: 0.7979 | Val Threshold: 0.5805 | Val Sens: 0.9010 | Val Spec: 0.6285
Saved new best model: val_specificity=0.6285
Epoch 16/60 | Train Loss: 0.8559 | Val Loss: 0.7631 | Val Threshold: 0.4662 | Val Sens: 0.9010 | Val Spec: 0.5850
Epoch 17/60 | Train Loss: 0.8376 | Val Loss: 0.7738 | Val Threshold: 0.4224 | Val Sens: 0.9010 | Val Spec: 0.6311
Saved new best model: val_specificity=0.6311
Epoch 18/60 | Train Loss: 0.8517 | Val Loss: 0.7583 | Val Threshold: 0.3520 | Val Sens: 0.9010 | Val Spec: 0.6114
Epoch 19/60 | Train Loss: 0.8325 | Val Loss: 0.7507 | Val Threshold: 0.4248 | Val Sens: 0.9010 | Val Spec: 0.6114
Epoch 20/60 | Train Loss: 0.8331 | Val Loss: 0.7605 | Val Threshold: 0.4626 | Val Sens: 0.9010 | Val Spec: 0.6132
Epoch 21/60 | Train Loss: 0.8321 | Val Loss: 0.7584 | Val Threshold: 0.4837 | Val Sens: 0.9010 | Val Spec: 0.6294
Epoch 22/60 | Train Loss: 0.8187 | Val Loss: 0.7561 | Val Threshold: 0.4460 | Val Sens: 0.9010 | Val Spec: 0.6413
Saved new best model: val_specificity=0.6413
Epoch 23/60 | Train Loss: 0.8062 | Val Loss: 0.7471 | Val Threshold: 0.4629 | Val Sens: 0.9010 | Val Spec: 0.6260
Epoch 24/60 | Train Loss: 0.8293 | Val Loss: 0.7706 | Val Threshold: 0.3871 | Val Sens: 0.9010 | Val Spec: 0.6328
Epoch 25/60 | Train Loss: 0.8080 | Val Loss: 0.7286 | Val Threshold: 0.4751 | Val Sens: 0.9010 | Val Spec: 0.6413
Epoch 26/60 | Train Loss: 0.8131 | Val Loss: 0.7429 | Val Threshold: 0.4970 | Val Sens: 0.9010 | Val Spec: 0.6285
Epoch 27/60 | Train Loss: 0.7932 | Val Loss: 0.7416 | Val Threshold: 0.3943 | Val Sens: 0.9010 | Val Spec: 0.6123
Epoch 28/60 | Train Loss: 0.7989 | Val Loss: 0.7644 | Val Threshold: 0.4492 | Val Sens: 0.9010 | Val Spec: 0.6106
Epoch 29/60 | Train Loss: 0.8124 | Val Loss: 0.7566 | Val Threshold: 0.4063 | Val Sens: 0.9010 | Val Spec: 0.6328
Epoch 30/60 | Train Loss: 0.7919 | Val Loss: 0.7363 | Val Threshold: 0.4081 | Val Sens: 0.9010 | Val Spec: 0.6388
Epoch 31/60 | Train Loss: 0.7747 | Val Loss: 0.7164 | Val Threshold: 0.4128 | Val Sens: 0.9010 | Val Spec: 0.6473
Saved new best model: val_specificity=0.6473
Epoch 32/60 | Train Loss: 0.7781 | Val Loss: 0.7287 | Val Threshold: 0.4424 | Val Sens: 0.9010 | Val Spec: 0.6311
Epoch 33/60 | Train Loss: 0.7878 | Val Loss: 0.7365 | Val Threshold: 0.4516 | Val Sens: 0.9010 | Val Spec: 0.6217
Epoch 34/60 | Train Loss: 0.7871 | Val Loss: 0.7233 | Val Threshold: 0.4492 | Val Sens: 0.9010 | Val Spec: 0.6490
Saved new best model: val_specificity=0.6490
Epoch 35/60 | Train Loss: 0.7956 | Val Loss: 0.7382 | Val Threshold: 0.3672 | Val Sens: 0.9010 | Val Spec: 0.6388
Epoch 36/60 | Train Loss: 0.7724 | Val Loss: 0.7190 | Val Threshold: 0.3950 | Val Sens: 0.9010 | Val Spec: 0.6371
Epoch 37/60 | Train Loss: 0.7796 | Val Loss: 0.7109 | Val Threshold: 0.3787 | Val Sens: 0.9010 | Val Spec: 0.6413
Epoch 38/60 | Train Loss: 0.7781 | Val Loss: 0.7204 | Val Threshold: 0.3913 | Val Sens: 0.9010 | Val Spec: 0.6362
Epoch 39/60 | Train Loss: 0.7798 | Val Loss: 0.7081 | Val Threshold: 0.3956 | Val Sens: 0.9010 | Val Spec: 0.6533
Saved new best model: val_specificity=0.6533
Epoch 40/60 | Train Loss: 0.7653 | Val Loss: 0.7100 | Val Threshold: 0.4537 | Val Sens: 0.9010 | Val Spec: 0.6558
Saved new best model: val_specificity=0.6558
Epoch 41/60 | Train Loss: 0.7621 | Val Loss: 0.7132 | Val Threshold: 0.4023 | Val Sens: 0.9010 | Val Spec: 0.6652
Saved new best model: val_specificity=0.6652
Epoch 42/60 | Train Loss: 0.7566 | Val Loss: 0.7098 | Val Threshold: 0.4043 | Val Sens: 0.9010 | Val Spec: 0.6635
Epoch 43/60 | Train Loss: 0.7551 | Val Loss: 0.7060 | Val Threshold: 0.4538 | Val Sens: 0.9010 | Val Spec: 0.6704
Saved new best model: val_specificity=0.6704
Epoch 44/60 | Train Loss: 0.7654 | Val Loss: 0.7054 | Val Threshold: 0.4113 | Val Sens: 0.9010 | Val Spec: 0.6652
Epoch 45/60 | Train Loss: 0.7634 | Val Loss: 0.6982 | Val Threshold: 0.4337 | Val Sens: 0.9010 | Val Spec: 0.6840
Saved new best model: val_specificity=0.6840
Epoch 46/60 | Train Loss: 0.7576 | Val Loss: 0.7148 | Val Threshold: 0.3866 | Val Sens: 0.9010 | Val Spec: 0.6806
Epoch 47/60 | Train Loss: 0.7398 | Val Loss: 0.7171 | Val Threshold: 0.3716 | Val Sens: 0.9010 | Val Spec: 0.6678
Epoch 48/60 | Train Loss: 0.7637 | Val Loss: 0.6977 | Val Threshold: 0.4349 | Val Sens: 0.9010 | Val Spec: 0.6746
Epoch 49/60 | Train Loss: 0.7445 | Val Loss: 0.7022 | Val Threshold: 0.4137 | Val Sens: 0.9010 | Val Spec: 0.6729
Epoch 50/60 | Train Loss: 0.7533 | Val Loss: 0.7111 | Val Threshold: 0.3897 | Val Sens: 0.9010 | Val Spec: 0.6840
Epoch 51/60 | Train Loss: 0.7528 | Val Loss: 0.7100 | Val Threshold: 0.3816 | Val Sens: 0.9010 | Val Spec: 0.6772
Epoch 52/60 | Train Loss: 0.7437 | Val Loss: 0.7068 | Val Threshold: 0.3641 | Val Sens: 0.9010 | Val Spec: 0.6729
Epoch 53/60 | Train Loss: 0.7493 | Val Loss: 0.7078 | Val Threshold: 0.3794 | Val Sens: 0.9010 | Val Spec: 0.6857
Saved new best model: val_specificity=0.6857
Epoch 54/60 | Train Loss: 0.7369 | Val Loss: 0.7059 | Val Threshold: 0.3926 | Val Sens: 0.9010 | Val Spec: 0.6866
Saved new best model: val_specificity=0.6866
Epoch 55/60 | Train Loss: 0.7680 | Val Loss: 0.6967 | Val Threshold: 0.4043 | Val Sens: 0.9010 | Val Spec: 0.6866
Epoch 56/60 | Train Loss: 0.7441 | Val Loss: 0.7023 | Val Threshold: 0.3954 | Val Sens: 0.9010 | Val Spec: 0.6832
Epoch 57/60 | Train Loss: 0.7474 | Val Loss: 0.7047 | Val Threshold: 0.3992 | Val Sens: 0.9010 | Val Spec: 0.6900
Saved new best model: val_specificity=0.6900
Epoch 58/60 | Train Loss: 0.7454 | Val Loss: 0.7112 | Val Threshold: 0.3855 | Val Sens: 0.9010 | Val Spec: 0.6866
Epoch 59/60 | Train Loss: 0.7532 | Val Loss: 0.7015 | Val Threshold: 0.4147 | Val Sens: 0.9010 | Val Spec: 0.6806
Epoch 60/60 | Train Loss: 0.7468 | Val Loss: 0.6995 | Val Threshold: 0.4134 | Val Sens: 0.9010 | Val Spec: 0.6874
Validation threshold: 0.3992
Validation sensitivity: 0.9010
Validation specificity: 0.6900
Test Loss: 0.6860
Test Accuracy: 0.7370
Test Precision: 0.4265
Test Sensitivity: 0.9113
Test Specificity: 0.6934
Test F1: 0.5811
Test Balanced Acc: 0.8023
Threshold: 0.3992
Saved predictions to /ocean/projects/mth250011p/troemer/skin-lesions/preds/basic_cnn_lesion_white_test_predictions.csv
Saved metrics to /ocean/projects/mth250011p/troemer/skin-lesions/metrics/basic_cnn_lesion_white_test_metrics.csv
Job finished on Mon May 11 03:31:44 EDT 2026
