Log directory: /ocean/projects/mth250011p/troemer/skin-lesions/logs/train_ham10000_full_image_resnet-40732285
Job started on Sun May 10 23:20:00 EDT 2026
Running on node: v010.ib.bridges2.psc.edu
Working directory: /ocean/projects/mth250011p/troemer/skin-lesions
Python location: /jet/home/troemer/.conda/envs/stat214/bin/python
Python version: Python 3.14.3
train examples found: 6830
train missing images: 0
val examples found: 1464
val missing images: 0
test examples found: 1464
test missing images: 0
Train counts:
dx
akiec     229
bcc       360
bkl       769
mel       779
nv       4693
Name: count, dtype: int64
Binary train counts:
binary_class
benign       5462
malignant    1368
Name: count, dtype: int64
BCE pos_weight (negatives / positives): 3.9927
CUDA available: True
GPU: Tesla V100-SXM2-32GB
Trainable parameters: 2795297
Epoch 1/60 | Train Loss: 1.0386 | Val Loss: 0.8950 | Val Threshold: 0.5957 | Val Sens: 0.9010 | Val Spec: 0.5115
Saved new best model: val_specificity=0.5115
Epoch 2/60 | Train Loss: 0.9796 | Val Loss: 0.8643 | Val Threshold: 0.4750 | Val Sens: 0.9010 | Val Spec: 0.5090
Epoch 3/60 | Train Loss: 0.8944 | Val Loss: 0.8904 | Val Threshold: 0.5174 | Val Sens: 0.9010 | Val Spec: 0.5141
Saved new best model: val_specificity=0.5141
Epoch 4/60 | Train Loss: 0.8900 | Val Loss: 0.8239 | Val Threshold: 0.4748 | Val Sens: 0.9010 | Val Spec: 0.5448
Saved new best model: val_specificity=0.5448
Epoch 5/60 | Train Loss: 0.8598 | Val Loss: 0.7618 | Val Threshold: 0.5620 | Val Sens: 0.9010 | Val Spec: 0.6055
Saved new best model: val_specificity=0.6055
Epoch 6/60 | Train Loss: 0.8309 | Val Loss: 0.7735 | Val Threshold: 0.5865 | Val Sens: 0.9010 | Val Spec: 0.6234
Saved new best model: val_specificity=0.6234
Epoch 7/60 | Train Loss: 0.8475 | Val Loss: 0.8506 | Val Threshold: 0.5229 | Val Sens: 0.9010 | Val Spec: 0.5713
Epoch 8/60 | Train Loss: 0.8342 | Val Loss: 0.7372 | Val Threshold: 0.5200 | Val Sens: 0.9010 | Val Spec: 0.6200
Epoch 9/60 | Train Loss: 0.8064 | Val Loss: 0.7914 | Val Threshold: 0.4474 | Val Sens: 0.9010 | Val Spec: 0.5935
Epoch 10/60 | Train Loss: 0.8029 | Val Loss: 0.7471 | Val Threshold: 0.5125 | Val Sens: 0.9010 | Val Spec: 0.6243
Saved new best model: val_specificity=0.6243
Epoch 11/60 | Train Loss: 0.8111 | Val Loss: 0.7819 | Val Threshold: 0.4693 | Val Sens: 0.9010 | Val Spec: 0.6072
Epoch 12/60 | Train Loss: 0.7971 | Val Loss: 0.7370 | Val Threshold: 0.4749 | Val Sens: 0.9010 | Val Spec: 0.6465
Saved new best model: val_specificity=0.6465
Epoch 13/60 | Train Loss: 0.7911 | Val Loss: 0.7644 | Val Threshold: 0.5279 | Val Sens: 0.9010 | Val Spec: 0.6294
Epoch 14/60 | Train Loss: 0.7928 | Val Loss: 0.7532 | Val Threshold: 0.5182 | Val Sens: 0.9010 | Val Spec: 0.6336
Epoch 15/60 | Train Loss: 0.7948 | Val Loss: 0.7510 | Val Threshold: 0.5106 | Val Sens: 0.9010 | Val Spec: 0.6217
Epoch 16/60 | Train Loss: 0.7790 | Val Loss: 0.7357 | Val Threshold: 0.4844 | Val Sens: 0.9010 | Val Spec: 0.6405
Epoch 17/60 | Train Loss: 0.7903 | Val Loss: 0.7423 | Val Threshold: 0.4925 | Val Sens: 0.9010 | Val Spec: 0.6140
Epoch 18/60 | Train Loss: 0.7843 | Val Loss: 0.7476 | Val Threshold: 0.5701 | Val Sens: 0.9010 | Val Spec: 0.6354
Epoch 19/60 | Train Loss: 0.7868 | Val Loss: 0.7422 | Val Threshold: 0.4119 | Val Sens: 0.9010 | Val Spec: 0.6268
Epoch 20/60 | Train Loss: 0.7591 | Val Loss: 0.7617 | Val Threshold: 0.5026 | Val Sens: 0.9010 | Val Spec: 0.6302
Epoch 21/60 | Train Loss: 0.7840 | Val Loss: 0.7779 | Val Threshold: 0.4858 | Val Sens: 0.9010 | Val Spec: 0.6174
Epoch 22/60 | Train Loss: 0.7877 | Val Loss: 0.7343 | Val Threshold: 0.4503 | Val Sens: 0.9010 | Val Spec: 0.6311
Epoch 23/60 | Train Loss: 0.7538 | Val Loss: 0.7415 | Val Threshold: 0.4702 | Val Sens: 0.9010 | Val Spec: 0.6388
Epoch 24/60 | Train Loss: 0.7752 | Val Loss: 0.7319 | Val Threshold: 0.3944 | Val Sens: 0.9010 | Val Spec: 0.6593
Saved new best model: val_specificity=0.6593
Epoch 25/60 | Train Loss: 0.7612 | Val Loss: 0.7470 | Val Threshold: 0.5914 | Val Sens: 0.9010 | Val Spec: 0.6576
Epoch 26/60 | Train Loss: 0.7498 | Val Loss: 0.7339 | Val Threshold: 0.4664 | Val Sens: 0.9010 | Val Spec: 0.6661
Saved new best model: val_specificity=0.6661
Epoch 27/60 | Train Loss: 0.7583 | Val Loss: 0.7220 | Val Threshold: 0.3889 | Val Sens: 0.9010 | Val Spec: 0.6541
Epoch 28/60 | Train Loss: 0.7550 | Val Loss: 0.7574 | Val Threshold: 0.5195 | Val Sens: 0.9010 | Val Spec: 0.6354
Epoch 29/60 | Train Loss: 0.7667 | Val Loss: 0.7345 | Val Threshold: 0.4213 | Val Sens: 0.9010 | Val Spec: 0.6482
Epoch 30/60 | Train Loss: 0.7474 | Val Loss: 0.7228 | Val Threshold: 0.4989 | Val Sens: 0.9010 | Val Spec: 0.6593
Epoch 31/60 | Train Loss: 0.7559 | Val Loss: 0.7265 | Val Threshold: 0.4192 | Val Sens: 0.9010 | Val Spec: 0.6413
Epoch 32/60 | Train Loss: 0.7540 | Val Loss: 0.7275 | Val Threshold: 0.4219 | Val Sens: 0.9010 | Val Spec: 0.6533
Epoch 33/60 | Train Loss: 0.7520 | Val Loss: 0.7297 | Val Threshold: 0.4356 | Val Sens: 0.9010 | Val Spec: 0.6447
Epoch 34/60 | Train Loss: 0.7397 | Val Loss: 0.7184 | Val Threshold: 0.5112 | Val Sens: 0.9010 | Val Spec: 0.6550
Epoch 35/60 | Train Loss: 0.7601 | Val Loss: 0.7184 | Val Threshold: 0.3940 | Val Sens: 0.9010 | Val Spec: 0.6362
Epoch 36/60 | Train Loss: 0.7384 | Val Loss: 0.7121 | Val Threshold: 0.4542 | Val Sens: 0.9010 | Val Spec: 0.6533
Epoch 37/60 | Train Loss: 0.7422 | Val Loss: 0.7131 | Val Threshold: 0.3890 | Val Sens: 0.9010 | Val Spec: 0.6465
Epoch 38/60 | Train Loss: 0.7283 | Val Loss: 0.7415 | Val Threshold: 0.4312 | Val Sens: 0.9010 | Val Spec: 0.6507
Epoch 39/60 | Train Loss: 0.7291 | Val Loss: 0.7546 | Val Threshold: 0.3128 | Val Sens: 0.9010 | Val Spec: 0.6430
Epoch 40/60 | Train Loss: 0.7355 | Val Loss: 0.7131 | Val Threshold: 0.4692 | Val Sens: 0.9010 | Val Spec: 0.6550
Epoch 41/60 | Train Loss: 0.7300 | Val Loss: 0.7368 | Val Threshold: 0.3292 | Val Sens: 0.9010 | Val Spec: 0.6533
Epoch 42/60 | Train Loss: 0.7242 | Val Loss: 0.7133 | Val Threshold: 0.3663 | Val Sens: 0.9010 | Val Spec: 0.6524
Epoch 43/60 | Train Loss: 0.7214 | Val Loss: 0.7384 | Val Threshold: 0.3260 | Val Sens: 0.9010 | Val Spec: 0.6635
Epoch 44/60 | Train Loss: 0.7310 | Val Loss: 0.7136 | Val Threshold: 0.3883 | Val Sens: 0.9010 | Val Spec: 0.6627
Epoch 45/60 | Train Loss: 0.7115 | Val Loss: 0.7122 | Val Threshold: 0.3833 | Val Sens: 0.9010 | Val Spec: 0.6541
Epoch 46/60 | Train Loss: 0.7035 | Val Loss: 0.7259 | Val Threshold: 0.3674 | Val Sens: 0.9010 | Val Spec: 0.6447
Early stopping triggered after 46 epochs.
Validation threshold: 0.4664
Validation sensitivity: 0.9010
Validation specificity: 0.6661
Test Loss: 0.6939
Test Accuracy: 0.7281
Test Precision: 0.4165
Test Sensitivity: 0.8942
Test Specificity: 0.6866
Test F1: 0.5683
Test Balanced Acc: 0.7904
Threshold: 0.4664
Saved predictions to /ocean/projects/mth250011p/troemer/skin-lesions/preds/resnet_test_predictions.csv
Saved metrics to /ocean/projects/mth250011p/troemer/skin-lesions/metrics/resnet_test_metrics.csv
Job finished on Mon May 11 00:18:57 EDT 2026
